generate	UNKNOWN STEP	∩╗┐2026-01-12T16:26:50.7026433Z Current runner version: '2.330.0'
generate	UNKNOWN STEP	2026-01-12T16:26:50.7090807Z ##[group]Runner Image Provisioner
generate	UNKNOWN STEP	2026-01-12T16:26:50.7092137Z Hosted Compute Agent
generate	UNKNOWN STEP	2026-01-12T16:26:50.7093264Z Version: 20251211.462
generate	UNKNOWN STEP	2026-01-12T16:26:50.7094467Z Commit: 6cbad8c2bb55d58165063d031ccabf57e2d2db61
generate	UNKNOWN STEP	2026-01-12T16:26:50.7096131Z Build Date: 2025-12-11T16:28:49Z
generate	UNKNOWN STEP	2026-01-12T16:26:50.7097366Z Worker ID: {3380353d-8228-4c3b-be14-63a8ca62b7e3}
generate	UNKNOWN STEP	2026-01-12T16:26:50.7098628Z ##[endgroup]
generate	UNKNOWN STEP	2026-01-12T16:26:50.7099757Z ##[group]Operating System
generate	UNKNOWN STEP	2026-01-12T16:26:50.7100842Z Ubuntu
generate	UNKNOWN STEP	2026-01-12T16:26:50.7101873Z 24.04.3
generate	UNKNOWN STEP	2026-01-12T16:26:50.7102783Z LTS
generate	UNKNOWN STEP	2026-01-12T16:26:50.7103720Z ##[endgroup]
generate	UNKNOWN STEP	2026-01-12T16:26:50.7104773Z ##[group]Runner Image
generate	UNKNOWN STEP	2026-01-12T16:26:50.7106019Z Image: ubuntu-24.04
generate	UNKNOWN STEP	2026-01-12T16:26:50.7107181Z Version: 20260105.202.1
generate	UNKNOWN STEP	2026-01-12T16:26:50.7109064Z Included Software: https://github.com/actions/runner-images/blob/ubuntu24/20260105.202/images/ubuntu/Ubuntu2404-Readme.md
generate	UNKNOWN STEP	2026-01-12T16:26:50.7111970Z Image Release: https://github.com/actions/runner-images/releases/tag/ubuntu24%2F20260105.202
generate	UNKNOWN STEP	2026-01-12T16:26:50.7113940Z ##[endgroup]
generate	UNKNOWN STEP	2026-01-12T16:26:50.7116371Z ##[group]GITHUB_TOKEN Permissions
generate	UNKNOWN STEP	2026-01-12T16:26:50.7119238Z Contents: read
generate	UNKNOWN STEP	2026-01-12T16:26:50.7120277Z Metadata: read
generate	UNKNOWN STEP	2026-01-12T16:26:50.7121376Z Packages: read
generate	UNKNOWN STEP	2026-01-12T16:26:50.7122395Z ##[endgroup]
generate	UNKNOWN STEP	2026-01-12T16:26:50.7125515Z Secret source: Actions
generate	UNKNOWN STEP	2026-01-12T16:26:50.7127054Z Prepare workflow directory
generate	UNKNOWN STEP	2026-01-12T16:26:50.7577423Z Prepare all required actions
generate	UNKNOWN STEP	2026-01-12T16:26:50.7632624Z Getting action download info
generate	UNKNOWN STEP	2026-01-12T16:26:51.0584351Z Download action repository 'actions/checkout@v4' (SHA:34e114876b0b11c390a56381ad16ebd13914f8d5)
generate	UNKNOWN STEP	2026-01-12T16:26:51.1873950Z Download action repository 'actions/setup-python@v5' (SHA:a26af69be951a213d495a4c3e4e4022e16d87065)
generate	UNKNOWN STEP	2026-01-12T16:26:51.2699469Z Download action repository 'actions/upload-artifact@v4' (SHA:ea165f8d65b6e75b540449e92b4886f43607fa02)
generate	UNKNOWN STEP	2026-01-12T16:26:51.4965038Z Complete job name: generate
generate	UNKNOWN STEP	2026-01-12T16:26:51.5685962Z ##[group]Run echo "v17.9.12: Checking API availability (FREE endpoints only)..."
generate	UNKNOWN STEP	2026-01-12T16:26:51.5687233Z [36;1mecho "v17.9.12: Checking API availability (FREE endpoints only)..."[0m
generate	UNKNOWN STEP	2026-01-12T16:26:51.5688087Z [36;1m[0m
generate	UNKNOWN STEP	2026-01-12T16:26:51.5688695Z [36;1m# Use model INFO endpoint (FREE - no quota cost!)[0m
generate	UNKNOWN STEP	2026-01-12T16:26:51.5689591Z [36;1m# This just checks if the API is reachable and model exists[0m
generate	UNKNOWN STEP	2026-01-12T16:26:51.5690378Z [36;1mMAX_RETRIES=3[0m
generate	UNKNOWN STEP	2026-01-12T16:26:51.5690926Z [36;1mRETRY_DELAY=30[0m
generate	UNKNOWN STEP	2026-01-12T16:26:51.5691520Z [36;1m[0m
generate	UNKNOWN STEP	2026-01-12T16:26:51.5692077Z [36;1mfor ATTEMPT in $(seq 1 $MAX_RETRIES); do[0m
generate	UNKNOWN STEP	2026-01-12T16:26:51.5692853Z [36;1m  echo "Attempt $ATTEMPT of $MAX_RETRIES..."[0m
generate	UNKNOWN STEP	2026-01-12T16:26:51.5693532Z [36;1m  [0m
generate	UNKNOWN STEP	2026-01-12T16:26:51.5694188Z [36;1m  # Check if API is reachable using FREE models list endpoint[0m
generate	UNKNOWN STEP	2026-01-12T16:26:51.5695140Z [36;1m  HTTP_CODE=$(curl -s -w "%{http_code}" -o /tmp/models.json \[0m
generate	UNKNOWN STEP	2026-01-12T16:26:51.5696746Z [36;1m    "https://generativelanguage.googleapis.com/v1beta/models?key=${GEMINI_API_KEY}" \[0m
generate	UNKNOWN STEP	2026-01-12T16:26:51.5697804Z [36;1m    2>/dev/null || echo "000")[0m
generate	UNKNOWN STEP	2026-01-12T16:26:51.5698414Z [36;1m  [0m
generate	UNKNOWN STEP	2026-01-12T16:26:51.5698937Z [36;1m  if [ "$HTTP_CODE" = "200" ]; then[0m
generate	UNKNOWN STEP	2026-01-12T16:26:51.5699622Z [36;1m    echo "Γ£ô Gemini API reachable"[0m
generate	UNKNOWN STEP	2026-01-12T16:26:51.5700347Z [36;1m    # Parse available models from response[0m
generate	UNKNOWN STEP	2026-01-12T16:26:51.5701489Z [36;1m    MODELS=$(cat /tmp/models.json | grep -o '"name": "models/[^"]*"' | head -5 | sed 's/"name": "models\///g' | tr -d '"')[0m
generate	UNKNOWN STEP	2026-01-12T16:26:51.5702618Z [36;1m    echo "Available models: $MODELS"[0m
generate	UNKNOWN STEP	2026-01-12T16:26:51.5703376Z [36;1m    echo "GEMINI_AVAILABLE=true" >> $GITHUB_ENV[0m
generate	UNKNOWN STEP	2026-01-12T16:26:51.5704080Z [36;1m    break[0m
generate	UNKNOWN STEP	2026-01-12T16:26:51.5704636Z [36;1m  elif [ "$HTTP_CODE" = "429" ]; then[0m
generate	UNKNOWN STEP	2026-01-12T16:26:51.5705491Z [36;1m    echo "ΓÜá Rate limited, waiting ${RETRY_DELAY}s before retry..."[0m
generate	UNKNOWN STEP	2026-01-12T16:26:51.5706742Z [36;1m    sleep $RETRY_DELAY[0m
generate	UNKNOWN STEP	2026-01-12T16:26:51.5707505Z [36;1m    RETRY_DELAY=$((RETRY_DELAY * 2))  # Exponential backoff[0m
generate	UNKNOWN STEP	2026-01-12T16:26:51.5708325Z [36;1m  elif [ "$HTTP_CODE" = "000" ]; then[0m
generate	UNKNOWN STEP	2026-01-12T16:26:51.5709193Z [36;1m    echo "ΓÜá Network error, waiting ${RETRY_DELAY}s before retry..."[0m
generate	UNKNOWN STEP	2026-01-12T16:26:51.5710044Z [36;1m    sleep $RETRY_DELAY[0m
generate	UNKNOWN STEP	2026-01-12T16:26:51.5710673Z [36;1m    RETRY_DELAY=$((RETRY_DELAY * 2))[0m
generate	UNKNOWN STEP	2026-01-12T16:26:51.5711526Z [36;1m    echo "? API returned HTTP $HTTP_CODE, waiting ${RETRY_DELAY}s..."[0m
generate	UNKNOWN STEP	2026-01-12T16:26:51.5712481Z [36;1m    sleep $RETRY_DELAY[0m
generate	UNKNOWN STEP	2026-01-12T16:26:51.5713119Z [36;1m    RETRY_DELAY=$((RETRY_DELAY * 2))[0m
generate	UNKNOWN STEP	2026-01-12T16:26:51.5713753Z [36;1m  fi[0m
generate	UNKNOWN STEP	2026-01-12T16:26:51.5714235Z [36;1mdone[0m
generate	UNKNOWN STEP	2026-01-12T16:26:51.5714710Z [36;1m[0m
generate	UNKNOWN STEP	2026-01-12T16:26:51.5715417Z [36;1m# After all retries, proceed anyway - Python has its own fallback chain[0m
generate	UNKNOWN STEP	2026-01-12T16:26:51.5716455Z [36;1mif [ "$HTTP_CODE" != "200" ]; then[0m
generate	UNKNOWN STEP	2026-01-12T16:26:51.5717459Z [36;1m  echo "::warning::Gemini API check failed, but proceeding - Python has fallback providers"[0m
generate	UNKNOWN STEP	2026-01-12T16:26:51.5718507Z [36;1m  echo "GEMINI_AVAILABLE=false" >> $GITHUB_ENV[0m
generate	UNKNOWN STEP	2026-01-12T16:26:51.5719180Z [36;1mfi[0m
generate	UNKNOWN STEP	2026-01-12T16:26:51.5719932Z [36;1mecho "Γ£ô Proceeding with video generation (Python handles provider selection)"[0m
generate	UNKNOWN STEP	2026-01-12T16:26:51.5757949Z shell: /usr/bin/bash -e {0}
generate	UNKNOWN STEP	2026-01-12T16:26:51.5758892Z env:
generate	UNKNOWN STEP	2026-01-12T16:26:51.5759611Z   GEMINI_API_KEY: ***
generate	UNKNOWN STEP	2026-01-12T16:26:51.5760140Z ##[endgroup]
generate	UNKNOWN STEP	2026-01-12T16:26:51.5883223Z v17.9.12: Checking API availability (FREE endpoints only)...
generate	UNKNOWN STEP	2026-01-12T16:26:51.6141200Z Attempt 1 of 3...
generate	UNKNOWN STEP	2026-01-12T16:26:51.7071579Z Γ£ô Gemini API reachable
generate	UNKNOWN STEP	2026-01-12T16:26:51.7108753Z Available models: embedding-gecko-001
generate	UNKNOWN STEP	2026-01-12T16:26:51.7110178Z gemini-2.5-flash
generate	UNKNOWN STEP	2026-01-12T16:26:51.7111535Z gemini-2.5-pro
generate	UNKNOWN STEP	2026-01-12T16:26:51.7112790Z gemini-2.0-flash-exp
generate	UNKNOWN STEP	2026-01-12T16:26:51.7114235Z gemini-2.0-flash
generate	UNKNOWN STEP	2026-01-12T16:26:51.7116108Z Γ£ô Proceeding with video generation (Python handles provider selection)
generate	UNKNOWN STEP	2026-01-12T16:26:51.7304111Z ##[group]Run # v17.9.38: SMART TIMING - uses learned best_posting_hours_utc
generate	UNKNOWN STEP	2026-01-12T16:26:51.7305223Z [36;1m# v17.9.38: SMART TIMING - uses learned best_posting_hours_utc[0m
generate	UNKNOWN STEP	2026-01-12T16:26:51.7306236Z [36;1m# Base random delay (0-30 min) for stealth[0m
generate	UNKNOWN STEP	2026-01-12T16:26:51.7306960Z [36;1mBASE_DELAY=$((RANDOM % 1800))[0m
generate	UNKNOWN STEP	2026-01-12T16:26:51.7307559Z [36;1m[0m
generate	UNKNOWN STEP	2026-01-12T16:26:51.7308190Z [36;1m# Check if we have learned posting hours from aggressive mode[0m
generate	UNKNOWN STEP	2026-01-12T16:26:51.7309087Z [36;1mVARIETY_FILE="data/persistent/variety_state.json"[0m
generate	UNKNOWN STEP	2026-01-12T16:26:51.7309903Z [36;1mCURRENT_HOUR=$(date -u +%H | sed 's/^0//')[0m
generate	UNKNOWN STEP	2026-01-12T16:26:51.7310580Z [36;1m[0m
generate	UNKNOWN STEP	2026-01-12T16:26:51.7311122Z [36;1m# Download variety_state to check best hours[0m
generate	UNKNOWN STEP	2026-01-12T16:26:51.7312285Z [36;1mARTIFACT_ID=$(curl -s -H "Authorization: token ***" \[0m
generate	UNKNOWN STEP	2026-01-12T16:26:51.7313690Z [36;1m  "https://api.github.com/repos/asaadbalum2/ViralShorts-Factory/actions/artifacts?name=persistent-state&per_page=1" \[0m
generate	UNKNOWN STEP	2026-01-12T16:26:51.7314979Z [36;1m  | jq -r '.artifacts[0].id' 2>/dev/null || echo "null")[0m
generate	UNKNOWN STEP	2026-01-12T16:26:51.7315785Z [36;1m[0m
generate	UNKNOWN STEP	2026-01-12T16:26:51.7316468Z [36;1mOPTIMAL_DELAY=0[0m
generate	UNKNOWN STEP	2026-01-12T16:26:51.7317183Z [36;1mif [ "$ARTIFACT_ID" != "null" ] && [ -n "$ARTIFACT_ID" ]; then[0m
generate	UNKNOWN STEP	2026-01-12T16:26:51.7318281Z [36;1m  curl -sL -H "Authorization: token ***" \[0m
generate	UNKNOWN STEP	2026-01-12T16:26:51.7319417Z [36;1m    "https://api.github.com/repos/asaadbalum2/ViralShorts-Factory/actions/artifacts/$ARTIFACT_ID/zip" \[0m
generate	UNKNOWN STEP	2026-01-12T16:26:51.7320541Z [36;1m    -o /tmp/state_check.zip 2>/dev/null[0m
generate	UNKNOWN STEP	2026-01-12T16:26:51.7321478Z [36;1m  unzip -o /tmp/state_check.zip variety_state.json -d /tmp/ 2>/dev/null || true[0m
generate	UNKNOWN STEP	2026-01-12T16:26:51.7322343Z [36;1m  [0m
generate	UNKNOWN STEP	2026-01-12T16:26:51.7322886Z [36;1m  if [ -f "/tmp/variety_state.json" ]; then[0m
generate	UNKNOWN STEP	2026-01-12T16:26:51.7324123Z [36;1m    BEST_HOURS=$(cat /tmp/variety_state.json | grep -o '"best_posting_hours_utc":\s*\[[^]]*\]' | grep -o '\[.*\]' 2>/dev/null || echo "[]")[0m
generate	UNKNOWN STEP	2026-01-12T16:26:51.7325695Z [36;1m    echo "[SMART] Best posting hours: $BEST_HOURS"[0m
generate	UNKNOWN STEP	2026-01-12T16:26:51.7326660Z [36;1m    echo "[SMART] Current UTC hour: $CURRENT_HOUR"[0m
generate	UNKNOWN STEP	2026-01-12T16:26:51.7327345Z [36;1m    [0m
generate	UNKNOWN STEP	2026-01-12T16:26:51.7327915Z [36;1m    # Check if current hour is in best hours[0m
generate	UNKNOWN STEP	2026-01-12T16:26:51.7328729Z [36;1m    if echo "$BEST_HOURS" | grep -q "$CURRENT_HOUR"; then[0m
generate	UNKNOWN STEP	2026-01-12T16:26:51.7329594Z [36;1m      echo "[SMART] Γ£ô Currently in OPTIMAL posting window!"[0m
generate	UNKNOWN STEP	2026-01-12T16:26:51.7330422Z [36;1m      OPTIMAL_DELAY=0  # No extra delay needed[0m
generate	UNKNOWN STEP	2026-01-12T16:26:51.7331084Z [36;1m    else[0m
generate	UNKNOWN STEP	2026-01-12T16:26:51.7331687Z [36;1m      # Add small delay to move towards better timing[0m
generate	UNKNOWN STEP	2026-01-12T16:26:51.7332527Z [36;1m      OPTIMAL_DELAY=$((RANDOM % 900))  # 0-15 min extra[0m
generate	UNKNOWN STEP	2026-01-12T16:26:51.7333501Z [36;1m      echo "[SMART] Not in optimal window - adding ${OPTIMAL_DELAY}s to shift timing"[0m
generate	UNKNOWN STEP	2026-01-12T16:26:51.7334409Z [36;1m    fi[0m
generate	UNKNOWN STEP	2026-01-12T16:26:51.7334879Z [36;1m  fi[0m
generate	UNKNOWN STEP	2026-01-12T16:26:51.7335341Z [36;1mfi[0m
generate	UNKNOWN STEP	2026-01-12T16:26:51.7335911Z [36;1m[0m
generate	UNKNOWN STEP	2026-01-12T16:26:51.7336472Z [36;1mTOTAL_DELAY=$((BASE_DELAY + OPTIMAL_DELAY))[0m
generate	UNKNOWN STEP	2026-01-12T16:26:51.7337521Z [36;1mecho "Total delay: ${TOTAL_DELAY}s (base: ${BASE_DELAY}s, timing optimization: ${OPTIMAL_DELAY}s)"[0m
generate	UNKNOWN STEP	2026-01-12T16:26:51.7338560Z [36;1msleep $TOTAL_DELAY[0m
generate	UNKNOWN STEP	2026-01-12T16:26:51.7339380Z [36;1mecho "Starting execution at $(date -u)"[0m
generate	UNKNOWN STEP	2026-01-12T16:26:51.7442346Z shell: /usr/bin/bash -e {0}
generate	UNKNOWN STEP	2026-01-12T16:26:51.7442933Z env:
generate	UNKNOWN STEP	2026-01-12T16:26:51.7443416Z   GEMINI_AVAILABLE: true
generate	UNKNOWN STEP	2026-01-12T16:26:51.7443976Z ##[endgroup]
generate	UNKNOWN STEP	2026-01-12T16:26:52.1603617Z Archive:  /tmp/state_check.zip
generate	UNKNOWN STEP	2026-01-12T16:26:52.1606524Z   inflating: /tmp/variety_state.json  
generate	UNKNOWN STEP	2026-01-12T16:26:52.1632536Z [SMART] Best posting hours: []
generate	UNKNOWN STEP	2026-01-12T16:26:52.1633781Z [SMART] Current UTC hour: 16
generate	UNKNOWN STEP	2026-01-12T16:26:52.1648229Z [SMART] Not in optimal window - adding 234s to shift timing
generate	UNKNOWN STEP	2026-01-12T16:26:52.1649744Z Total delay: 833s (base: 599s, timing optimization: 234s)
generate	UNKNOWN STEP	2026-01-12T16:40:45.1683701Z Starting execution at Mon Jan 12 16:40:45 UTC 2026
generate	UNKNOWN STEP	2026-01-12T16:40:45.1809532Z ##[group]Run actions/checkout@v4
generate	UNKNOWN STEP	2026-01-12T16:40:45.1809842Z with:
generate	UNKNOWN STEP	2026-01-12T16:40:45.1810107Z   repository: asaadbalum2/ViralShorts-Factory
generate	UNKNOWN STEP	2026-01-12T16:40:45.1810572Z   token: ***
generate	UNKNOWN STEP	2026-01-12T16:40:45.1810781Z   ssh-strict: true
generate	UNKNOWN STEP	2026-01-12T16:40:45.1810992Z   ssh-user: git
generate	UNKNOWN STEP	2026-01-12T16:40:45.1811215Z   persist-credentials: true
generate	UNKNOWN STEP	2026-01-12T16:40:45.1811459Z   clean: true
generate	UNKNOWN STEP	2026-01-12T16:40:45.1811677Z   sparse-checkout-cone-mode: true
generate	UNKNOWN STEP	2026-01-12T16:40:45.1811940Z   fetch-depth: 1
generate	UNKNOWN STEP	2026-01-12T16:40:45.1812145Z   fetch-tags: false
generate	UNKNOWN STEP	2026-01-12T16:40:45.1812362Z   show-progress: true
generate	UNKNOWN STEP	2026-01-12T16:40:45.1812598Z   lfs: false
generate	UNKNOWN STEP	2026-01-12T16:40:45.1812806Z   submodules: false
generate	UNKNOWN STEP	2026-01-12T16:40:45.1813044Z   set-safe-directory: true
generate	UNKNOWN STEP	2026-01-12T16:40:45.1813304Z env:
generate	UNKNOWN STEP	2026-01-12T16:40:45.1813497Z   GEMINI_AVAILABLE: true
generate	UNKNOWN STEP	2026-01-12T16:40:45.1813727Z ##[endgroup]
generate	UNKNOWN STEP	2026-01-12T16:40:45.2842708Z Syncing repository: asaadbalum2/ViralShorts-Factory
generate	UNKNOWN STEP	2026-01-12T16:40:45.2844380Z ##[group]Getting Git version info
generate	UNKNOWN STEP	2026-01-12T16:40:45.2844877Z Working directory is '/home/runner/work/ViralShorts-Factory/ViralShorts-Factory'
generate	UNKNOWN STEP	2026-01-12T16:40:45.2845528Z [command]/usr/bin/git version
generate	UNKNOWN STEP	2026-01-12T16:40:45.2924335Z git version 2.52.0
generate	UNKNOWN STEP	2026-01-12T16:40:45.2950516Z ##[endgroup]
generate	UNKNOWN STEP	2026-01-12T16:40:45.2963374Z Temporarily overriding HOME='/home/runner/work/_temp/9a27492e-e750-4015-9956-79f447a55490' before making global git config changes
generate	UNKNOWN STEP	2026-01-12T16:40:45.2964339Z Adding repository directory to the temporary git global config as a safe directory
generate	UNKNOWN STEP	2026-01-12T16:40:45.2969031Z [command]/usr/bin/git config --global --add safe.directory /home/runner/work/ViralShorts-Factory/ViralShorts-Factory
generate	UNKNOWN STEP	2026-01-12T16:40:45.3013313Z Deleting the contents of '/home/runner/work/ViralShorts-Factory/ViralShorts-Factory'
generate	UNKNOWN STEP	2026-01-12T16:40:45.3016860Z ##[group]Initializing the repository
generate	UNKNOWN STEP	2026-01-12T16:40:45.3020730Z [command]/usr/bin/git init /home/runner/work/ViralShorts-Factory/ViralShorts-Factory
generate	UNKNOWN STEP	2026-01-12T16:40:45.3128143Z hint: Using 'master' as the name for the initial branch. This default branch name
generate	UNKNOWN STEP	2026-01-12T16:40:45.3129130Z hint: will change to "main" in Git 3.0. To configure the initial branch name
generate	UNKNOWN STEP	2026-01-12T16:40:45.3129830Z hint: to use in all of your new repositories, which will suppress this warning,
generate	UNKNOWN STEP	2026-01-12T16:40:45.3130268Z hint: call:
generate	UNKNOWN STEP	2026-01-12T16:40:45.3130472Z hint:
generate	UNKNOWN STEP	2026-01-12T16:40:45.3130791Z hint: 	git config --global init.defaultBranch <name>
generate	UNKNOWN STEP	2026-01-12T16:40:45.3131134Z hint:
generate	UNKNOWN STEP	2026-01-12T16:40:45.3131461Z hint: Names commonly chosen instead of 'master' are 'main', 'trunk' and
generate	UNKNOWN STEP	2026-01-12T16:40:45.3132024Z hint: 'development'. The just-created branch can be renamed via this command:
generate	UNKNOWN STEP	2026-01-12T16:40:45.3132707Z hint:
generate	UNKNOWN STEP	2026-01-12T16:40:45.3133069Z hint: 	git branch -m <name>
generate	UNKNOWN STEP	2026-01-12T16:40:45.3133482Z hint:
generate	UNKNOWN STEP	2026-01-12T16:40:45.3133867Z hint: Disable this message with "git config set advice.defaultBranchName false"
generate	UNKNOWN STEP	2026-01-12T16:40:45.3134571Z Initialized empty Git repository in /home/runner/work/ViralShorts-Factory/ViralShorts-Factory/.git/
generate	UNKNOWN STEP	2026-01-12T16:40:45.3143703Z [command]/usr/bin/git remote add origin https://github.com/asaadbalum2/ViralShorts-Factory
generate	UNKNOWN STEP	2026-01-12T16:40:45.3177214Z ##[endgroup]
generate	UNKNOWN STEP	2026-01-12T16:40:45.3177924Z ##[group]Disabling automatic garbage collection
generate	UNKNOWN STEP	2026-01-12T16:40:45.3182081Z [command]/usr/bin/git config --local gc.auto 0
generate	UNKNOWN STEP	2026-01-12T16:40:45.3209912Z ##[endgroup]
generate	UNKNOWN STEP	2026-01-12T16:40:45.3210617Z ##[group]Setting up auth
generate	UNKNOWN STEP	2026-01-12T16:40:45.3217588Z [command]/usr/bin/git config --local --name-only --get-regexp core\.sshCommand
generate	UNKNOWN STEP	2026-01-12T16:40:45.3246719Z [command]/usr/bin/git submodule foreach --recursive sh -c "git config --local --name-only --get-regexp 'core\.sshCommand' && git config --local --unset-all 'core.sshCommand' || :"
generate	UNKNOWN STEP	2026-01-12T16:40:45.3626949Z [command]/usr/bin/git config --local --name-only --get-regexp http\.https\:\/\/github\.com\/\.extraheader
generate	UNKNOWN STEP	2026-01-12T16:40:45.3654230Z [command]/usr/bin/git submodule foreach --recursive sh -c "git config --local --name-only --get-regexp 'http\.https\:\/\/github\.com\/\.extraheader' && git config --local --unset-all 'http.https://github.com/.extraheader' || :"
generate	UNKNOWN STEP	2026-01-12T16:40:45.3870446Z [command]/usr/bin/git config --local --name-only --get-regexp ^includeIf\.gitdir:
generate	UNKNOWN STEP	2026-01-12T16:40:45.3899695Z [command]/usr/bin/git submodule foreach --recursive git config --local --show-origin --name-only --get-regexp remote.origin.url
generate	UNKNOWN STEP	2026-01-12T16:40:45.4123749Z [command]/usr/bin/git config --local http.https://github.com/.extraheader AUTHORIZATION: basic ***
generate	UNKNOWN STEP	2026-01-12T16:40:45.4157559Z ##[endgroup]
generate	UNKNOWN STEP	2026-01-12T16:40:45.4158175Z ##[group]Fetching the repository
generate	UNKNOWN STEP	2026-01-12T16:40:45.4166162Z [command]/usr/bin/git -c protocol.version=2 fetch --no-tags --prune --no-recurse-submodules --depth=1 origin +2a5227a69e83393851a1a155909271a854d5ed59:refs/remotes/origin/master
generate	UNKNOWN STEP	2026-01-12T16:40:45.7921963Z From https://github.com/asaadbalum2/ViralShorts-Factory
generate	UNKNOWN STEP	2026-01-12T16:40:45.7922811Z  * [new ref]         2a5227a69e83393851a1a155909271a854d5ed59 -> origin/master
generate	UNKNOWN STEP	2026-01-12T16:40:45.7955538Z ##[endgroup]
generate	UNKNOWN STEP	2026-01-12T16:40:45.7956529Z ##[group]Determining the checkout info
generate	UNKNOWN STEP	2026-01-12T16:40:45.7959035Z ##[endgroup]
generate	UNKNOWN STEP	2026-01-12T16:40:45.7964117Z [command]/usr/bin/git sparse-checkout disable
generate	UNKNOWN STEP	2026-01-12T16:40:45.8005841Z [command]/usr/bin/git config --local --unset-all extensions.worktreeConfig
generate	UNKNOWN STEP	2026-01-12T16:40:45.8030895Z ##[group]Checking out the ref
generate	UNKNOWN STEP	2026-01-12T16:40:45.8035293Z [command]/usr/bin/git checkout --progress --force -B master refs/remotes/origin/master
generate	UNKNOWN STEP	2026-01-12T16:40:45.8277791Z Reset branch 'master'
generate	UNKNOWN STEP	2026-01-12T16:40:45.8280509Z branch 'master' set up to track 'origin/master'.
generate	UNKNOWN STEP	2026-01-12T16:40:45.8287095Z ##[endgroup]
generate	UNKNOWN STEP	2026-01-12T16:40:45.8320219Z [command]/usr/bin/git log -1 --format=%H
generate	UNKNOWN STEP	2026-01-12T16:40:45.8341568Z 2a5227a69e83393851a1a155909271a854d5ed59
generate	UNKNOWN STEP	2026-01-12T16:40:45.8503293Z ##[group]Run actions/setup-python@v5
generate	UNKNOWN STEP	2026-01-12T16:40:45.8503610Z with:
generate	UNKNOWN STEP	2026-01-12T16:40:45.8503828Z   python-version: 3.11
generate	UNKNOWN STEP	2026-01-12T16:40:45.8504072Z   check-latest: false
generate	UNKNOWN STEP	2026-01-12T16:40:45.8504429Z   token: ***
generate	UNKNOWN STEP	2026-01-12T16:40:45.8504652Z   update-environment: true
generate	UNKNOWN STEP	2026-01-12T16:40:45.8504909Z   allow-prereleases: false
generate	UNKNOWN STEP	2026-01-12T16:40:45.8505156Z   freethreaded: false
generate	UNKNOWN STEP	2026-01-12T16:40:45.8505371Z env:
generate	UNKNOWN STEP	2026-01-12T16:40:45.8505566Z   GEMINI_AVAILABLE: true
generate	UNKNOWN STEP	2026-01-12T16:40:45.8506107Z ##[endgroup]
generate	UNKNOWN STEP	2026-01-12T16:40:46.0204950Z ##[group]Installed versions
generate	UNKNOWN STEP	2026-01-12T16:40:46.0321517Z Successfully set up CPython (3.11.14)
generate	UNKNOWN STEP	2026-01-12T16:40:46.0322651Z ##[endgroup]
generate	UNKNOWN STEP	2026-01-12T16:40:46.0417849Z ##[group]Run sudo apt-get update
generate	UNKNOWN STEP	2026-01-12T16:40:46.0418186Z [36;1msudo apt-get update[0m
generate	UNKNOWN STEP	2026-01-12T16:40:46.0418617Z [36;1msudo apt-get install -y ffmpeg imagemagick fonts-dejavu-core fonts-liberation[0m
generate	UNKNOWN STEP	2026-01-12T16:40:46.0419324Z [36;1msudo sed -i 's/rights="none" pattern="@\*"/rights="read|write" pattern="@*"/' /etc/ImageMagick-6/policy.xml || true[0m
generate	UNKNOWN STEP	2026-01-12T16:40:46.0420221Z [36;1msudo sed -i 's/<policy domain="path" rights="none" pattern="@\*"/<policy domain="path" rights="read|write" pattern="@*"/' /etc/ImageMagick-6/policy.xml || true[0m
generate	UNKNOWN STEP	2026-01-12T16:40:46.0470199Z shell: /usr/bin/bash -e {0}
generate	UNKNOWN STEP	2026-01-12T16:40:46.0470476Z env:
generate	UNKNOWN STEP	2026-01-12T16:40:46.0470678Z   GEMINI_AVAILABLE: true
generate	UNKNOWN STEP	2026-01-12T16:40:46.0470997Z   pythonLocation: /opt/hostedtoolcache/Python/3.11.14/x64
generate	UNKNOWN STEP	2026-01-12T16:40:46.0471478Z   PKG_CONFIG_PATH: /opt/hostedtoolcache/Python/3.11.14/x64/lib/pkgconfig
generate	UNKNOWN STEP	2026-01-12T16:40:46.0471940Z   Python_ROOT_DIR: /opt/hostedtoolcache/Python/3.11.14/x64
generate	UNKNOWN STEP	2026-01-12T16:40:46.0472375Z   Python2_ROOT_DIR: /opt/hostedtoolcache/Python/3.11.14/x64
generate	UNKNOWN STEP	2026-01-12T16:40:46.0472771Z   Python3_ROOT_DIR: /opt/hostedtoolcache/Python/3.11.14/x64
generate	UNKNOWN STEP	2026-01-12T16:40:46.0473174Z   LD_LIBRARY_PATH: /opt/hostedtoolcache/Python/3.11.14/x64/lib
generate	UNKNOWN STEP	2026-01-12T16:40:46.0473514Z ##[endgroup]
generate	UNKNOWN STEP	2026-01-12T16:40:46.1671833Z Get:1 file:/etc/apt/apt-mirrors.txt Mirrorlist [144 B]
generate	UNKNOWN STEP	2026-01-12T16:40:46.2041235Z Hit:2 http://azure.archive.ubuntu.com/ubuntu noble InRelease
generate	UNKNOWN STEP	2026-01-12T16:40:46.2046717Z Hit:6 https://packages.microsoft.com/repos/azure-cli noble InRelease
generate	UNKNOWN STEP	2026-01-12T16:40:46.2050792Z Get:7 https://packages.microsoft.com/ubuntu/24.04/prod noble InRelease [3600 B]
generate	UNKNOWN STEP	2026-01-12T16:40:46.2059473Z Get:3 http://azure.archive.ubuntu.com/ubuntu noble-updates InRelease [126 kB]
generate	UNKNOWN STEP	2026-01-12T16:40:46.2115763Z Get:4 http://azure.archive.ubuntu.com/ubuntu noble-backports InRelease [126 kB]
generate	UNKNOWN STEP	2026-01-12T16:40:46.2117091Z Get:5 http://azure.archive.ubuntu.com/ubuntu noble-security InRelease [126 kB]
generate	UNKNOWN STEP	2026-01-12T16:40:46.4189922Z Get:8 https://packages.microsoft.com/ubuntu/24.04/prod noble/main arm64 Packages [60.7 kB]
generate	UNKNOWN STEP	2026-01-12T16:40:46.4396779Z Get:9 https://packages.microsoft.com/ubuntu/24.04/prod noble/main amd64 Packages [79.2 kB]
generate	UNKNOWN STEP	2026-01-12T16:40:46.4443680Z Get:10 https://packages.microsoft.com/ubuntu/24.04/prod noble/main armhf Packages [11.4 kB]
generate	UNKNOWN STEP	2026-01-12T16:40:46.4755770Z Get:11 http://azure.archive.ubuntu.com/ubuntu noble-updates/main amd64 Packages [1690 kB]
generate	UNKNOWN STEP	2026-01-12T16:40:46.4844618Z Get:12 http://azure.archive.ubuntu.com/ubuntu noble-updates/main Translation-en [312 kB]
generate	UNKNOWN STEP	2026-01-12T16:40:46.4850975Z Get:13 http://azure.archive.ubuntu.com/ubuntu noble-updates/main amd64 Components [175 kB]
generate	UNKNOWN STEP	2026-01-12T16:40:46.4877259Z Get:14 http://azure.archive.ubuntu.com/ubuntu noble-updates/main amd64 c-n-f Metadata [15.9 kB]
generate	UNKNOWN STEP	2026-01-12T16:40:46.4918361Z Get:15 http://azure.archive.ubuntu.com/ubuntu noble-updates/universe amd64 Packages [1510 kB]
generate	UNKNOWN STEP	2026-01-12T16:40:46.4974670Z Get:16 http://azure.archive.ubuntu.com/ubuntu noble-updates/universe Translation-en [307 kB]
generate	UNKNOWN STEP	2026-01-12T16:40:46.5002357Z Get:17 http://azure.archive.ubuntu.com/ubuntu noble-updates/universe amd64 Components [378 kB]
generate	UNKNOWN STEP	2026-01-12T16:40:46.5032369Z Get:18 http://azure.archive.ubuntu.com/ubuntu noble-updates/universe amd64 c-n-f Metadata [31.5 kB]
generate	UNKNOWN STEP	2026-01-12T16:40:46.5050107Z Get:19 http://azure.archive.ubuntu.com/ubuntu noble-updates/restricted amd64 Packages [2418 kB]
generate	UNKNOWN STEP	2026-01-12T16:40:46.5171234Z Get:20 http://azure.archive.ubuntu.com/ubuntu noble-updates/restricted Translation-en [551 kB]
generate	UNKNOWN STEP	2026-01-12T16:40:46.5649363Z Get:21 http://azure.archive.ubuntu.com/ubuntu noble-updates/restricted amd64 Components [212 B]
generate	UNKNOWN STEP	2026-01-12T16:40:46.5655459Z Get:22 http://azure.archive.ubuntu.com/ubuntu noble-updates/multiverse amd64 Components [940 B]
generate	UNKNOWN STEP	2026-01-12T16:40:46.5663957Z Get:23 http://azure.archive.ubuntu.com/ubuntu noble-backports/main amd64 Components [7300 B]
generate	UNKNOWN STEP	2026-01-12T16:40:46.5691624Z Get:24 http://azure.archive.ubuntu.com/ubuntu noble-backports/universe amd64 Components [10.5 kB]
generate	UNKNOWN STEP	2026-01-12T16:40:46.5699771Z Get:25 http://azure.archive.ubuntu.com/ubuntu noble-backports/restricted amd64 Components [216 B]
generate	UNKNOWN STEP	2026-01-12T16:40:46.5721579Z Get:26 http://azure.archive.ubuntu.com/ubuntu noble-backports/multiverse amd64 Components [212 B]
generate	UNKNOWN STEP	2026-01-12T16:40:46.6225006Z Get:27 http://azure.archive.ubuntu.com/ubuntu noble-security/main amd64 Packages [1402 kB]
generate	UNKNOWN STEP	2026-01-12T16:40:46.6331565Z Get:28 http://azure.archive.ubuntu.com/ubuntu noble-security/main Translation-en [227 kB]
generate	UNKNOWN STEP	2026-01-12T16:40:46.6339268Z Get:29 http://azure.archive.ubuntu.com/ubuntu noble-security/main amd64 Components [21.5 kB]
generate	UNKNOWN STEP	2026-01-12T16:40:46.6358843Z Get:30 http://azure.archive.ubuntu.com/ubuntu noble-security/main amd64 c-n-f Metadata [9724 B]
generate	UNKNOWN STEP	2026-01-12T16:40:46.6396651Z Get:31 http://azure.archive.ubuntu.com/ubuntu noble-security/universe amd64 Packages [920 kB]
generate	UNKNOWN STEP	2026-01-12T16:40:46.6444656Z Get:32 http://azure.archive.ubuntu.com/ubuntu noble-security/universe Translation-en [208 kB]
generate	UNKNOWN STEP	2026-01-12T16:40:46.6459616Z Get:33 http://azure.archive.ubuntu.com/ubuntu noble-security/universe amd64 Components [71.5 kB]
generate	UNKNOWN STEP	2026-01-12T16:40:46.6466507Z Get:34 http://azure.archive.ubuntu.com/ubuntu noble-security/universe amd64 c-n-f Metadata [19.7 kB]
generate	UNKNOWN STEP	2026-01-12T16:40:46.6996879Z Get:35 http://azure.archive.ubuntu.com/ubuntu noble-security/restricted amd64 Packages [2293 kB]
generate	UNKNOWN STEP	2026-01-12T16:40:46.7090555Z Get:36 http://azure.archive.ubuntu.com/ubuntu noble-security/restricted Translation-en [525 kB]
generate	UNKNOWN STEP	2026-01-12T16:40:46.7120726Z Get:37 http://azure.archive.ubuntu.com/ubuntu noble-security/restricted amd64 Components [212 B]
generate	UNKNOWN STEP	2026-01-12T16:40:46.7129007Z Get:38 http://azure.archive.ubuntu.com/ubuntu noble-security/multiverse Translation-en [6188 B]
generate	UNKNOWN STEP	2026-01-12T16:40:46.7136737Z Get:39 http://azure.archive.ubuntu.com/ubuntu noble-security/multiverse amd64 Components [212 B]
generate	UNKNOWN STEP	2026-01-12T16:40:55.5552835Z Fetched 13.6 MB in 2s (8047 kB/s)
generate	UNKNOWN STEP	2026-01-12T16:40:56.2800619Z Reading package lists...
generate	UNKNOWN STEP	2026-01-12T16:40:56.3131865Z Reading package lists...
generate	UNKNOWN STEP	2026-01-12T16:40:56.4676940Z Building dependency tree...
generate	UNKNOWN STEP	2026-01-12T16:40:56.4683909Z Reading state information...
generate	UNKNOWN STEP	2026-01-12T16:40:56.6227679Z fonts-dejavu-core is already the newest version (2.37-8).
generate	UNKNOWN STEP	2026-01-12T16:40:56.6228761Z fonts-dejavu-core set to manually installed.
generate	UNKNOWN STEP	2026-01-12T16:40:56.6229610Z fonts-liberation is already the newest version (1:2.1.5-3).
generate	UNKNOWN STEP	2026-01-12T16:40:56.6230463Z fonts-liberation set to manually installed.
generate	UNKNOWN STEP	2026-01-12T16:40:56.6231233Z The following additional packages will be installed:
generate	UNKNOWN STEP	2026-01-12T16:40:56.6232192Z   fonts-droid-fallback fonts-noto-mono fonts-urw-base35 ghostscript
generate	UNKNOWN STEP	2026-01-12T16:40:56.6233274Z   i965-va-driver imagemagick-6.q16 intel-media-va-driver libaacs0 libass9
generate	UNKNOWN STEP	2026-01-12T16:40:56.6234485Z   libasyncns0 libavc1394-0 libavcodec60 libavdevice60 libavfilter9
generate	UNKNOWN STEP	2026-01-12T16:40:56.6235833Z   libavformat60 libavutil58 libbdplus0 libblas3 libbluray2 libbs2b0 libcaca0
generate	UNKNOWN STEP	2026-01-12T16:40:56.6236970Z   libcdio-cdda2t64 libcdio-paranoia2t64 libcdio19t64 libchromaprint1 libcjson1
generate	UNKNOWN STEP	2026-01-12T16:40:56.6237790Z   libcodec2-1.2 libdav1d7 libdc1394-25 libdecor-0-0 libdecor-0-plugin-1-gtk
generate	UNKNOWN STEP	2026-01-12T16:40:56.6238496Z   libdjvulibre-text libdjvulibre21 libflac12t64 libflite1 libgme0 libgs-common
generate	UNKNOWN STEP	2026-01-12T16:40:56.6239592Z   libgs10 libgs10-common libgsm1 libhwy1t64 libidn12 libiec61883-0 libigdgmm12
generate	UNKNOWN STEP	2026-01-12T16:40:56.6240257Z   libijs-0.35 libimath-3-1-29t64 libjack-jackd2-0 libjbig2dec0 libjxl0.7
generate	UNKNOWN STEP	2026-01-12T16:40:56.6240930Z   libjxr-tools libjxr0t64 liblapack3 liblilv-0-0 libmagickcore-6.q16-7-extra
generate	UNKNOWN STEP	2026-01-12T16:40:56.6241932Z   libmbedcrypto7t64 libmp3lame0 libmpg123-0t64 libmysofa1 libnetpbm11t64
generate	UNKNOWN STEP	2026-01-12T16:40:56.6242783Z   libopenal-data libopenal1 libopenexr-3-1-30 libopenmpt0t64 libopus0
generate	UNKNOWN STEP	2026-01-12T16:40:56.6243432Z   libpaper-utils libpaper1 libplacebo338 libpocketsphinx3 libpostproc57
generate	UNKNOWN STEP	2026-01-12T16:40:56.6244075Z   libpulse0 librav1e0 libraw1394-11 librist4 librsvg2-2 librsvg2-common
generate	UNKNOWN STEP	2026-01-12T16:40:56.6244989Z   librubberband2 libsamplerate0 libsdl2-2.0-0 libserd-0-0 libshine3
generate	UNKNOWN STEP	2026-01-12T16:40:56.6245560Z   libsndfile1 libsndio7.0 libsord-0-0 libsoxr0 libspeex1 libsphinxbase3t64
generate	UNKNOWN STEP	2026-01-12T16:40:56.6246350Z   libsratom-0-0 libsrt1.5-gnutls libssh-4 libssh-gcrypt-4 libsvtav1enc1d1
generate	UNKNOWN STEP	2026-01-12T16:40:56.6246887Z   libswresample4 libswscale7 libtheora0 libtwolame0 libudfread0 libunibreak5
generate	UNKNOWN STEP	2026-01-12T16:40:56.6247415Z   libva-drm2 libva-x11-2 libva2 libvdpau1 libvidstab1.1 libvorbisenc2 libvpl2
generate	UNKNOWN STEP	2026-01-12T16:40:56.6248087Z   libvpx9 libwmflite-0.2-7 libx264-164 libx265-199 libxcb-shape0 libxv1
generate	UNKNOWN STEP	2026-01-12T16:40:56.6248620Z   libxvidcore4 libzimg2 libzix-0-0 libzvbi-common libzvbi0t64 mesa-va-drivers
generate	UNKNOWN STEP	2026-01-12T16:40:56.6249160Z   mesa-vdpau-drivers netpbm ocl-icd-libopencl1 pocketsphinx-en-us poppler-data
generate	UNKNOWN STEP	2026-01-12T16:40:56.6249678Z   va-driver-all vdpau-driver-all xfonts-encodings xfonts-utils
generate	UNKNOWN STEP	2026-01-12T16:40:56.6250150Z Suggested packages:
generate	UNKNOWN STEP	2026-01-12T16:40:56.6250505Z   ffmpeg-doc fonts-noto fonts-freefont-otf | fonts-freefont-ttf fonts-texgyre
generate	UNKNOWN STEP	2026-01-12T16:40:56.6251046Z   texlive-binaries i965-va-driver-shaders imagemagick-6-doc autotrace cups-bsd
generate	UNKNOWN STEP	2026-01-12T16:40:56.6251573Z   | lpr | lprng enscript gimp gnuplot grads graphviz hp2xx html2ps libwmf-bin
generate	UNKNOWN STEP	2026-01-12T16:40:56.6252080Z   mplayer povray radiance sane-utils texlive-base-bin transfig libraw-bin
generate	UNKNOWN STEP	2026-01-12T16:40:56.6252589Z   libcuda1 libnvcuvid1 libnvidia-encode1 libbluray-bdj jackd2 inkscape
generate	UNKNOWN STEP	2026-01-12T16:40:56.6253093Z   libportaudio2 opus-tools pulseaudio libraw1394-doc librsvg2-bin serdi sndiod
generate	UNKNOWN STEP	2026-01-12T16:40:56.6253572Z   sordi speex opencl-icd poppler-utils fonts-japanese-mincho
generate	UNKNOWN STEP	2026-01-12T16:40:56.6254021Z   | fonts-ipafont-mincho fonts-japanese-gothic | fonts-ipafont-gothic
generate	UNKNOWN STEP	2026-01-12T16:40:56.6254607Z   fonts-arphic-ukai fonts-arphic-uming fonts-nanum libvdpau-va-gl1
generate	UNKNOWN STEP	2026-01-12T16:40:56.6897026Z The following NEW packages will be installed:
generate	UNKNOWN STEP	2026-01-12T16:40:56.6898181Z   ffmpeg fonts-droid-fallback fonts-noto-mono fonts-urw-base35 ghostscript
generate	UNKNOWN STEP	2026-01-12T16:40:56.6899473Z   i965-va-driver imagemagick imagemagick-6.q16 intel-media-va-driver libaacs0
generate	UNKNOWN STEP	2026-01-12T16:40:56.6900718Z   libass9 libasyncns0 libavc1394-0 libavcodec60 libavdevice60 libavfilter9
generate	UNKNOWN STEP	2026-01-12T16:40:56.6901939Z   libavformat60 libavutil58 libbdplus0 libblas3 libbluray2 libbs2b0 libcaca0
generate	UNKNOWN STEP	2026-01-12T16:40:56.6903220Z   libcdio-cdda2t64 libcdio-paranoia2t64 libcdio19t64 libchromaprint1 libcjson1
generate	UNKNOWN STEP	2026-01-12T16:40:56.6904462Z   libcodec2-1.2 libdav1d7 libdc1394-25 libdecor-0-0 libdecor-0-plugin-1-gtk
generate	UNKNOWN STEP	2026-01-12T16:40:56.6905927Z   libdjvulibre-text libdjvulibre21 libflac12t64 libflite1 libgme0 libgs-common
generate	UNKNOWN STEP	2026-01-12T16:40:56.6907187Z   libgs10 libgs10-common libgsm1 libhwy1t64 libidn12 libiec61883-0 libigdgmm12
generate	UNKNOWN STEP	2026-01-12T16:40:56.6908245Z   libijs-0.35 libimath-3-1-29t64 libjack-jackd2-0 libjbig2dec0 libjxl0.7
generate	UNKNOWN STEP	2026-01-12T16:40:56.6909026Z   libjxr-tools libjxr0t64 liblapack3 liblilv-0-0 libmagickcore-6.q16-7-extra
generate	UNKNOWN STEP	2026-01-12T16:40:56.6909817Z   libmbedcrypto7t64 libmp3lame0 libmpg123-0t64 libmysofa1 libnetpbm11t64
generate	UNKNOWN STEP	2026-01-12T16:40:56.6910577Z   libopenal-data libopenal1 libopenexr-3-1-30 libopenmpt0t64 libopus0
generate	UNKNOWN STEP	2026-01-12T16:40:56.6911856Z   libpaper-utils libpaper1 libplacebo338 libpocketsphinx3 libpostproc57
generate	UNKNOWN STEP	2026-01-12T16:40:56.6912570Z   libpulse0 librav1e0 libraw1394-11 librist4 librsvg2-2 librsvg2-common
generate	UNKNOWN STEP	2026-01-12T16:40:56.6913577Z   librubberband2 libsamplerate0 libsdl2-2.0-0 libserd-0-0 libshine3
generate	UNKNOWN STEP	2026-01-12T16:40:56.6914478Z   libsndfile1 libsndio7.0 libsord-0-0 libsoxr0 libspeex1 libsphinxbase3t64
generate	UNKNOWN STEP	2026-01-12T16:40:56.6915067Z   libsratom-0-0 libsrt1.5-gnutls libssh-gcrypt-4 libsvtav1enc1d1
generate	UNKNOWN STEP	2026-01-12T16:40:56.6915904Z   libswresample4 libswscale7 libtheora0 libtwolame0 libudfread0 libunibreak5
generate	UNKNOWN STEP	2026-01-12T16:40:56.6916556Z   libva-drm2 libva-x11-2 libva2 libvdpau1 libvidstab1.1 libvorbisenc2 libvpl2
generate	UNKNOWN STEP	2026-01-12T16:40:56.6917157Z   libvpx9 libwmflite-0.2-7 libx264-164 libx265-199 libxcb-shape0 libxv1
generate	UNKNOWN STEP	2026-01-12T16:40:56.6917766Z   libxvidcore4 libzimg2 libzix-0-0 libzvbi-common libzvbi0t64 mesa-va-drivers
generate	UNKNOWN STEP	2026-01-12T16:40:56.6918529Z   mesa-vdpau-drivers netpbm ocl-icd-libopencl1 pocketsphinx-en-us poppler-data
generate	UNKNOWN STEP	2026-01-12T16:40:56.6919208Z   va-driver-all vdpau-driver-all xfonts-encodings xfonts-utils
generate	UNKNOWN STEP	2026-01-12T16:40:56.6919624Z The following packages will be upgraded:
generate	UNKNOWN STEP	2026-01-12T16:40:56.6919908Z   libssh-4
generate	UNKNOWN STEP	2026-01-12T16:40:56.7116178Z 1 upgraded, 126 newly installed, 0 to remove and 118 not upgraded.
generate	UNKNOWN STEP	2026-01-12T16:40:56.7116833Z Need to get 120 MB of archives.
generate	UNKNOWN STEP	2026-01-12T16:40:56.7117220Z After this operation, 313 MB of additional disk space will be used.
generate	UNKNOWN STEP	2026-01-12T16:40:56.7117666Z Get:1 file:/etc/apt/apt-mirrors.txt Mirrorlist [144 B]
generate	UNKNOWN STEP	2026-01-12T16:40:56.7403962Z Get:2 http://azure.archive.ubuntu.com/ubuntu noble/main amd64 fonts-droid-fallback all 1:6.0.1r16-1.1build1 [1805 kB]
generate	UNKNOWN STEP	2026-01-12T16:40:56.7679632Z Get:3 http://azure.archive.ubuntu.com/ubuntu noble/main amd64 poppler-data all 0.4.12-1 [2060 kB]
generate	UNKNOWN STEP	2026-01-12T16:40:56.7957058Z Get:4 http://azure.archive.ubuntu.com/ubuntu noble/universe amd64 libva2 amd64 2.20.0-2build1 [66.2 kB]
generate	UNKNOWN STEP	2026-01-12T16:40:56.7981930Z Get:5 http://azure.archive.ubuntu.com/ubuntu noble/universe amd64 libva-drm2 amd64 2.20.0-2build1 [7124 B]
generate	UNKNOWN STEP	2026-01-12T16:40:56.8009156Z Get:6 http://azure.archive.ubuntu.com/ubuntu noble/universe amd64 libva-x11-2 amd64 2.20.0-2build1 [12.0 kB]
generate	UNKNOWN STEP	2026-01-12T16:40:56.8032125Z Get:7 http://azure.archive.ubuntu.com/ubuntu noble/main amd64 libvdpau1 amd64 1.5-2build1 [27.8 kB]
generate	UNKNOWN STEP	2026-01-12T16:40:56.8058582Z Get:8 http://azure.archive.ubuntu.com/ubuntu noble/universe amd64 libvpl2 amd64 2023.3.0-1build1 [99.8 kB]
generate	UNKNOWN STEP	2026-01-12T16:40:56.8099961Z Get:9 http://azure.archive.ubuntu.com/ubuntu noble/universe amd64 ocl-icd-libopencl1 amd64 2.3.2-1build1 [38.5 kB]
generate	UNKNOWN STEP	2026-01-12T16:40:56.8131296Z Get:10 http://azure.archive.ubuntu.com/ubuntu noble/universe amd64 libavutil58 amd64 7:6.1.1-3ubuntu5 [401 kB]
generate	UNKNOWN STEP	2026-01-12T16:40:56.8206088Z Get:11 http://azure.archive.ubuntu.com/ubuntu noble/universe amd64 libcodec2-1.2 amd64 1.2.0-2build1 [8998 kB]
generate	UNKNOWN STEP	2026-01-12T16:40:56.9526214Z Get:12 http://azure.archive.ubuntu.com/ubuntu noble/universe amd64 libdav1d7 amd64 1.4.1-1build1 [604 kB]
generate	UNKNOWN STEP	2026-01-12T16:40:56.9581381Z Get:13 http://azure.archive.ubuntu.com/ubuntu noble/universe amd64 libgsm1 amd64 1.0.22-1build1 [27.8 kB]
generate	UNKNOWN STEP	2026-01-12T16:40:56.9599228Z Get:14 http://azure.archive.ubuntu.com/ubuntu noble/universe amd64 libhwy1t64 amd64 1.0.7-8.1build1 [584 kB]
generate	UNKNOWN STEP	2026-01-12T16:40:56.9660771Z Get:15 http://azure.archive.ubuntu.com/ubuntu noble-updates/universe amd64 libjxl0.7 amd64 0.7.0-10.2ubuntu6.1 [1001 kB]
generate	UNKNOWN STEP	2026-01-12T16:40:56.9750043Z Get:16 http://azure.archive.ubuntu.com/ubuntu noble/main amd64 libmp3lame0 amd64 3.100-6build1 [142 kB]
generate	UNKNOWN STEP	2026-01-12T16:40:56.9784190Z Get:17 http://azure.archive.ubuntu.com/ubuntu noble/main amd64 libopus0 amd64 1.4-1build1 [208 kB]
generate	UNKNOWN STEP	2026-01-12T16:40:56.9815524Z Get:18 http://azure.archive.ubuntu.com/ubuntu noble/universe amd64 librav1e0 amd64 0.7.1-2 [1022 kB]
generate	UNKNOWN STEP	2026-01-12T16:40:56.9908679Z Get:19 http://azure.archive.ubuntu.com/ubuntu noble/main amd64 librsvg2-2 amd64 2.58.0+dfsg-1build1 [2135 kB]
generate	UNKNOWN STEP	2026-01-12T16:40:57.0096050Z Get:20 http://azure.archive.ubuntu.com/ubuntu noble/universe amd64 libshine3 amd64 3.1.1-2build1 [23.2 kB]
generate	UNKNOWN STEP	2026-01-12T16:40:57.0573139Z Get:21 http://azure.archive.ubuntu.com/ubuntu noble-updates/main amd64 libspeex1 amd64 1.2.1-2ubuntu2.24.04.1 [59.6 kB]
generate	UNKNOWN STEP	2026-01-12T16:40:57.0606876Z Get:22 http://azure.archive.ubuntu.com/ubuntu noble/universe amd64 libsvtav1enc1d1 amd64 1.7.0+dfsg-2build1 [2425 kB]
generate	UNKNOWN STEP	2026-01-12T16:40:57.0786167Z Get:23 http://azure.archive.ubuntu.com/ubuntu noble/universe amd64 libsoxr0 amd64 0.1.3-4build3 [80.0 kB]
generate	UNKNOWN STEP	2026-01-12T16:40:57.0813532Z Get:24 http://azure.archive.ubuntu.com/ubuntu noble/universe amd64 libswresample4 amd64 7:6.1.1-3ubuntu5 [63.8 kB]
generate	UNKNOWN STEP	2026-01-12T16:40:57.0837883Z Get:25 http://azure.archive.ubuntu.com/ubuntu noble/main amd64 libtheora0 amd64 1.1.1+dfsg.1-16.1build3 [211 kB]
generate	UNKNOWN STEP	2026-01-12T16:40:57.0871249Z Get:26 http://azure.archive.ubuntu.com/ubuntu noble/main amd64 libtwolame0 amd64 0.4.0-2build3 [52.3 kB]
generate	UNKNOWN STEP	2026-01-12T16:40:57.0895981Z Get:27 http://azure.archive.ubuntu.com/ubuntu noble/main amd64 libvorbisenc2 amd64 1.3.7-1build3 [80.8 kB]
generate	UNKNOWN STEP	2026-01-12T16:40:57.0924658Z Get:28 http://azure.archive.ubuntu.com/ubuntu noble-updates/main amd64 libvpx9 amd64 1.14.0-1ubuntu2.2 [1143 kB]
generate	UNKNOWN STEP	2026-01-12T16:40:57.1031043Z Get:29 http://azure.archive.ubuntu.com/ubuntu noble/universe amd64 libx264-164 amd64 2:0.164.3108+git31e19f9-1 [604 kB]
generate	UNKNOWN STEP	2026-01-12T16:40:57.1094526Z Get:30 http://azure.archive.ubuntu.com/ubuntu noble/universe amd64 libx265-199 amd64 3.5-2build1 [1226 kB]
generate	UNKNOWN STEP	2026-01-12T16:40:57.1202850Z Get:31 http://azure.archive.ubuntu.com/ubuntu noble/universe amd64 libxvidcore4 amd64 2:1.3.7-1build1 [219 kB]
generate	UNKNOWN STEP	2026-01-12T16:40:57.1237006Z Get:32 http://azure.archive.ubuntu.com/ubuntu noble/universe amd64 libzvbi-common all 0.2.42-2 [42.4 kB]
generate	UNKNOWN STEP	2026-01-12T16:40:57.1254794Z Get:33 http://azure.archive.ubuntu.com/ubuntu noble/universe amd64 libzvbi0t64 amd64 0.2.42-2 [261 kB]
generate	UNKNOWN STEP	2026-01-12T16:40:57.1293893Z Get:34 http://azure.archive.ubuntu.com/ubuntu noble/universe amd64 libavcodec60 amd64 7:6.1.1-3ubuntu5 [5851 kB]
generate	UNKNOWN STEP	2026-01-12T16:40:57.1690893Z Get:35 http://azure.archive.ubuntu.com/ubuntu noble/main amd64 libraw1394-11 amd64 2.1.2-2build3 [26.2 kB]
generate	UNKNOWN STEP	2026-01-12T16:40:57.1708776Z Get:36 http://azure.archive.ubuntu.com/ubuntu noble/main amd64 libavc1394-0 amd64 0.5.4-5build3 [15.4 kB]
generate	UNKNOWN STEP	2026-01-12T16:40:57.1726705Z Get:37 http://azure.archive.ubuntu.com/ubuntu noble/universe amd64 libunibreak5 amd64 5.1-2build1 [25.0 kB]
generate	UNKNOWN STEP	2026-01-12T16:40:57.1748191Z Get:38 http://azure.archive.ubuntu.com/ubuntu noble/universe amd64 libass9 amd64 1:0.17.1-2build1 [104 kB]
generate	UNKNOWN STEP	2026-01-12T16:40:57.2211615Z Get:39 http://azure.archive.ubuntu.com/ubuntu noble/universe amd64 libudfread0 amd64 1.1.2-1build1 [19.0 kB]
generate	UNKNOWN STEP	2026-01-12T16:40:57.2232125Z Get:40 http://azure.archive.ubuntu.com/ubuntu noble/universe amd64 libbluray2 amd64 1:1.3.4-1build1 [159 kB]
generate	UNKNOWN STEP	2026-01-12T16:40:57.2262378Z Get:41 http://azure.archive.ubuntu.com/ubuntu noble/universe amd64 libchromaprint1 amd64 1.5.1-5 [30.5 kB]
generate	UNKNOWN STEP	2026-01-12T16:40:57.2288467Z Get:42 http://azure.archive.ubuntu.com/ubuntu noble/universe amd64 libgme0 amd64 0.6.3-7build1 [134 kB]
generate	UNKNOWN STEP	2026-01-12T16:40:57.2317613Z Get:43 http://azure.archive.ubuntu.com/ubuntu noble-updates/main amd64 libmpg123-0t64 amd64 1.32.5-1ubuntu1.1 [169 kB]
generate	UNKNOWN STEP	2026-01-12T16:40:57.2356642Z Get:44 http://azure.archive.ubuntu.com/ubuntu noble/universe amd64 libopenmpt0t64 amd64 0.7.3-1.1build3 [647 kB]
generate	UNKNOWN STEP	2026-01-12T16:40:57.2424376Z Get:45 http://azure.archive.ubuntu.com/ubuntu noble/universe amd64 libcjson1 amd64 1.7.17-1 [24.8 kB]
generate	UNKNOWN STEP	2026-01-12T16:40:57.2445097Z Get:46 http://azure.archive.ubuntu.com/ubuntu noble/universe amd64 libmbedcrypto7t64 amd64 2.28.8-1 [209 kB]
generate	UNKNOWN STEP	2026-01-12T16:40:57.2480080Z Get:47 http://azure.archive.ubuntu.com/ubuntu noble/universe amd64 librist4 amd64 0.2.10+dfsg-2 [74.9 kB]
generate	UNKNOWN STEP	2026-01-12T16:40:57.2501480Z Get:48 http://azure.archive.ubuntu.com/ubuntu noble/universe amd64 libsrt1.5-gnutls amd64 1.5.3-1build2 [316 kB]
generate	UNKNOWN STEP	2026-01-12T16:40:57.2542702Z Get:49 http://azure.archive.ubuntu.com/ubuntu noble-updates/main amd64 libssh-gcrypt-4 amd64 0.10.6-2ubuntu0.2 [224 kB]
generate	UNKNOWN STEP	2026-01-12T16:40:57.2580430Z Get:50 http://azure.archive.ubuntu.com/ubuntu noble/universe amd64 libavformat60 amd64 7:6.1.1-3ubuntu5 [1153 kB]
generate	UNKNOWN STEP	2026-01-12T16:40:57.2784204Z Get:51 http://azure.archive.ubuntu.com/ubuntu noble/universe amd64 libbs2b0 amd64 3.1.0+dfsg-7build1 [10.6 kB]
generate	UNKNOWN STEP	2026-01-12T16:40:57.2806008Z Get:52 http://azure.archive.ubuntu.com/ubuntu noble/universe amd64 libflite1 amd64 2.2-6build3 [13.6 MB]
generate	UNKNOWN STEP	2026-01-12T16:40:57.3827741Z Get:53 http://azure.archive.ubuntu.com/ubuntu noble/universe amd64 libserd-0-0 amd64 0.32.2-1 [43.6 kB]
generate	UNKNOWN STEP	2026-01-12T16:40:57.3849592Z Get:54 http://azure.archive.ubuntu.com/ubuntu noble/universe amd64 libzix-0-0 amd64 0.4.2-2build1 [23.6 kB]
generate	UNKNOWN STEP	2026-01-12T16:40:57.3878507Z Get:55 http://azure.archive.ubuntu.com/ubuntu noble/universe amd64 libsord-0-0 amd64 0.16.16-2build1 [15.8 kB]
generate	UNKNOWN STEP	2026-01-12T16:40:57.3908727Z Get:56 http://azure.archive.ubuntu.com/ubuntu noble/universe amd64 libsratom-0-0 amd64 0.6.16-1build1 [17.3 kB]
generate	UNKNOWN STEP	2026-01-12T16:40:57.3930888Z Get:57 http://azure.archive.ubuntu.com/ubuntu noble/universe amd64 liblilv-0-0 amd64 0.24.22-1build1 [41.0 kB]
generate	UNKNOWN STEP	2026-01-12T16:40:57.4371651Z Get:58 http://azure.archive.ubuntu.com/ubuntu noble/universe amd64 libmysofa1 amd64 1.3.2+dfsg-2ubuntu2 [1158 kB]
generate	UNKNOWN STEP	2026-01-12T16:40:57.4469689Z Get:59 http://azure.archive.ubuntu.com/ubuntu noble/universe amd64 libplacebo338 amd64 6.338.2-2build1 [2654 kB]
generate	UNKNOWN STEP	2026-01-12T16:40:57.4642287Z Get:60 http://azure.archive.ubuntu.com/ubuntu noble-updates/main amd64 libblas3 amd64 3.12.0-3build1.1 [238 kB]
generate	UNKNOWN STEP	2026-01-12T16:40:57.4678057Z Get:61 http://azure.archive.ubuntu.com/ubuntu noble-updates/main amd64 liblapack3 amd64 3.12.0-3build1.1 [2646 kB]
generate	UNKNOWN STEP	2026-01-12T16:40:57.4864317Z Get:62 http://azure.archive.ubuntu.com/ubuntu noble/main amd64 libasyncns0 amd64 0.8-6build4 [11.3 kB]
generate	UNKNOWN STEP	2026-01-12T16:40:57.4881647Z Get:63 http://azure.archive.ubuntu.com/ubuntu noble/main amd64 libflac12t64 amd64 1.4.3+ds-2.1ubuntu2 [197 kB]
generate	UNKNOWN STEP	2026-01-12T16:40:57.4954234Z Get:64 http://azure.archive.ubuntu.com/ubuntu noble-updates/main amd64 libsndfile1 amd64 1.2.2-1ubuntu5.24.04.1 [209 kB]
generate	UNKNOWN STEP	2026-01-12T16:40:57.4990545Z Get:65 http://azure.archive.ubuntu.com/ubuntu noble-updates/main amd64 libpulse0 amd64 1:16.1+dfsg1-2ubuntu10.1 [292 kB]
generate	UNKNOWN STEP	2026-01-12T16:40:57.5028088Z Get:66 http://azure.archive.ubuntu.com/ubuntu noble/universe amd64 libsphinxbase3t64 amd64 0.8+5prealpha+1-17build2 [126 kB]
generate	UNKNOWN STEP	2026-01-12T16:40:57.5052248Z Get:67 http://azure.archive.ubuntu.com/ubuntu noble/universe amd64 libpocketsphinx3 amd64 0.8.0+real5prealpha+1-15ubuntu5 [133 kB]
generate	UNKNOWN STEP	2026-01-12T16:40:57.5080123Z Get:68 http://azure.archive.ubuntu.com/ubuntu noble/universe amd64 libpostproc57 amd64 7:6.1.1-3ubuntu5 [49.9 kB]
generate	UNKNOWN STEP	2026-01-12T16:40:57.5101741Z Get:69 http://azure.archive.ubuntu.com/ubuntu noble/main amd64 libsamplerate0 amd64 0.2.2-4build1 [1344 kB]
generate	UNKNOWN STEP	2026-01-12T16:40:57.5205791Z Get:70 http://azure.archive.ubuntu.com/ubuntu noble/universe amd64 librubberband2 amd64 3.3.0+dfsg-2build1 [130 kB]
generate	UNKNOWN STEP	2026-01-12T16:40:57.5233838Z Get:71 http://azure.archive.ubuntu.com/ubuntu noble/universe amd64 libswscale7 amd64 7:6.1.1-3ubuntu5 [193 kB]
generate	UNKNOWN STEP	2026-01-12T16:40:57.5269726Z Get:72 http://azure.archive.ubuntu.com/ubuntu noble/universe amd64 libvidstab1.1 amd64 1.1.0-2build1 [38.5 kB]
generate	UNKNOWN STEP	2026-01-12T16:40:57.5290956Z Get:73 http://azure.archive.ubuntu.com/ubuntu noble/universe amd64 libzimg2 amd64 3.0.5+ds1-1build1 [254 kB]
generate	UNKNOWN STEP	2026-01-12T16:40:57.5326728Z Get:74 http://azure.archive.ubuntu.com/ubuntu noble/universe amd64 libavfilter9 amd64 7:6.1.1-3ubuntu5 [4235 kB]
generate	UNKNOWN STEP	2026-01-12T16:40:57.5598861Z Get:75 http://azure.archive.ubuntu.com/ubuntu noble-updates/main amd64 libcaca0 amd64 0.99.beta20-4ubuntu0.1 [209 kB]
generate	UNKNOWN STEP	2026-01-12T16:40:57.5629100Z Get:76 http://azure.archive.ubuntu.com/ubuntu noble-updates/main amd64 libcdio19t64 amd64 2.1.0-4.1ubuntu1.2 [62.4 kB]
generate	UNKNOWN STEP	2026-01-12T16:40:57.6311899Z Get:77 http://azure.archive.ubuntu.com/ubuntu noble/main amd64 libcdio-cdda2t64 amd64 10.2+2.0.1-1.1build2 [16.5 kB]
generate	UNKNOWN STEP	2026-01-12T16:40:57.6332027Z Get:78 http://azure.archive.ubuntu.com/ubuntu noble/main amd64 libcdio-paranoia2t64 amd64 10.2+2.0.1-1.1build2 [16.6 kB]
generate	UNKNOWN STEP	2026-01-12T16:40:57.6353098Z Get:79 http://azure.archive.ubuntu.com/ubuntu noble/universe amd64 libdc1394-25 amd64 2.2.6-4build1 [90.1 kB]
generate	UNKNOWN STEP	2026-01-12T16:40:57.6380688Z Get:80 http://azure.archive.ubuntu.com/ubuntu noble/main amd64 libiec61883-0 amd64 1.2.0-6build1 [24.5 kB]
generate	UNKNOWN STEP	2026-01-12T16:40:57.6404753Z Get:81 http://azure.archive.ubuntu.com/ubuntu noble/main amd64 libjack-jackd2-0 amd64 1.9.21~dfsg-3ubuntu3 [289 kB]
generate	UNKNOWN STEP	2026-01-12T16:40:57.6440901Z Get:82 http://azure.archive.ubuntu.com/ubuntu noble/universe amd64 libopenal-data all 1:1.23.1-4build1 [161 kB]
generate	UNKNOWN STEP	2026-01-12T16:40:57.6472428Z Get:83 http://azure.archive.ubuntu.com/ubuntu noble/universe amd64 libsndio7.0 amd64 1.9.0-0.3build3 [29.6 kB]
generate	UNKNOWN STEP	2026-01-12T16:40:57.6508949Z Get:84 http://azure.archive.ubuntu.com/ubuntu noble/universe amd64 libopenal1 amd64 1:1.23.1-4build1 [540 kB]
generate	UNKNOWN STEP	2026-01-12T16:40:57.6560500Z Get:85 http://azure.archive.ubuntu.com/ubuntu noble/main amd64 libdecor-0-0 amd64 0.2.2-1build2 [16.5 kB]
generate	UNKNOWN STEP	2026-01-12T16:40:57.6582826Z Get:86 http://azure.archive.ubuntu.com/ubuntu noble-updates/main amd64 libsdl2-2.0-0 amd64 2.30.0+dfsg-1ubuntu3.1 [686 kB]
generate	UNKNOWN STEP	2026-01-12T16:40:57.6694464Z Get:87 http://azure.archive.ubuntu.com/ubuntu noble/main amd64 libxcb-shape0 amd64 1.15-1ubuntu2 [6100 B]
generate	UNKNOWN STEP	2026-01-12T16:40:57.6713021Z Get:88 http://azure.archive.ubuntu.com/ubuntu noble/main amd64 libxv1 amd64 2:1.0.11-1.1build1 [10.7 kB]
generate	UNKNOWN STEP	2026-01-12T16:40:57.6732102Z Get:89 http://azure.archive.ubuntu.com/ubuntu noble/universe amd64 libavdevice60 amd64 7:6.1.1-3ubuntu5 [82.3 kB]
generate	UNKNOWN STEP	2026-01-12T16:40:57.6761810Z Get:90 http://azure.archive.ubuntu.com/ubuntu noble/universe amd64 ffmpeg amd64 7:6.1.1-3ubuntu5 [1879 kB]
generate	UNKNOWN STEP	2026-01-12T16:40:57.6974334Z Get:91 http://azure.archive.ubuntu.com/ubuntu noble/main amd64 fonts-noto-mono all 20201225-2 [435 kB]
generate	UNKNOWN STEP	2026-01-12T16:40:57.7038275Z Get:92 http://azure.archive.ubuntu.com/ubuntu noble/main amd64 xfonts-encodings all 1:1.0.5-0ubuntu2 [578 kB]
generate	UNKNOWN STEP	2026-01-12T16:40:57.7110700Z Get:93 http://azure.archive.ubuntu.com/ubuntu noble/main amd64 xfonts-utils amd64 1:7.7+6build3 [94.4 kB]
generate	UNKNOWN STEP	2026-01-12T16:40:57.7138263Z Get:94 http://azure.archive.ubuntu.com/ubuntu noble/main amd64 fonts-urw-base35 all 20200910-8 [11.0 MB]
generate	UNKNOWN STEP	2026-01-12T16:40:57.8771829Z Get:95 http://azure.archive.ubuntu.com/ubuntu noble-updates/main amd64 libgs-common all 10.02.1~dfsg1-0ubuntu7.8 [176 kB]
generate	UNKNOWN STEP	2026-01-12T16:40:57.8815010Z Get:96 http://azure.archive.ubuntu.com/ubuntu noble-updates/main amd64 libgs10-common all 10.02.1~dfsg1-0ubuntu7.8 [488 kB]
generate	UNKNOWN STEP	2026-01-12T16:40:57.8878432Z Get:97 http://azure.archive.ubuntu.com/ubuntu noble/main amd64 libidn12 amd64 1.42-1build1 [55.9 kB]
generate	UNKNOWN STEP	2026-01-12T16:40:57.8906673Z Get:98 http://azure.archive.ubuntu.com/ubuntu noble/main amd64 libijs-0.35 amd64 0.35-15.1build1 [15.3 kB]
generate	UNKNOWN STEP	2026-01-12T16:40:57.8929695Z Get:99 http://azure.archive.ubuntu.com/ubuntu noble/main amd64 libjbig2dec0 amd64 0.20-1build3 [65.0 kB]
generate	UNKNOWN STEP	2026-01-12T16:40:57.8950578Z Get:100 http://azure.archive.ubuntu.com/ubuntu noble/main amd64 libpaper1 amd64 1.1.29build1 [13.4 kB]
generate	UNKNOWN STEP	2026-01-12T16:40:57.8970686Z Get:101 http://azure.archive.ubuntu.com/ubuntu noble-updates/main amd64 libgs10 amd64 10.02.1~dfsg1-0ubuntu7.8 [3897 kB]
generate	UNKNOWN STEP	2026-01-12T16:40:57.9283800Z Get:102 http://azure.archive.ubuntu.com/ubuntu noble-updates/main amd64 ghostscript amd64 10.02.1~dfsg1-0ubuntu7.8 [43.4 kB]
generate	UNKNOWN STEP	2026-01-12T16:40:57.9347998Z Get:103 http://azure.archive.ubuntu.com/ubuntu noble/universe amd64 imagemagick-6.q16 amd64 8:6.9.12.98+dfsg1-5.2build2 [254 kB]
generate	UNKNOWN STEP	2026-01-12T16:40:57.9400887Z Get:104 http://azure.archive.ubuntu.com/ubuntu noble/universe amd64 imagemagick amd64 8:6.9.12.98+dfsg1-5.2build2 [14.2 kB]
generate	UNKNOWN STEP	2026-01-12T16:40:57.9445010Z Get:105 http://azure.archive.ubuntu.com/ubuntu noble/universe amd64 libigdgmm12 amd64 22.3.17+ds1-1 [145 kB]
generate	UNKNOWN STEP	2026-01-12T16:40:57.9481670Z Get:106 http://azure.archive.ubuntu.com/ubuntu noble-updates/universe amd64 intel-media-va-driver amd64 24.1.0+dfsg1-1ubuntu0.1 [3163 kB]
generate	UNKNOWN STEP	2026-01-12T16:40:57.9798449Z Get:107 http://azure.archive.ubuntu.com/ubuntu noble/universe amd64 libaacs0 amd64 0.11.1-2build1 [62.9 kB]
generate	UNKNOWN STEP	2026-01-12T16:40:57.9831338Z Get:108 http://azure.archive.ubuntu.com/ubuntu noble/universe amd64 libbdplus0 amd64 0.2.0-3build1 [52.2 kB]
generate	UNKNOWN STEP	2026-01-12T16:40:57.9856148Z Get:109 http://azure.archive.ubuntu.com/ubuntu noble/main amd64 libdecor-0-plugin-1-gtk amd64 0.2.2-1build2 [22.2 kB]
generate	UNKNOWN STEP	2026-01-12T16:40:57.9882346Z Get:110 http://azure.archive.ubuntu.com/ubuntu noble-updates/main amd64 libdjvulibre-text all 3.5.28-2ubuntu0.24.04.1 [50.9 kB]
generate	UNKNOWN STEP	2026-01-12T16:40:57.9914399Z Get:111 http://azure.archive.ubuntu.com/ubuntu noble-updates/main amd64 libdjvulibre21 amd64 3.5.28-2ubuntu0.24.04.1 [638 kB]
generate	UNKNOWN STEP	2026-01-12T16:40:58.0029881Z Get:112 http://azure.archive.ubuntu.com/ubuntu noble/universe amd64 libimath-3-1-29t64 amd64 3.1.9-3.1ubuntu2 [72.2 kB]
generate	UNKNOWN STEP	2026-01-12T16:40:58.0062353Z Get:113 http://azure.archive.ubuntu.com/ubuntu noble/universe amd64 libjxr0t64 amd64 1.2~git20170615.f752187-5.1ubuntu2 [181 kB]
generate	UNKNOWN STEP	2026-01-12T16:40:58.0109166Z Get:114 http://azure.archive.ubuntu.com/ubuntu noble/universe amd64 libjxr-tools amd64 1.2~git20170615.f752187-5.1ubuntu2 [15.8 kB]
generate	UNKNOWN STEP	2026-01-12T16:40:58.0137689Z Get:115 http://azure.archive.ubuntu.com/ubuntu noble/universe amd64 libopenexr-3-1-30 amd64 3.1.5-5.1build3 [1004 kB]
generate	UNKNOWN STEP	2026-01-12T16:40:58.0287131Z Get:116 http://azure.archive.ubuntu.com/ubuntu noble/main amd64 libwmflite-0.2-7 amd64 0.2.13-1.1build3 [68.6 kB]
generate	UNKNOWN STEP	2026-01-12T16:40:58.0323170Z Get:117 http://azure.archive.ubuntu.com/ubuntu noble/universe amd64 libmagickcore-6.q16-7-extra amd64 8:6.9.12.98+dfsg1-5.2build2 [70.1 kB]
generate	UNKNOWN STEP	2026-01-12T16:40:58.0356750Z Get:118 http://azure.archive.ubuntu.com/ubuntu noble/universe amd64 libnetpbm11t64 amd64 2:11.05.02-1.1build1 [114 kB]
generate	UNKNOWN STEP	2026-01-12T16:40:58.0390536Z Get:119 http://azure.archive.ubuntu.com/ubuntu noble/main amd64 libpaper-utils amd64 1.1.29build1 [8650 B]
generate	UNKNOWN STEP	2026-01-12T16:40:58.0908845Z Get:120 http://azure.archive.ubuntu.com/ubuntu noble/main amd64 librsvg2-common amd64 2.58.0+dfsg-1build1 [11.8 kB]
generate	UNKNOWN STEP	2026-01-12T16:40:58.0936181Z Get:121 http://azure.archive.ubuntu.com/ubuntu noble-updates/main amd64 libssh-4 amd64 0.10.6-2ubuntu0.2 [188 kB]
generate	UNKNOWN STEP	2026-01-12T16:40:58.0983737Z Get:122 http://azure.archive.ubuntu.com/ubuntu noble-updates/universe amd64 mesa-va-drivers amd64 25.0.7-0ubuntu0.24.04.2 [5934 B]
generate	UNKNOWN STEP	2026-01-12T16:40:58.1006936Z Get:123 http://azure.archive.ubuntu.com/ubuntu noble-updates/main amd64 mesa-vdpau-drivers amd64 25.0.7-0ubuntu0.24.04.2 [21.0 kB]
generate	UNKNOWN STEP	2026-01-12T16:40:58.1031248Z Get:124 http://azure.archive.ubuntu.com/ubuntu noble/universe amd64 netpbm amd64 2:11.05.02-1.1build1 [2054 kB]
generate	UNKNOWN STEP	2026-01-12T16:40:58.1353373Z Get:125 http://azure.archive.ubuntu.com/ubuntu noble/universe amd64 i965-va-driver amd64 2.4.1+dfsg1-1build2 [332 kB]
generate	UNKNOWN STEP	2026-01-12T16:40:58.1403939Z Get:126 http://azure.archive.ubuntu.com/ubuntu noble/universe amd64 va-driver-all amd64 2.20.0-2build1 [4844 B]
generate	UNKNOWN STEP	2026-01-12T16:40:58.1442840Z Get:127 http://azure.archive.ubuntu.com/ubuntu noble/main amd64 vdpau-driver-all amd64 1.5-2build1 [4414 B]
generate	UNKNOWN STEP	2026-01-12T16:40:58.1470347Z Get:128 http://azure.archive.ubuntu.com/ubuntu noble/universe amd64 pocketsphinx-en-us all 0.8.0+real5prealpha+1-15ubuntu5 [27.4 MB]
generate	UNKNOWN STEP	2026-01-12T16:40:58.7234200Z Preconfiguring packages ...
generate	UNKNOWN STEP	2026-01-12T16:40:58.7916267Z Fetched 120 MB in 2s (70.8 MB/s)
generate	UNKNOWN STEP	2026-01-12T16:40:58.8493809Z Selecting previously unselected package fonts-droid-fallback.
generate	UNKNOWN STEP	2026-01-12T16:40:58.8874683Z (Reading database ... 
generate	UNKNOWN STEP	2026-01-12T16:40:58.8875150Z (Reading database ... 5%
generate	UNKNOWN STEP	2026-01-12T16:40:58.8875513Z (Reading database ... 10%
generate	UNKNOWN STEP	2026-01-12T16:40:58.8875958Z (Reading database ... 15%
generate	UNKNOWN STEP	2026-01-12T16:40:58.8876205Z (Reading database ... 20%
generate	UNKNOWN STEP	2026-01-12T16:40:58.8876435Z (Reading database ... 25%
generate	UNKNOWN STEP	2026-01-12T16:40:58.8876664Z (Reading database ... 30%
generate	UNKNOWN STEP	2026-01-12T16:40:58.8877066Z (Reading database ... 35%
generate	UNKNOWN STEP	2026-01-12T16:40:58.8877437Z (Reading database ... 40%
generate	UNKNOWN STEP	2026-01-12T16:40:58.8877832Z (Reading database ... 45%
generate	UNKNOWN STEP	2026-01-12T16:40:58.8878257Z (Reading database ... 50%
generate	UNKNOWN STEP	2026-01-12T16:40:58.9450043Z (Reading database ... 55%
generate	UNKNOWN STEP	2026-01-12T16:40:59.2533388Z (Reading database ... 60%
generate	UNKNOWN STEP	2026-01-12T16:40:59.3995355Z (Reading database ... 65%
generate	UNKNOWN STEP	2026-01-12T16:40:59.4734177Z (Reading database ... 70%
generate	UNKNOWN STEP	2026-01-12T16:40:59.5984288Z (Reading database ... 75%
generate	UNKNOWN STEP	2026-01-12T16:41:00.0553978Z (Reading database ... 80%
generate	UNKNOWN STEP	2026-01-12T16:41:00.6760887Z (Reading database ... 85%
generate	UNKNOWN STEP	2026-01-12T16:41:01.3525438Z (Reading database ... 90%
generate	UNKNOWN STEP	2026-01-12T16:41:01.9622546Z (Reading database ... 95%
generate	UNKNOWN STEP	2026-01-12T16:41:01.9623134Z (Reading database ... 100%
generate	UNKNOWN STEP	2026-01-12T16:41:01.9623896Z (Reading database ... 217518 files and directories currently installed.)
generate	UNKNOWN STEP	2026-01-12T16:41:01.9667613Z Preparing to unpack .../000-fonts-droid-fallback_1%3a6.0.1r16-1.1build1_all.deb ...
generate	UNKNOWN STEP	2026-01-12T16:41:02.0052380Z Unpacking fonts-droid-fallback (1:6.0.1r16-1.1build1) ...
generate	UNKNOWN STEP	2026-01-12T16:41:02.1486932Z Selecting previously unselected package poppler-data.
generate	UNKNOWN STEP	2026-01-12T16:41:02.1621136Z Preparing to unpack .../001-poppler-data_0.4.12-1_all.deb ...
generate	UNKNOWN STEP	2026-01-12T16:41:02.1632742Z Unpacking poppler-data (0.4.12-1) ...
generate	UNKNOWN STEP	2026-01-12T16:41:02.2906330Z Selecting previously unselected package libva2:amd64.
generate	UNKNOWN STEP	2026-01-12T16:41:02.3042827Z Preparing to unpack .../002-libva2_2.20.0-2build1_amd64.deb ...
generate	UNKNOWN STEP	2026-01-12T16:41:02.3065887Z Unpacking libva2:amd64 (2.20.0-2build1) ...
generate	UNKNOWN STEP	2026-01-12T16:41:02.3311974Z Selecting previously unselected package libva-drm2:amd64.
generate	UNKNOWN STEP	2026-01-12T16:41:02.3444404Z Preparing to unpack .../003-libva-drm2_2.20.0-2build1_amd64.deb ...
generate	UNKNOWN STEP	2026-01-12T16:41:02.3527477Z Unpacking libva-drm2:amd64 (2.20.0-2build1) ...
generate	UNKNOWN STEP	2026-01-12T16:41:02.3745421Z Selecting previously unselected package libva-x11-2:amd64.
generate	UNKNOWN STEP	2026-01-12T16:41:02.3876849Z Preparing to unpack .../004-libva-x11-2_2.20.0-2build1_amd64.deb ...
generate	UNKNOWN STEP	2026-01-12T16:41:02.3888038Z Unpacking libva-x11-2:amd64 (2.20.0-2build1) ...
generate	UNKNOWN STEP	2026-01-12T16:41:02.4116059Z Selecting previously unselected package libvdpau1:amd64.
generate	UNKNOWN STEP	2026-01-12T16:41:02.4245091Z Preparing to unpack .../005-libvdpau1_1.5-2build1_amd64.deb ...
generate	UNKNOWN STEP	2026-01-12T16:41:02.4257087Z Unpacking libvdpau1:amd64 (1.5-2build1) ...
generate	UNKNOWN STEP	2026-01-12T16:41:02.4494491Z Selecting previously unselected package libvpl2.
generate	UNKNOWN STEP	2026-01-12T16:41:02.4622712Z Preparing to unpack .../006-libvpl2_2023.3.0-1build1_amd64.deb ...
generate	UNKNOWN STEP	2026-01-12T16:41:02.4635335Z Unpacking libvpl2 (2023.3.0-1build1) ...
generate	UNKNOWN STEP	2026-01-12T16:41:02.4878741Z Selecting previously unselected package ocl-icd-libopencl1:amd64.
generate	UNKNOWN STEP	2026-01-12T16:41:02.5007369Z Preparing to unpack .../007-ocl-icd-libopencl1_2.3.2-1build1_amd64.deb ...
generate	UNKNOWN STEP	2026-01-12T16:41:02.5018568Z Unpacking ocl-icd-libopencl1:amd64 (2.3.2-1build1) ...
generate	UNKNOWN STEP	2026-01-12T16:41:02.5309516Z Selecting previously unselected package libavutil58:amd64.
generate	UNKNOWN STEP	2026-01-12T16:41:02.5437482Z Preparing to unpack .../008-libavutil58_7%3a6.1.1-3ubuntu5_amd64.deb ...
generate	UNKNOWN STEP	2026-01-12T16:41:02.5449407Z Unpacking libavutil58:amd64 (7:6.1.1-3ubuntu5) ...
generate	UNKNOWN STEP	2026-01-12T16:41:02.5733894Z Selecting previously unselected package libcodec2-1.2:amd64.
generate	UNKNOWN STEP	2026-01-12T16:41:02.5860749Z Preparing to unpack .../009-libcodec2-1.2_1.2.0-2build1_amd64.deb ...
generate	UNKNOWN STEP	2026-01-12T16:41:02.5871632Z Unpacking libcodec2-1.2:amd64 (1.2.0-2build1) ...
generate	UNKNOWN STEP	2026-01-12T16:41:02.6668417Z Selecting previously unselected package libdav1d7:amd64.
generate	UNKNOWN STEP	2026-01-12T16:41:02.6801108Z Preparing to unpack .../010-libdav1d7_1.4.1-1build1_amd64.deb ...
generate	UNKNOWN STEP	2026-01-12T16:41:02.6812450Z Unpacking libdav1d7:amd64 (1.4.1-1build1) ...
generate	UNKNOWN STEP	2026-01-12T16:41:02.7106039Z Selecting previously unselected package libgsm1:amd64.
generate	UNKNOWN STEP	2026-01-12T16:41:02.7238482Z Preparing to unpack .../011-libgsm1_1.0.22-1build1_amd64.deb ...
generate	UNKNOWN STEP	2026-01-12T16:41:02.7248975Z Unpacking libgsm1:amd64 (1.0.22-1build1) ...
generate	UNKNOWN STEP	2026-01-12T16:41:02.7478144Z Selecting previously unselected package libhwy1t64:amd64.
generate	UNKNOWN STEP	2026-01-12T16:41:02.7607761Z Preparing to unpack .../012-libhwy1t64_1.0.7-8.1build1_amd64.deb ...
generate	UNKNOWN STEP	2026-01-12T16:41:02.7623929Z Unpacking libhwy1t64:amd64 (1.0.7-8.1build1) ...
generate	UNKNOWN STEP	2026-01-12T16:41:02.7981933Z Selecting previously unselected package libjxl0.7:amd64.
generate	UNKNOWN STEP	2026-01-12T16:41:02.8112309Z Preparing to unpack .../013-libjxl0.7_0.7.0-10.2ubuntu6.1_amd64.deb ...
generate	UNKNOWN STEP	2026-01-12T16:41:02.8123926Z Unpacking libjxl0.7:amd64 (0.7.0-10.2ubuntu6.1) ...
generate	UNKNOWN STEP	2026-01-12T16:41:02.8489657Z Selecting previously unselected package libmp3lame0:amd64.
generate	UNKNOWN STEP	2026-01-12T16:41:02.8618331Z Preparing to unpack .../014-libmp3lame0_3.100-6build1_amd64.deb ...
generate	UNKNOWN STEP	2026-01-12T16:41:02.8629233Z Unpacking libmp3lame0:amd64 (3.100-6build1) ...
generate	UNKNOWN STEP	2026-01-12T16:41:02.8864825Z Selecting previously unselected package libopus0:amd64.
generate	UNKNOWN STEP	2026-01-12T16:41:02.8992670Z Preparing to unpack .../015-libopus0_1.4-1build1_amd64.deb ...
generate	UNKNOWN STEP	2026-01-12T16:41:02.9003364Z Unpacking libopus0:amd64 (1.4-1build1) ...
generate	UNKNOWN STEP	2026-01-12T16:41:02.9241112Z Selecting previously unselected package librav1e0:amd64.
generate	UNKNOWN STEP	2026-01-12T16:41:02.9368850Z Preparing to unpack .../016-librav1e0_0.7.1-2_amd64.deb ...
generate	UNKNOWN STEP	2026-01-12T16:41:02.9378898Z Unpacking librav1e0:amd64 (0.7.1-2) ...
generate	UNKNOWN STEP	2026-01-12T16:41:02.9737317Z Selecting previously unselected package librsvg2-2:amd64.
generate	UNKNOWN STEP	2026-01-12T16:41:02.9865229Z Preparing to unpack .../017-librsvg2-2_2.58.0+dfsg-1build1_amd64.deb ...
generate	UNKNOWN STEP	2026-01-12T16:41:02.9876340Z Unpacking librsvg2-2:amd64 (2.58.0+dfsg-1build1) ...
generate	UNKNOWN STEP	2026-01-12T16:41:03.0365458Z Selecting previously unselected package libshine3:amd64.
generate	UNKNOWN STEP	2026-01-12T16:41:03.0499111Z Preparing to unpack .../018-libshine3_3.1.1-2build1_amd64.deb ...
generate	UNKNOWN STEP	2026-01-12T16:41:03.0510815Z Unpacking libshine3:amd64 (3.1.1-2build1) ...
generate	UNKNOWN STEP	2026-01-12T16:41:03.0722960Z Selecting previously unselected package libspeex1:amd64.
generate	UNKNOWN STEP	2026-01-12T16:41:03.0852037Z Preparing to unpack .../019-libspeex1_1.2.1-2ubuntu2.24.04.1_amd64.deb ...
generate	UNKNOWN STEP	2026-01-12T16:41:03.0877274Z Unpacking libspeex1:amd64 (1.2.1-2ubuntu2.24.04.1) ...
generate	UNKNOWN STEP	2026-01-12T16:41:03.1089554Z Selecting previously unselected package libsvtav1enc1d1:amd64.
generate	UNKNOWN STEP	2026-01-12T16:41:03.1217871Z Preparing to unpack .../020-libsvtav1enc1d1_1.7.0+dfsg-2build1_amd64.deb ...
generate	UNKNOWN STEP	2026-01-12T16:41:03.1229388Z Unpacking libsvtav1enc1d1:amd64 (1.7.0+dfsg-2build1) ...
generate	UNKNOWN STEP	2026-01-12T16:41:03.1766076Z Selecting previously unselected package libsoxr0:amd64.
generate	UNKNOWN STEP	2026-01-12T16:41:03.1895127Z Preparing to unpack .../021-libsoxr0_0.1.3-4build3_amd64.deb ...
generate	UNKNOWN STEP	2026-01-12T16:41:03.1906454Z Unpacking libsoxr0:amd64 (0.1.3-4build3) ...
generate	UNKNOWN STEP	2026-01-12T16:41:03.2146793Z Selecting previously unselected package libswresample4:amd64.
generate	UNKNOWN STEP	2026-01-12T16:41:03.2275717Z Preparing to unpack .../022-libswresample4_7%3a6.1.1-3ubuntu5_amd64.deb ...
generate	UNKNOWN STEP	2026-01-12T16:41:03.2287824Z Unpacking libswresample4:amd64 (7:6.1.1-3ubuntu5) ...
generate	UNKNOWN STEP	2026-01-12T16:41:03.2512429Z Selecting previously unselected package libtheora0:amd64.
generate	UNKNOWN STEP	2026-01-12T16:41:03.2639291Z Preparing to unpack .../023-libtheora0_1.1.1+dfsg.1-16.1build3_amd64.deb ...
generate	UNKNOWN STEP	2026-01-12T16:41:03.2650260Z Unpacking libtheora0:amd64 (1.1.1+dfsg.1-16.1build3) ...
generate	UNKNOWN STEP	2026-01-12T16:41:03.2906827Z Selecting previously unselected package libtwolame0:amd64.
generate	UNKNOWN STEP	2026-01-12T16:41:03.3031961Z Preparing to unpack .../024-libtwolame0_0.4.0-2build3_amd64.deb ...
generate	UNKNOWN STEP	2026-01-12T16:41:03.3042994Z Unpacking libtwolame0:amd64 (0.4.0-2build3) ...
generate	UNKNOWN STEP	2026-01-12T16:41:03.3277586Z Selecting previously unselected package libvorbisenc2:amd64.
generate	UNKNOWN STEP	2026-01-12T16:41:03.3401837Z Preparing to unpack .../025-libvorbisenc2_1.3.7-1build3_amd64.deb ...
generate	UNKNOWN STEP	2026-01-12T16:41:03.3412372Z Unpacking libvorbisenc2:amd64 (1.3.7-1build3) ...
generate	UNKNOWN STEP	2026-01-12T16:41:03.3662706Z Selecting previously unselected package libvpx9:amd64.
generate	UNKNOWN STEP	2026-01-12T16:41:03.3787066Z Preparing to unpack .../026-libvpx9_1.14.0-1ubuntu2.2_amd64.deb ...
generate	UNKNOWN STEP	2026-01-12T16:41:03.3800050Z Unpacking libvpx9:amd64 (1.14.0-1ubuntu2.2) ...
generate	UNKNOWN STEP	2026-01-12T16:41:03.4182204Z Selecting previously unselected package libx264-164:amd64.
generate	UNKNOWN STEP	2026-01-12T16:41:03.4307962Z Preparing to unpack .../027-libx264-164_2%3a0.164.3108+git31e19f9-1_amd64.deb ...
generate	UNKNOWN STEP	2026-01-12T16:41:03.4319340Z Unpacking libx264-164:amd64 (2:0.164.3108+git31e19f9-1) ...
generate	UNKNOWN STEP	2026-01-12T16:41:03.4607867Z Selecting previously unselected package libx265-199:amd64.
generate	UNKNOWN STEP	2026-01-12T16:41:03.4733380Z Preparing to unpack .../028-libx265-199_3.5-2build1_amd64.deb ...
generate	UNKNOWN STEP	2026-01-12T16:41:03.4744137Z Unpacking libx265-199:amd64 (3.5-2build1) ...
generate	UNKNOWN STEP	2026-01-12T16:41:03.5464649Z Selecting previously unselected package libxvidcore4:amd64.
generate	UNKNOWN STEP	2026-01-12T16:41:03.5601612Z Preparing to unpack .../029-libxvidcore4_2%3a1.3.7-1build1_amd64.deb ...
generate	UNKNOWN STEP	2026-01-12T16:41:03.5611905Z Unpacking libxvidcore4:amd64 (2:1.3.7-1build1) ...
generate	UNKNOWN STEP	2026-01-12T16:41:03.5845169Z Selecting previously unselected package libzvbi-common.
generate	UNKNOWN STEP	2026-01-12T16:41:03.5974028Z Preparing to unpack .../030-libzvbi-common_0.2.42-2_all.deb ...
generate	UNKNOWN STEP	2026-01-12T16:41:03.5986383Z Unpacking libzvbi-common (0.2.42-2) ...
generate	UNKNOWN STEP	2026-01-12T16:41:03.6479309Z Selecting previously unselected package libzvbi0t64:amd64.
generate	UNKNOWN STEP	2026-01-12T16:41:03.6607940Z Preparing to unpack .../031-libzvbi0t64_0.2.42-2_amd64.deb ...
generate	UNKNOWN STEP	2026-01-12T16:41:03.6619659Z Unpacking libzvbi0t64:amd64 (0.2.42-2) ...
generate	UNKNOWN STEP	2026-01-12T16:41:03.6882889Z Selecting previously unselected package libavcodec60:amd64.
generate	UNKNOWN STEP	2026-01-12T16:41:03.7011968Z Preparing to unpack .../032-libavcodec60_7%3a6.1.1-3ubuntu5_amd64.deb ...
generate	UNKNOWN STEP	2026-01-12T16:41:03.7023279Z Unpacking libavcodec60:amd64 (7:6.1.1-3ubuntu5) ...
generate	UNKNOWN STEP	2026-01-12T16:41:03.7871977Z Selecting previously unselected package libraw1394-11:amd64.
generate	UNKNOWN STEP	2026-01-12T16:41:03.8004151Z Preparing to unpack .../033-libraw1394-11_2.1.2-2build3_amd64.deb ...
generate	UNKNOWN STEP	2026-01-12T16:41:03.8015282Z Unpacking libraw1394-11:amd64 (2.1.2-2build3) ...
generate	UNKNOWN STEP	2026-01-12T16:41:03.8231797Z Selecting previously unselected package libavc1394-0:amd64.
generate	UNKNOWN STEP	2026-01-12T16:41:03.8365201Z Preparing to unpack .../034-libavc1394-0_0.5.4-5build3_amd64.deb ...
generate	UNKNOWN STEP	2026-01-12T16:41:03.8376567Z Unpacking libavc1394-0:amd64 (0.5.4-5build3) ...
generate	UNKNOWN STEP	2026-01-12T16:41:03.8591735Z Selecting previously unselected package libunibreak5:amd64.
generate	UNKNOWN STEP	2026-01-12T16:41:03.8721363Z Preparing to unpack .../035-libunibreak5_5.1-2build1_amd64.deb ...
generate	UNKNOWN STEP	2026-01-12T16:41:03.8731931Z Unpacking libunibreak5:amd64 (5.1-2build1) ...
generate	UNKNOWN STEP	2026-01-12T16:41:03.8949766Z Selecting previously unselected package libass9:amd64.
generate	UNKNOWN STEP	2026-01-12T16:41:03.9078725Z Preparing to unpack .../036-libass9_1%3a0.17.1-2build1_amd64.deb ...
generate	UNKNOWN STEP	2026-01-12T16:41:03.9089065Z Unpacking libass9:amd64 (1:0.17.1-2build1) ...
generate	UNKNOWN STEP	2026-01-12T16:41:03.9332055Z Selecting previously unselected package libudfread0:amd64.
generate	UNKNOWN STEP	2026-01-12T16:41:03.9460596Z Preparing to unpack .../037-libudfread0_1.1.2-1build1_amd64.deb ...
generate	UNKNOWN STEP	2026-01-12T16:41:03.9478502Z Unpacking libudfread0:amd64 (1.1.2-1build1) ...
generate	UNKNOWN STEP	2026-01-12T16:41:03.9698501Z Selecting previously unselected package libbluray2:amd64.
generate	UNKNOWN STEP	2026-01-12T16:41:03.9824482Z Preparing to unpack .../038-libbluray2_1%3a1.3.4-1build1_amd64.deb ...
generate	UNKNOWN STEP	2026-01-12T16:41:03.9835425Z Unpacking libbluray2:amd64 (1:1.3.4-1build1) ...
generate	UNKNOWN STEP	2026-01-12T16:41:04.0090227Z Selecting previously unselected package libchromaprint1:amd64.
generate	UNKNOWN STEP	2026-01-12T16:41:04.0216786Z Preparing to unpack .../039-libchromaprint1_1.5.1-5_amd64.deb ...
generate	UNKNOWN STEP	2026-01-12T16:41:04.0228133Z Unpacking libchromaprint1:amd64 (1.5.1-5) ...
generate	UNKNOWN STEP	2026-01-12T16:41:04.0458194Z Selecting previously unselected package libgme0:amd64.
generate	UNKNOWN STEP	2026-01-12T16:41:04.0582952Z Preparing to unpack .../040-libgme0_0.6.3-7build1_amd64.deb ...
generate	UNKNOWN STEP	2026-01-12T16:41:04.0593173Z Unpacking libgme0:amd64 (0.6.3-7build1) ...
generate	UNKNOWN STEP	2026-01-12T16:41:04.0826287Z Selecting previously unselected package libmpg123-0t64:amd64.
generate	UNKNOWN STEP	2026-01-12T16:41:04.0950419Z Preparing to unpack .../041-libmpg123-0t64_1.32.5-1ubuntu1.1_amd64.deb ...
generate	UNKNOWN STEP	2026-01-12T16:41:04.0962672Z Unpacking libmpg123-0t64:amd64 (1.32.5-1ubuntu1.1) ...
generate	UNKNOWN STEP	2026-01-12T16:41:04.1208888Z Selecting previously unselected package libopenmpt0t64:amd64.
generate	UNKNOWN STEP	2026-01-12T16:41:04.1334116Z Preparing to unpack .../042-libopenmpt0t64_0.7.3-1.1build3_amd64.deb ...
generate	UNKNOWN STEP	2026-01-12T16:41:04.1346709Z Unpacking libopenmpt0t64:amd64 (0.7.3-1.1build3) ...
generate	UNKNOWN STEP	2026-01-12T16:41:04.1635952Z Selecting previously unselected package libcjson1:amd64.
generate	UNKNOWN STEP	2026-01-12T16:41:04.1761333Z Preparing to unpack .../043-libcjson1_1.7.17-1_amd64.deb ...
generate	UNKNOWN STEP	2026-01-12T16:41:04.1773252Z Unpacking libcjson1:amd64 (1.7.17-1) ...
generate	UNKNOWN STEP	2026-01-12T16:41:04.1999600Z Selecting previously unselected package libmbedcrypto7t64:amd64.
generate	UNKNOWN STEP	2026-01-12T16:41:04.2124136Z Preparing to unpack .../044-libmbedcrypto7t64_2.28.8-1_amd64.deb ...
generate	UNKNOWN STEP	2026-01-12T16:41:04.2142790Z Unpacking libmbedcrypto7t64:amd64 (2.28.8-1) ...
generate	UNKNOWN STEP	2026-01-12T16:41:04.2396877Z Selecting previously unselected package librist4:amd64.
generate	UNKNOWN STEP	2026-01-12T16:41:04.2520978Z Preparing to unpack .../045-librist4_0.2.10+dfsg-2_amd64.deb ...
generate	UNKNOWN STEP	2026-01-12T16:41:04.2534212Z Unpacking librist4:amd64 (0.2.10+dfsg-2) ...
generate	UNKNOWN STEP	2026-01-12T16:41:04.2763859Z Selecting previously unselected package libsrt1.5-gnutls:amd64.
generate	UNKNOWN STEP	2026-01-12T16:41:04.2887242Z Preparing to unpack .../046-libsrt1.5-gnutls_1.5.3-1build2_amd64.deb ...
generate	UNKNOWN STEP	2026-01-12T16:41:04.2900280Z Unpacking libsrt1.5-gnutls:amd64 (1.5.3-1build2) ...
generate	UNKNOWN STEP	2026-01-12T16:41:04.3165140Z Selecting previously unselected package libssh-gcrypt-4:amd64.
generate	UNKNOWN STEP	2026-01-12T16:41:04.3288682Z Preparing to unpack .../047-libssh-gcrypt-4_0.10.6-2ubuntu0.2_amd64.deb ...
generate	UNKNOWN STEP	2026-01-12T16:41:04.3299873Z Unpacking libssh-gcrypt-4:amd64 (0.10.6-2ubuntu0.2) ...
generate	UNKNOWN STEP	2026-01-12T16:41:04.3546406Z Selecting previously unselected package libavformat60:amd64.
generate	UNKNOWN STEP	2026-01-12T16:41:04.3669938Z Preparing to unpack .../048-libavformat60_7%3a6.1.1-3ubuntu5_amd64.deb ...
generate	UNKNOWN STEP	2026-01-12T16:41:04.3680667Z Unpacking libavformat60:amd64 (7:6.1.1-3ubuntu5) ...
generate	UNKNOWN STEP	2026-01-12T16:41:04.4024997Z Selecting previously unselected package libbs2b0:amd64.
generate	UNKNOWN STEP	2026-01-12T16:41:04.4151468Z Preparing to unpack .../049-libbs2b0_3.1.0+dfsg-7build1_amd64.deb ...
generate	UNKNOWN STEP	2026-01-12T16:41:04.4162123Z Unpacking libbs2b0:amd64 (3.1.0+dfsg-7build1) ...
generate	UNKNOWN STEP	2026-01-12T16:41:04.4434156Z Selecting previously unselected package libflite1:amd64.
generate	UNKNOWN STEP	2026-01-12T16:41:04.4560489Z Preparing to unpack .../050-libflite1_2.2-6build3_amd64.deb ...
generate	UNKNOWN STEP	2026-01-12T16:41:04.4570738Z Unpacking libflite1:amd64 (2.2-6build3) ...
generate	UNKNOWN STEP	2026-01-12T16:41:04.5742328Z Selecting previously unselected package libserd-0-0:amd64.
generate	UNKNOWN STEP	2026-01-12T16:41:04.5878449Z Preparing to unpack .../051-libserd-0-0_0.32.2-1_amd64.deb ...
generate	UNKNOWN STEP	2026-01-12T16:41:04.5888973Z Unpacking libserd-0-0:amd64 (0.32.2-1) ...
generate	UNKNOWN STEP	2026-01-12T16:41:04.6112122Z Selecting previously unselected package libzix-0-0:amd64.
generate	UNKNOWN STEP	2026-01-12T16:41:04.6245993Z Preparing to unpack .../052-libzix-0-0_0.4.2-2build1_amd64.deb ...
generate	UNKNOWN STEP	2026-01-12T16:41:04.6256918Z Unpacking libzix-0-0:amd64 (0.4.2-2build1) ...
generate	UNKNOWN STEP	2026-01-12T16:41:04.6471898Z Selecting previously unselected package libsord-0-0:amd64.
generate	UNKNOWN STEP	2026-01-12T16:41:04.6600145Z Preparing to unpack .../053-libsord-0-0_0.16.16-2build1_amd64.deb ...
generate	UNKNOWN STEP	2026-01-12T16:41:04.6612477Z Unpacking libsord-0-0:amd64 (0.16.16-2build1) ...
generate	UNKNOWN STEP	2026-01-12T16:41:04.6829892Z Selecting previously unselected package libsratom-0-0:amd64.
generate	UNKNOWN STEP	2026-01-12T16:41:04.6956894Z Preparing to unpack .../054-libsratom-0-0_0.6.16-1build1_amd64.deb ...
generate	UNKNOWN STEP	2026-01-12T16:41:04.6968346Z Unpacking libsratom-0-0:amd64 (0.6.16-1build1) ...
generate	UNKNOWN STEP	2026-01-12T16:41:04.7187298Z Selecting previously unselected package liblilv-0-0:amd64.
generate	UNKNOWN STEP	2026-01-12T16:41:04.7312718Z Preparing to unpack .../055-liblilv-0-0_0.24.22-1build1_amd64.deb ...
generate	UNKNOWN STEP	2026-01-12T16:41:04.7324631Z Unpacking liblilv-0-0:amd64 (0.24.22-1build1) ...
generate	UNKNOWN STEP	2026-01-12T16:41:04.7540941Z Selecting previously unselected package libmysofa1:amd64.
generate	UNKNOWN STEP	2026-01-12T16:41:04.7668482Z Preparing to unpack .../056-libmysofa1_1.3.2+dfsg-2ubuntu2_amd64.deb ...
generate	UNKNOWN STEP	2026-01-12T16:41:04.7681381Z Unpacking libmysofa1:amd64 (1.3.2+dfsg-2ubuntu2) ...
generate	UNKNOWN STEP	2026-01-12T16:41:04.7962428Z Selecting previously unselected package libplacebo338:amd64.
generate	UNKNOWN STEP	2026-01-12T16:41:04.8091274Z Preparing to unpack .../057-libplacebo338_6.338.2-2build1_amd64.deb ...
generate	UNKNOWN STEP	2026-01-12T16:41:04.8101189Z Unpacking libplacebo338:amd64 (6.338.2-2build1) ...
generate	UNKNOWN STEP	2026-01-12T16:41:04.8692811Z Selecting previously unselected package libblas3:amd64.
generate	UNKNOWN STEP	2026-01-12T16:41:04.8825858Z Preparing to unpack .../058-libblas3_3.12.0-3build1.1_amd64.deb ...
generate	UNKNOWN STEP	2026-01-12T16:41:04.8857733Z Unpacking libblas3:amd64 (3.12.0-3build1.1) ...
generate	UNKNOWN STEP	2026-01-12T16:41:04.9123952Z Selecting previously unselected package liblapack3:amd64.
generate	UNKNOWN STEP	2026-01-12T16:41:04.9255170Z Preparing to unpack .../059-liblapack3_3.12.0-3build1.1_amd64.deb ...
generate	UNKNOWN STEP	2026-01-12T16:41:04.9286463Z Unpacking liblapack3:amd64 (3.12.0-3build1.1) ...
generate	UNKNOWN STEP	2026-01-12T16:41:04.9788480Z Selecting previously unselected package libasyncns0:amd64.
generate	UNKNOWN STEP	2026-01-12T16:41:04.9920135Z Preparing to unpack .../060-libasyncns0_0.8-6build4_amd64.deb ...
generate	UNKNOWN STEP	2026-01-12T16:41:04.9928805Z Unpacking libasyncns0:amd64 (0.8-6build4) ...
generate	UNKNOWN STEP	2026-01-12T16:41:05.0130838Z Selecting previously unselected package libflac12t64:amd64.
generate	UNKNOWN STEP	2026-01-12T16:41:05.0262406Z Preparing to unpack .../061-libflac12t64_1.4.3+ds-2.1ubuntu2_amd64.deb ...
generate	UNKNOWN STEP	2026-01-12T16:41:05.0271448Z Unpacking libflac12t64:amd64 (1.4.3+ds-2.1ubuntu2) ...
generate	UNKNOWN STEP	2026-01-12T16:41:05.0501763Z Selecting previously unselected package libsndfile1:amd64.
generate	UNKNOWN STEP	2026-01-12T16:41:05.0630934Z Preparing to unpack .../062-libsndfile1_1.2.2-1ubuntu5.24.04.1_amd64.deb ...
generate	UNKNOWN STEP	2026-01-12T16:41:05.0639965Z Unpacking libsndfile1:amd64 (1.2.2-1ubuntu5.24.04.1) ...
generate	UNKNOWN STEP	2026-01-12T16:41:05.0884319Z Selecting previously unselected package libpulse0:amd64.
generate	UNKNOWN STEP	2026-01-12T16:41:05.1014932Z Preparing to unpack .../063-libpulse0_1%3a16.1+dfsg1-2ubuntu10.1_amd64.deb ...
generate	UNKNOWN STEP	2026-01-12T16:41:05.1077613Z Unpacking libpulse0:amd64 (1:16.1+dfsg1-2ubuntu10.1) ...
generate	UNKNOWN STEP	2026-01-12T16:41:05.1329942Z Selecting previously unselected package libsphinxbase3t64:amd64.
generate	UNKNOWN STEP	2026-01-12T16:41:05.1460407Z Preparing to unpack .../064-libsphinxbase3t64_0.8+5prealpha+1-17build2_amd64.deb ...
generate	UNKNOWN STEP	2026-01-12T16:41:05.1469583Z Unpacking libsphinxbase3t64:amd64 (0.8+5prealpha+1-17build2) ...
generate	UNKNOWN STEP	2026-01-12T16:41:05.1687907Z Selecting previously unselected package libpocketsphinx3:amd64.
generate	UNKNOWN STEP	2026-01-12T16:41:05.1817031Z Preparing to unpack .../065-libpocketsphinx3_0.8.0+real5prealpha+1-15ubuntu5_amd64.deb ...
generate	UNKNOWN STEP	2026-01-12T16:41:05.1825431Z Unpacking libpocketsphinx3:amd64 (0.8.0+real5prealpha+1-15ubuntu5) ...
generate	UNKNOWN STEP	2026-01-12T16:41:05.2056278Z Selecting previously unselected package libpostproc57:amd64.
generate	UNKNOWN STEP	2026-01-12T16:41:05.2182681Z Preparing to unpack .../066-libpostproc57_7%3a6.1.1-3ubuntu5_amd64.deb ...
generate	UNKNOWN STEP	2026-01-12T16:41:05.2192407Z Unpacking libpostproc57:amd64 (7:6.1.1-3ubuntu5) ...
generate	UNKNOWN STEP	2026-01-12T16:41:05.2407217Z Selecting previously unselected package libsamplerate0:amd64.
generate	UNKNOWN STEP	2026-01-12T16:41:05.2534788Z Preparing to unpack .../067-libsamplerate0_0.2.2-4build1_amd64.deb ...
generate	UNKNOWN STEP	2026-01-12T16:41:05.2561037Z Unpacking libsamplerate0:amd64 (0.2.2-4build1) ...
generate	UNKNOWN STEP	2026-01-12T16:41:05.2824700Z Selecting previously unselected package librubberband2:amd64.
generate	UNKNOWN STEP	2026-01-12T16:41:05.2950370Z Preparing to unpack .../068-librubberband2_3.3.0+dfsg-2build1_amd64.deb ...
generate	UNKNOWN STEP	2026-01-12T16:41:05.2959303Z Unpacking librubberband2:amd64 (3.3.0+dfsg-2build1) ...
generate	UNKNOWN STEP	2026-01-12T16:41:05.3189990Z Selecting previously unselected package libswscale7:amd64.
generate	UNKNOWN STEP	2026-01-12T16:41:05.3317548Z Preparing to unpack .../069-libswscale7_7%3a6.1.1-3ubuntu5_amd64.deb ...
generate	UNKNOWN STEP	2026-01-12T16:41:05.3328155Z Unpacking libswscale7:amd64 (7:6.1.1-3ubuntu5) ...
generate	UNKNOWN STEP	2026-01-12T16:41:05.3555412Z Selecting previously unselected package libvidstab1.1:amd64.
generate	UNKNOWN STEP	2026-01-12T16:41:05.3683377Z Preparing to unpack .../070-libvidstab1.1_1.1.0-2build1_amd64.deb ...
generate	UNKNOWN STEP	2026-01-12T16:41:05.3692189Z Unpacking libvidstab1.1:amd64 (1.1.0-2build1) ...
generate	UNKNOWN STEP	2026-01-12T16:41:05.3899909Z Selecting previously unselected package libzimg2:amd64.
generate	UNKNOWN STEP	2026-01-12T16:41:05.4027981Z Preparing to unpack .../071-libzimg2_3.0.5+ds1-1build1_amd64.deb ...
generate	UNKNOWN STEP	2026-01-12T16:41:05.4038594Z Unpacking libzimg2:amd64 (3.0.5+ds1-1build1) ...
generate	UNKNOWN STEP	2026-01-12T16:41:05.4282657Z Selecting previously unselected package libavfilter9:amd64.
generate	UNKNOWN STEP	2026-01-12T16:41:05.4408079Z Preparing to unpack .../072-libavfilter9_7%3a6.1.1-3ubuntu5_amd64.deb ...
generate	UNKNOWN STEP	2026-01-12T16:41:05.4416479Z Unpacking libavfilter9:amd64 (7:6.1.1-3ubuntu5) ...
generate	UNKNOWN STEP	2026-01-12T16:41:05.5142073Z Selecting previously unselected package libcaca0:amd64.
generate	UNKNOWN STEP	2026-01-12T16:41:05.5273606Z Preparing to unpack .../073-libcaca0_0.99.beta20-4ubuntu0.1_amd64.deb ...
generate	UNKNOWN STEP	2026-01-12T16:41:05.5282001Z Unpacking libcaca0:amd64 (0.99.beta20-4ubuntu0.1) ...
generate	UNKNOWN STEP	2026-01-12T16:41:05.5530112Z Selecting previously unselected package libcdio19t64:amd64.
generate	UNKNOWN STEP	2026-01-12T16:41:05.5660102Z Preparing to unpack .../074-libcdio19t64_2.1.0-4.1ubuntu1.2_amd64.deb ...
generate	UNKNOWN STEP	2026-01-12T16:41:05.5667935Z Unpacking libcdio19t64:amd64 (2.1.0-4.1ubuntu1.2) ...
generate	UNKNOWN STEP	2026-01-12T16:41:05.5876989Z Selecting previously unselected package libcdio-cdda2t64:amd64.
generate	UNKNOWN STEP	2026-01-12T16:41:05.6006887Z Preparing to unpack .../075-libcdio-cdda2t64_10.2+2.0.1-1.1build2_amd64.deb ...
generate	UNKNOWN STEP	2026-01-12T16:41:05.6014299Z Unpacking libcdio-cdda2t64:amd64 (10.2+2.0.1-1.1build2) ...
generate	UNKNOWN STEP	2026-01-12T16:41:05.6216861Z Selecting previously unselected package libcdio-paranoia2t64:amd64.
generate	UNKNOWN STEP	2026-01-12T16:41:05.6344320Z Preparing to unpack .../076-libcdio-paranoia2t64_10.2+2.0.1-1.1build2_amd64.deb ...
generate	UNKNOWN STEP	2026-01-12T16:41:05.6353055Z Unpacking libcdio-paranoia2t64:amd64 (10.2+2.0.1-1.1build2) ...
generate	UNKNOWN STEP	2026-01-12T16:41:05.6556033Z Selecting previously unselected package libdc1394-25:amd64.
generate	UNKNOWN STEP	2026-01-12T16:41:05.6681685Z Preparing to unpack .../077-libdc1394-25_2.2.6-4build1_amd64.deb ...
generate	UNKNOWN STEP	2026-01-12T16:41:05.6690047Z Unpacking libdc1394-25:amd64 (2.2.6-4build1) ...
generate	UNKNOWN STEP	2026-01-12T16:41:05.6903624Z Selecting previously unselected package libiec61883-0:amd64.
generate	UNKNOWN STEP	2026-01-12T16:41:05.7029850Z Preparing to unpack .../078-libiec61883-0_1.2.0-6build1_amd64.deb ...
generate	UNKNOWN STEP	2026-01-12T16:41:05.7037793Z Unpacking libiec61883-0:amd64 (1.2.0-6build1) ...
generate	UNKNOWN STEP	2026-01-12T16:41:05.7239732Z Selecting previously unselected package libjack-jackd2-0:amd64.
generate	UNKNOWN STEP	2026-01-12T16:41:05.7364736Z Preparing to unpack .../079-libjack-jackd2-0_1.9.21~dfsg-3ubuntu3_amd64.deb ...
generate	UNKNOWN STEP	2026-01-12T16:41:05.7373452Z Unpacking libjack-jackd2-0:amd64 (1.9.21~dfsg-3ubuntu3) ...
generate	UNKNOWN STEP	2026-01-12T16:41:05.7620768Z Selecting previously unselected package libopenal-data.
generate	UNKNOWN STEP	2026-01-12T16:41:05.7744290Z Preparing to unpack .../080-libopenal-data_1%3a1.23.1-4build1_all.deb ...
generate	UNKNOWN STEP	2026-01-12T16:41:05.7752179Z Unpacking libopenal-data (1:1.23.1-4build1) ...
generate	UNKNOWN STEP	2026-01-12T16:41:05.7978311Z Selecting previously unselected package libsndio7.0:amd64.
generate	UNKNOWN STEP	2026-01-12T16:41:05.8101847Z Preparing to unpack .../081-libsndio7.0_1.9.0-0.3build3_amd64.deb ...
generate	UNKNOWN STEP	2026-01-12T16:41:05.8110146Z Unpacking libsndio7.0:amd64 (1.9.0-0.3build3) ...
generate	UNKNOWN STEP	2026-01-12T16:41:05.8318778Z Selecting previously unselected package libopenal1:amd64.
generate	UNKNOWN STEP	2026-01-12T16:41:05.8442242Z Preparing to unpack .../082-libopenal1_1%3a1.23.1-4build1_amd64.deb ...
generate	UNKNOWN STEP	2026-01-12T16:41:05.8559884Z Unpacking libopenal1:amd64 (1:1.23.1-4build1) ...
generate	UNKNOWN STEP	2026-01-12T16:41:05.8826741Z Selecting previously unselected package libdecor-0-0:amd64.
generate	UNKNOWN STEP	2026-01-12T16:41:05.8951726Z Preparing to unpack .../083-libdecor-0-0_0.2.2-1build2_amd64.deb ...
generate	UNKNOWN STEP	2026-01-12T16:41:05.8959203Z Unpacking libdecor-0-0:amd64 (0.2.2-1build2) ...
generate	UNKNOWN STEP	2026-01-12T16:41:05.9160673Z Selecting previously unselected package libsdl2-2.0-0:amd64.
generate	UNKNOWN STEP	2026-01-12T16:41:05.9284363Z Preparing to unpack .../084-libsdl2-2.0-0_2.30.0+dfsg-1ubuntu3.1_amd64.deb ...
generate	UNKNOWN STEP	2026-01-12T16:41:05.9291824Z Unpacking libsdl2-2.0-0:amd64 (2.30.0+dfsg-1ubuntu3.1) ...
generate	UNKNOWN STEP	2026-01-12T16:41:05.9578189Z Selecting previously unselected package libxcb-shape0:amd64.
generate	UNKNOWN STEP	2026-01-12T16:41:05.9701906Z Preparing to unpack .../085-libxcb-shape0_1.15-1ubuntu2_amd64.deb ...
generate	UNKNOWN STEP	2026-01-12T16:41:05.9710006Z Unpacking libxcb-shape0:amd64 (1.15-1ubuntu2) ...
generate	UNKNOWN STEP	2026-01-12T16:41:05.9908185Z Selecting previously unselected package libxv1:amd64.
generate	UNKNOWN STEP	2026-01-12T16:41:06.0031468Z Preparing to unpack .../086-libxv1_2%3a1.0.11-1.1build1_amd64.deb ...
generate	UNKNOWN STEP	2026-01-12T16:41:06.0039145Z Unpacking libxv1:amd64 (2:1.0.11-1.1build1) ...
generate	UNKNOWN STEP	2026-01-12T16:41:06.0243925Z Selecting previously unselected package libavdevice60:amd64.
generate	UNKNOWN STEP	2026-01-12T16:41:06.0366537Z Preparing to unpack .../087-libavdevice60_7%3a6.1.1-3ubuntu5_amd64.deb ...
generate	UNKNOWN STEP	2026-01-12T16:41:06.0374128Z Unpacking libavdevice60:amd64 (7:6.1.1-3ubuntu5) ...
generate	UNKNOWN STEP	2026-01-12T16:41:06.0577767Z Selecting previously unselected package ffmpeg.
generate	UNKNOWN STEP	2026-01-12T16:41:06.0701484Z Preparing to unpack .../088-ffmpeg_7%3a6.1.1-3ubuntu5_amd64.deb ...
generate	UNKNOWN STEP	2026-01-12T16:41:06.0710110Z Unpacking ffmpeg (7:6.1.1-3ubuntu5) ...
generate	UNKNOWN STEP	2026-01-12T16:41:06.1683076Z Selecting previously unselected package fonts-noto-mono.
generate	UNKNOWN STEP	2026-01-12T16:41:06.1811748Z Preparing to unpack .../089-fonts-noto-mono_20201225-2_all.deb ...
generate	UNKNOWN STEP	2026-01-12T16:41:06.1819997Z Unpacking fonts-noto-mono (20201225-2) ...
generate	UNKNOWN STEP	2026-01-12T16:41:06.2098894Z Selecting previously unselected package xfonts-encodings.
generate	UNKNOWN STEP	2026-01-12T16:41:06.2226213Z Preparing to unpack .../090-xfonts-encodings_1%3a1.0.5-0ubuntu2_all.deb ...
generate	UNKNOWN STEP	2026-01-12T16:41:06.2234344Z Unpacking xfonts-encodings (1:1.0.5-0ubuntu2) ...
generate	UNKNOWN STEP	2026-01-12T16:41:06.2521686Z Selecting previously unselected package xfonts-utils.
generate	UNKNOWN STEP	2026-01-12T16:41:06.2647896Z Preparing to unpack .../091-xfonts-utils_1%3a7.7+6build3_amd64.deb ...
generate	UNKNOWN STEP	2026-01-12T16:41:06.2655827Z Unpacking xfonts-utils (1:7.7+6build3) ...
generate	UNKNOWN STEP	2026-01-12T16:41:06.3152171Z Selecting previously unselected package fonts-urw-base35.
generate	UNKNOWN STEP	2026-01-12T16:41:06.3278892Z Preparing to unpack .../092-fonts-urw-base35_20200910-8_all.deb ...
generate	UNKNOWN STEP	2026-01-12T16:41:06.3913291Z Unpacking fonts-urw-base35 (20200910-8) ...
generate	UNKNOWN STEP	2026-01-12T16:41:06.4872841Z Selecting previously unselected package libgs-common.
generate	UNKNOWN STEP	2026-01-12T16:41:06.5008022Z Preparing to unpack .../093-libgs-common_10.02.1~dfsg1-0ubuntu7.8_all.deb ...
generate	UNKNOWN STEP	2026-01-12T16:41:06.5015947Z Unpacking libgs-common (10.02.1~dfsg1-0ubuntu7.8) ...
generate	UNKNOWN STEP	2026-01-12T16:41:06.5247698Z Selecting previously unselected package libgs10-common.
generate	UNKNOWN STEP	2026-01-12T16:41:06.5382016Z Preparing to unpack .../094-libgs10-common_10.02.1~dfsg1-0ubuntu7.8_all.deb ...
generate	UNKNOWN STEP	2026-01-12T16:41:06.5388939Z Unpacking libgs10-common (10.02.1~dfsg1-0ubuntu7.8) ...
generate	UNKNOWN STEP	2026-01-12T16:41:06.6089913Z Selecting previously unselected package libidn12:amd64.
generate	UNKNOWN STEP	2026-01-12T16:41:06.6224295Z Preparing to unpack .../095-libidn12_1.42-1build1_amd64.deb ...
generate	UNKNOWN STEP	2026-01-12T16:41:06.6233692Z Unpacking libidn12:amd64 (1.42-1build1) ...
generate	UNKNOWN STEP	2026-01-12T16:41:06.6444468Z Selecting previously unselected package libijs-0.35:amd64.
generate	UNKNOWN STEP	2026-01-12T16:41:06.6576235Z Preparing to unpack .../096-libijs-0.35_0.35-15.1build1_amd64.deb ...
generate	UNKNOWN STEP	2026-01-12T16:41:06.6583336Z Unpacking libijs-0.35:amd64 (0.35-15.1build1) ...
generate	UNKNOWN STEP	2026-01-12T16:41:06.6784301Z Selecting previously unselected package libjbig2dec0:amd64.
generate	UNKNOWN STEP	2026-01-12T16:41:06.6913629Z Preparing to unpack .../097-libjbig2dec0_0.20-1build3_amd64.deb ...
generate	UNKNOWN STEP	2026-01-12T16:41:06.6922103Z Unpacking libjbig2dec0:amd64 (0.20-1build3) ...
generate	UNKNOWN STEP	2026-01-12T16:41:06.7138312Z Selecting previously unselected package libpaper1:amd64.
generate	UNKNOWN STEP	2026-01-12T16:41:06.7266893Z Preparing to unpack .../098-libpaper1_1.1.29build1_amd64.deb ...
generate	UNKNOWN STEP	2026-01-12T16:41:06.7275015Z Unpacking libpaper1:amd64 (1.1.29build1) ...
generate	UNKNOWN STEP	2026-01-12T16:41:06.7527690Z Selecting previously unselected package libgs10:amd64.
generate	UNKNOWN STEP	2026-01-12T16:41:06.7655528Z Preparing to unpack .../099-libgs10_10.02.1~dfsg1-0ubuntu7.8_amd64.deb ...
generate	UNKNOWN STEP	2026-01-12T16:41:06.7663463Z Unpacking libgs10:amd64 (10.02.1~dfsg1-0ubuntu7.8) ...
generate	UNKNOWN STEP	2026-01-12T16:41:06.8706459Z Selecting previously unselected package ghostscript.
generate	UNKNOWN STEP	2026-01-12T16:41:06.8839760Z Preparing to unpack .../100-ghostscript_10.02.1~dfsg1-0ubuntu7.8_amd64.deb ...
generate	UNKNOWN STEP	2026-01-12T16:41:06.8847215Z Unpacking ghostscript (10.02.1~dfsg1-0ubuntu7.8) ...
generate	UNKNOWN STEP	2026-01-12T16:41:07.0770997Z Selecting previously unselected package imagemagick-6.q16.
generate	UNKNOWN STEP	2026-01-12T16:41:07.0903755Z Preparing to unpack .../101-imagemagick-6.q16_8%3a6.9.12.98+dfsg1-5.2build2_amd64.deb ...
generate	UNKNOWN STEP	2026-01-12T16:41:07.0910911Z Unpacking imagemagick-6.q16 (8:6.9.12.98+dfsg1-5.2build2) ...
generate	UNKNOWN STEP	2026-01-12T16:41:07.2999469Z Selecting previously unselected package imagemagick.
generate	UNKNOWN STEP	2026-01-12T16:41:07.3132466Z Preparing to unpack .../102-imagemagick_8%3a6.9.12.98+dfsg1-5.2build2_amd64.deb ...
generate	UNKNOWN STEP	2026-01-12T16:41:07.3140780Z Unpacking imagemagick (8:6.9.12.98+dfsg1-5.2build2) ...
generate	UNKNOWN STEP	2026-01-12T16:41:07.3343031Z Selecting previously unselected package libigdgmm12:amd64.
generate	UNKNOWN STEP	2026-01-12T16:41:07.3472394Z Preparing to unpack .../103-libigdgmm12_22.3.17+ds1-1_amd64.deb ...
generate	UNKNOWN STEP	2026-01-12T16:41:07.3479867Z Unpacking libigdgmm12:amd64 (22.3.17+ds1-1) ...
generate	UNKNOWN STEP	2026-01-12T16:41:07.3714421Z Selecting previously unselected package intel-media-va-driver:amd64.
generate	UNKNOWN STEP	2026-01-12T16:41:07.3842097Z Preparing to unpack .../104-intel-media-va-driver_24.1.0+dfsg1-1ubuntu0.1_amd64.deb ...
generate	UNKNOWN STEP	2026-01-12T16:41:07.3851623Z Unpacking intel-media-va-driver:amd64 (24.1.0+dfsg1-1ubuntu0.1) ...
generate	UNKNOWN STEP	2026-01-12T16:41:07.4537662Z Selecting previously unselected package libaacs0:amd64.
generate	UNKNOWN STEP	2026-01-12T16:41:07.4671085Z Preparing to unpack .../105-libaacs0_0.11.1-2build1_amd64.deb ...
generate	UNKNOWN STEP	2026-01-12T16:41:07.4679062Z Unpacking libaacs0:amd64 (0.11.1-2build1) ...
generate	UNKNOWN STEP	2026-01-12T16:41:07.4891091Z Selecting previously unselected package libbdplus0:amd64.
generate	UNKNOWN STEP	2026-01-12T16:41:07.5022892Z Preparing to unpack .../106-libbdplus0_0.2.0-3build1_amd64.deb ...
generate	UNKNOWN STEP	2026-01-12T16:41:07.5030749Z Unpacking libbdplus0:amd64 (0.2.0-3build1) ...
generate	UNKNOWN STEP	2026-01-12T16:41:07.5230790Z Selecting previously unselected package libdecor-0-plugin-1-gtk:amd64.
generate	UNKNOWN STEP	2026-01-12T16:41:07.5360921Z Preparing to unpack .../107-libdecor-0-plugin-1-gtk_0.2.2-1build2_amd64.deb ...
generate	UNKNOWN STEP	2026-01-12T16:41:07.5369744Z Unpacking libdecor-0-plugin-1-gtk:amd64 (0.2.2-1build2) ...
generate	UNKNOWN STEP	2026-01-12T16:41:07.5560064Z Selecting previously unselected package libdjvulibre-text.
generate	UNKNOWN STEP	2026-01-12T16:41:07.5689253Z Preparing to unpack .../108-libdjvulibre-text_3.5.28-2ubuntu0.24.04.1_all.deb ...
generate	UNKNOWN STEP	2026-01-12T16:41:07.5697222Z Unpacking libdjvulibre-text (3.5.28-2ubuntu0.24.04.1) ...
generate	UNKNOWN STEP	2026-01-12T16:41:07.5937967Z Selecting previously unselected package libdjvulibre21:amd64.
generate	UNKNOWN STEP	2026-01-12T16:41:07.6066293Z Preparing to unpack .../109-libdjvulibre21_3.5.28-2ubuntu0.24.04.1_amd64.deb ...
generate	UNKNOWN STEP	2026-01-12T16:41:07.6074872Z Unpacking libdjvulibre21:amd64 (3.5.28-2ubuntu0.24.04.1) ...
generate	UNKNOWN STEP	2026-01-12T16:41:07.6345395Z Selecting previously unselected package libimath-3-1-29t64:amd64.
generate	UNKNOWN STEP	2026-01-12T16:41:07.6473710Z Preparing to unpack .../110-libimath-3-1-29t64_3.1.9-3.1ubuntu2_amd64.deb ...
generate	UNKNOWN STEP	2026-01-12T16:41:07.6481510Z Unpacking libimath-3-1-29t64:amd64 (3.1.9-3.1ubuntu2) ...
generate	UNKNOWN STEP	2026-01-12T16:41:07.6707252Z Selecting previously unselected package libjxr0t64:amd64.
generate	UNKNOWN STEP	2026-01-12T16:41:07.6833955Z Preparing to unpack .../111-libjxr0t64_1.2~git20170615.f752187-5.1ubuntu2_amd64.deb ...
generate	UNKNOWN STEP	2026-01-12T16:41:07.6843027Z Unpacking libjxr0t64:amd64 (1.2~git20170615.f752187-5.1ubuntu2) ...
generate	UNKNOWN STEP	2026-01-12T16:41:07.7059366Z Selecting previously unselected package libjxr-tools.
generate	UNKNOWN STEP	2026-01-12T16:41:07.7186979Z Preparing to unpack .../112-libjxr-tools_1.2~git20170615.f752187-5.1ubuntu2_amd64.deb ...
generate	UNKNOWN STEP	2026-01-12T16:41:07.7194376Z Unpacking libjxr-tools (1.2~git20170615.f752187-5.1ubuntu2) ...
generate	UNKNOWN STEP	2026-01-12T16:41:07.7454309Z Selecting previously unselected package libopenexr-3-1-30:amd64.
generate	UNKNOWN STEP	2026-01-12T16:41:07.7579349Z Preparing to unpack .../113-libopenexr-3-1-30_3.1.5-5.1build3_amd64.deb ...
generate	UNKNOWN STEP	2026-01-12T16:41:07.7587769Z Unpacking libopenexr-3-1-30:amd64 (3.1.5-5.1build3) ...
generate	UNKNOWN STEP	2026-01-12T16:41:07.7964968Z Selecting previously unselected package libwmflite-0.2-7:amd64.
generate	UNKNOWN STEP	2026-01-12T16:41:07.8093842Z Preparing to unpack .../114-libwmflite-0.2-7_0.2.13-1.1build3_amd64.deb ...
generate	UNKNOWN STEP	2026-01-12T16:41:07.8103682Z Unpacking libwmflite-0.2-7:amd64 (0.2.13-1.1build3) ...
generate	UNKNOWN STEP	2026-01-12T16:41:07.8308495Z Selecting previously unselected package libmagickcore-6.q16-7-extra:amd64.
generate	UNKNOWN STEP	2026-01-12T16:41:07.8437883Z Preparing to unpack .../115-libmagickcore-6.q16-7-extra_8%3a6.9.12.98+dfsg1-5.2build2_amd64.deb ...
generate	UNKNOWN STEP	2026-01-12T16:41:07.8446538Z Unpacking libmagickcore-6.q16-7-extra:amd64 (8:6.9.12.98+dfsg1-5.2build2) ...
generate	UNKNOWN STEP	2026-01-12T16:41:07.8699006Z Selecting previously unselected package libnetpbm11t64:amd64.
generate	UNKNOWN STEP	2026-01-12T16:41:07.8826204Z Preparing to unpack .../116-libnetpbm11t64_2%3a11.05.02-1.1build1_amd64.deb ...
generate	UNKNOWN STEP	2026-01-12T16:41:07.8834444Z Unpacking libnetpbm11t64:amd64 (2:11.05.02-1.1build1) ...
generate	UNKNOWN STEP	2026-01-12T16:41:07.9050176Z Selecting previously unselected package libpaper-utils.
generate	UNKNOWN STEP	2026-01-12T16:41:07.9176295Z Preparing to unpack .../117-libpaper-utils_1.1.29build1_amd64.deb ...
generate	UNKNOWN STEP	2026-01-12T16:41:07.9183472Z Unpacking libpaper-utils (1.1.29build1) ...
generate	UNKNOWN STEP	2026-01-12T16:41:07.9391636Z Selecting previously unselected package librsvg2-common:amd64.
generate	UNKNOWN STEP	2026-01-12T16:41:07.9516724Z Preparing to unpack .../118-librsvg2-common_2.58.0+dfsg-1build1_amd64.deb ...
generate	UNKNOWN STEP	2026-01-12T16:41:07.9537916Z Unpacking librsvg2-common:amd64 (2.58.0+dfsg-1build1) ...
generate	UNKNOWN STEP	2026-01-12T16:41:07.9888700Z Preparing to unpack .../119-libssh-4_0.10.6-2ubuntu0.2_amd64.deb ...
generate	UNKNOWN STEP	2026-01-12T16:41:08.0122182Z Unpacking libssh-4:amd64 (0.10.6-2ubuntu0.2) over (0.10.6-2ubuntu0.1) ...
generate	UNKNOWN STEP	2026-01-12T16:41:08.0397919Z Selecting previously unselected package mesa-va-drivers:amd64.
generate	UNKNOWN STEP	2026-01-12T16:41:08.0523892Z Preparing to unpack .../120-mesa-va-drivers_25.0.7-0ubuntu0.24.04.2_amd64.deb ...
generate	UNKNOWN STEP	2026-01-12T16:41:08.0532084Z Unpacking mesa-va-drivers:amd64 (25.0.7-0ubuntu0.24.04.2) ...
generate	UNKNOWN STEP	2026-01-12T16:41:08.0757377Z Selecting previously unselected package mesa-vdpau-drivers:amd64.
generate	UNKNOWN STEP	2026-01-12T16:41:08.0880295Z Preparing to unpack .../121-mesa-vdpau-drivers_25.0.7-0ubuntu0.24.04.2_amd64.deb ...
generate	UNKNOWN STEP	2026-01-12T16:41:08.0888069Z Unpacking mesa-vdpau-drivers:amd64 (25.0.7-0ubuntu0.24.04.2) ...
generate	UNKNOWN STEP	2026-01-12T16:41:08.1103342Z Selecting previously unselected package netpbm.
generate	UNKNOWN STEP	2026-01-12T16:41:08.1227196Z Preparing to unpack .../122-netpbm_2%3a11.05.02-1.1build1_amd64.deb ...
generate	UNKNOWN STEP	2026-01-12T16:41:08.1234208Z Unpacking netpbm (2:11.05.02-1.1build1) ...
generate	UNKNOWN STEP	2026-01-12T16:41:08.5213321Z Selecting previously unselected package i965-va-driver:amd64.
generate	UNKNOWN STEP	2026-01-12T16:41:08.5349978Z Preparing to unpack .../123-i965-va-driver_2.4.1+dfsg1-1build2_amd64.deb ...
generate	UNKNOWN STEP	2026-01-12T16:41:08.5358526Z Unpacking i965-va-driver:amd64 (2.4.1+dfsg1-1build2) ...
generate	UNKNOWN STEP	2026-01-12T16:41:08.5656374Z Selecting previously unselected package va-driver-all:amd64.
generate	UNKNOWN STEP	2026-01-12T16:41:08.5789633Z Preparing to unpack .../124-va-driver-all_2.20.0-2build1_amd64.deb ...
generate	UNKNOWN STEP	2026-01-12T16:41:08.5797125Z Unpacking va-driver-all:amd64 (2.20.0-2build1) ...
generate	UNKNOWN STEP	2026-01-12T16:41:08.5985998Z Selecting previously unselected package vdpau-driver-all:amd64.
generate	UNKNOWN STEP	2026-01-12T16:41:08.6117411Z Preparing to unpack .../125-vdpau-driver-all_1.5-2build1_amd64.deb ...
generate	UNKNOWN STEP	2026-01-12T16:41:08.6127411Z Unpacking vdpau-driver-all:amd64 (1.5-2build1) ...
generate	UNKNOWN STEP	2026-01-12T16:41:08.6318339Z Selecting previously unselected package pocketsphinx-en-us.
generate	UNKNOWN STEP	2026-01-12T16:41:08.6447579Z Preparing to unpack .../126-pocketsphinx-en-us_0.8.0+real5prealpha+1-15ubuntu5_all.deb ...
generate	UNKNOWN STEP	2026-01-12T16:41:08.6455968Z Unpacking pocketsphinx-en-us (0.8.0+real5prealpha+1-15ubuntu5) ...
generate	UNKNOWN STEP	2026-01-12T16:41:08.8419170Z Setting up libgme0:amd64 (0.6.3-7build1) ...
generate	UNKNOWN STEP	2026-01-12T16:41:08.8440169Z Setting up libchromaprint1:amd64 (1.5.1-5) ...
generate	UNKNOWN STEP	2026-01-12T16:41:08.8460300Z Setting up libssh-gcrypt-4:amd64 (0.10.6-2ubuntu0.2) ...
generate	UNKNOWN STEP	2026-01-12T16:41:08.8483643Z Setting up libhwy1t64:amd64 (1.0.7-8.1build1) ...
generate	UNKNOWN STEP	2026-01-12T16:41:08.8506347Z Setting up libudfread0:amd64 (1.1.2-1build1) ...
generate	UNKNOWN STEP	2026-01-12T16:41:08.8529290Z Setting up libpaper1:amd64 (1.1.29build1) ...
generate	UNKNOWN STEP	2026-01-12T16:41:09.1456093Z 
generate	UNKNOWN STEP	2026-01-12T16:41:09.1456591Z Creating config file /etc/papersize with new version
generate	UNKNOWN STEP	2026-01-12T16:41:09.2618066Z Setting up libraw1394-11:amd64 (2.1.2-2build3) ...
generate	UNKNOWN STEP	2026-01-12T16:41:09.2642607Z Setting up libspeex1:amd64 (1.2.1-2ubuntu2.24.04.1) ...
generate	UNKNOWN STEP	2026-01-12T16:41:09.2664051Z Setting up fonts-noto-mono (20201225-2) ...
generate	UNKNOWN STEP	2026-01-12T16:41:09.2692850Z Setting up libshine3:amd64 (3.1.1-2build1) ...
generate	UNKNOWN STEP	2026-01-12T16:41:09.2713806Z Setting up libcaca0:amd64 (0.99.beta20-4ubuntu0.1) ...
generate	UNKNOWN STEP	2026-01-12T16:41:09.2733482Z Setting up libvpl2 (2023.3.0-1build1) ...
generate	UNKNOWN STEP	2026-01-12T16:41:09.2757304Z Setting up libwmflite-0.2-7:amd64 (0.2.13-1.1build3) ...
generate	UNKNOWN STEP	2026-01-12T16:41:09.2780437Z Setting up libx264-164:amd64 (2:0.164.3108+git31e19f9-1) ...
generate	UNKNOWN STEP	2026-01-12T16:41:09.2800538Z Setting up libtwolame0:amd64 (0.4.0-2build3) ...
generate	UNKNOWN STEP	2026-01-12T16:41:09.2820657Z Setting up libmbedcrypto7t64:amd64 (2.28.8-1) ...
generate	UNKNOWN STEP	2026-01-12T16:41:09.2843550Z Setting up libgsm1:amd64 (1.0.22-1build1) ...
generate	UNKNOWN STEP	2026-01-12T16:41:09.2864523Z Setting up libsoxr0:amd64 (0.1.3-4build3) ...
generate	UNKNOWN STEP	2026-01-12T16:41:09.2885790Z Setting up libzix-0-0:amd64 (0.4.2-2build1) ...
generate	UNKNOWN STEP	2026-01-12T16:41:09.2907218Z Setting up libcodec2-1.2:amd64 (1.2.0-2build1) ...
generate	UNKNOWN STEP	2026-01-12T16:41:09.2927925Z Setting up libijs-0.35:amd64 (0.35-15.1build1) ...
generate	UNKNOWN STEP	2026-01-12T16:41:09.2948062Z Setting up libgs-common (10.02.1~dfsg1-0ubuntu7.8) ...
generate	UNKNOWN STEP	2026-01-12T16:41:09.2972617Z Setting up libmysofa1:amd64 (1.3.2+dfsg-2ubuntu2) ...
generate	UNKNOWN STEP	2026-01-12T16:41:09.2992877Z Setting up libxcb-shape0:amd64 (1.15-1ubuntu2) ...
generate	UNKNOWN STEP	2026-01-12T16:41:09.3012992Z Setting up libcdio19t64:amd64 (2.1.0-4.1ubuntu1.2) ...
generate	UNKNOWN STEP	2026-01-12T16:41:09.3034847Z Setting up libsvtav1enc1d1:amd64 (1.7.0+dfsg-2build1) ...
generate	UNKNOWN STEP	2026-01-12T16:41:09.3054297Z Setting up libpaper-utils (1.1.29build1) ...
generate	UNKNOWN STEP	2026-01-12T16:41:09.3077588Z Setting up libigdgmm12:amd64 (22.3.17+ds1-1) ...
generate	UNKNOWN STEP	2026-01-12T16:41:09.3099401Z Setting up libmpg123-0t64:amd64 (1.32.5-1ubuntu1.1) ...
generate	UNKNOWN STEP	2026-01-12T16:41:09.3120559Z Setting up libcjson1:amd64 (1.7.17-1) ...
generate	UNKNOWN STEP	2026-01-12T16:41:09.3142453Z Setting up libxvidcore4:amd64 (2:1.3.7-1build1) ...
generate	UNKNOWN STEP	2026-01-12T16:41:09.3165096Z Setting up libnetpbm11t64:amd64 (2:11.05.02-1.1build1) ...
generate	UNKNOWN STEP	2026-01-12T16:41:09.3186006Z Setting up librav1e0:amd64 (0.7.1-2) ...
generate	UNKNOWN STEP	2026-01-12T16:41:09.3209480Z Setting up poppler-data (0.4.12-1) ...
generate	UNKNOWN STEP	2026-01-12T16:41:09.3311632Z Setting up libcdio-cdda2t64:amd64 (10.2+2.0.1-1.1build2) ...
generate	UNKNOWN STEP	2026-01-12T16:41:09.3331089Z Setting up librist4:amd64 (0.2.10+dfsg-2) ...
generate	UNKNOWN STEP	2026-01-12T16:41:09.3353469Z Setting up librsvg2-2:amd64 (2.58.0+dfsg-1build1) ...
generate	UNKNOWN STEP	2026-01-12T16:41:09.3373336Z Setting up libblas3:amd64 (3.12.0-3build1.1) ...
generate	UNKNOWN STEP	2026-01-12T16:41:09.3450741Z update-alternatives: using /usr/lib/x86_64-linux-gnu/blas/libblas.so.3 to provide /usr/lib/x86_64-linux-gnu/libblas.so.3 (libblas.so.3-x86_64-linux-gnu) in auto mode
generate	UNKNOWN STEP	2026-01-12T16:41:09.3468621Z Setting up libplacebo338:amd64 (6.338.2-2build1) ...
generate	UNKNOWN STEP	2026-01-12T16:41:09.3493896Z Setting up libjxr0t64:amd64 (1.2~git20170615.f752187-5.1ubuntu2) ...
generate	UNKNOWN STEP	2026-01-12T16:41:09.3515006Z Setting up libva2:amd64 (2.20.0-2build1) ...
generate	UNKNOWN STEP	2026-01-12T16:41:09.3535898Z Setting up libjbig2dec0:amd64 (0.20-1build3) ...
generate	UNKNOWN STEP	2026-01-12T16:41:09.3567489Z Setting up xfonts-encodings (1:1.0.5-0ubuntu2) ...
generate	UNKNOWN STEP	2026-01-12T16:41:09.3587263Z Setting up libopus0:amd64 (1.4-1build1) ...
generate	UNKNOWN STEP	2026-01-12T16:41:09.3608455Z Setting up libcdio-paranoia2t64:amd64 (10.2+2.0.1-1.1build2) ...
generate	UNKNOWN STEP	2026-01-12T16:41:09.3630226Z Setting up libdc1394-25:amd64 (2.2.6-4build1) ...
generate	UNKNOWN STEP	2026-01-12T16:41:09.3650307Z Setting up intel-media-va-driver:amd64 (24.1.0+dfsg1-1ubuntu0.1) ...
generate	UNKNOWN STEP	2026-01-12T16:41:09.3672754Z Setting up libxv1:amd64 (2:1.0.11-1.1build1) ...
generate	UNKNOWN STEP	2026-01-12T16:41:09.3693957Z Setting up libimath-3-1-29t64:amd64 (3.1.9-3.1ubuntu2) ...
generate	UNKNOWN STEP	2026-01-12T16:41:09.3717672Z Setting up libidn12:amd64 (1.42-1build1) ...
generate	UNKNOWN STEP	2026-01-12T16:41:09.3739688Z Setting up libunibreak5:amd64 (5.1-2build1) ...
generate	UNKNOWN STEP	2026-01-12T16:41:09.3761587Z Setting up libaacs0:amd64 (0.11.1-2build1) ...
generate	UNKNOWN STEP	2026-01-12T16:41:09.3784060Z Setting up libjxl0.7:amd64 (0.7.0-10.2ubuntu6.1) ...
generate	UNKNOWN STEP	2026-01-12T16:41:09.3806902Z Setting up librsvg2-common:amd64 (2.58.0+dfsg-1build1) ...
generate	UNKNOWN STEP	2026-01-12T16:41:09.4035323Z Setting up netpbm (2:11.05.02-1.1build1) ...
generate	UNKNOWN STEP	2026-01-12T16:41:09.4055357Z Setting up pocketsphinx-en-us (0.8.0+real5prealpha+1-15ubuntu5) ...
generate	UNKNOWN STEP	2026-01-12T16:41:09.4079635Z Setting up libssh-4:amd64 (0.10.6-2ubuntu0.2) ...
generate	UNKNOWN STEP	2026-01-12T16:41:09.4101819Z Setting up libx265-199:amd64 (3.5-2build1) ...
generate	UNKNOWN STEP	2026-01-12T16:41:09.4127100Z Setting up libsndio7.0:amd64 (1.9.0-0.3build3) ...
generate	UNKNOWN STEP	2026-01-12T16:41:09.4150103Z Setting up imagemagick-6.q16 (8:6.9.12.98+dfsg1-5.2build2) ...
generate	UNKNOWN STEP	2026-01-12T16:41:09.4221228Z update-alternatives: using /usr/bin/compare-im6.q16 to provide /usr/bin/compare (compare) in auto mode
generate	UNKNOWN STEP	2026-01-12T16:41:09.4268053Z update-alternatives: using /usr/bin/compare-im6.q16 to provide /usr/bin/compare-im6 (compare-im6) in auto mode
generate	UNKNOWN STEP	2026-01-12T16:41:09.4322704Z update-alternatives: using /usr/bin/animate-im6.q16 to provide /usr/bin/animate (animate) in auto mode
generate	UNKNOWN STEP	2026-01-12T16:41:09.4369775Z update-alternatives: using /usr/bin/animate-im6.q16 to provide /usr/bin/animate-im6 (animate-im6) in auto mode
generate	UNKNOWN STEP	2026-01-12T16:41:09.4426526Z update-alternatives: using /usr/bin/convert-im6.q16 to provide /usr/bin/convert (convert) in auto mode
generate	UNKNOWN STEP	2026-01-12T16:41:09.4471702Z update-alternatives: using /usr/bin/convert-im6.q16 to provide /usr/bin/convert-im6 (convert-im6) in auto mode
generate	UNKNOWN STEP	2026-01-12T16:41:09.4526535Z update-alternatives: using /usr/bin/composite-im6.q16 to provide /usr/bin/composite (composite) in auto mode
generate	UNKNOWN STEP	2026-01-12T16:41:09.4574259Z update-alternatives: using /usr/bin/composite-im6.q16 to provide /usr/bin/composite-im6 (composite-im6) in auto mode
generate	UNKNOWN STEP	2026-01-12T16:41:09.4631276Z update-alternatives: using /usr/bin/conjure-im6.q16 to provide /usr/bin/conjure (conjure) in auto mode
generate	UNKNOWN STEP	2026-01-12T16:41:09.4680315Z update-alternatives: using /usr/bin/conjure-im6.q16 to provide /usr/bin/conjure-im6 (conjure-im6) in auto mode
generate	UNKNOWN STEP	2026-01-12T16:41:09.4737798Z update-alternatives: using /usr/bin/import-im6.q16 to provide /usr/bin/import (import) in auto mode
generate	UNKNOWN STEP	2026-01-12T16:41:09.4787051Z update-alternatives: using /usr/bin/import-im6.q16 to provide /usr/bin/import-im6 (import-im6) in auto mode
generate	UNKNOWN STEP	2026-01-12T16:41:09.4843271Z update-alternatives: using /usr/bin/identify-im6.q16 to provide /usr/bin/identify (identify) in auto mode
generate	UNKNOWN STEP	2026-01-12T16:41:09.4889920Z update-alternatives: using /usr/bin/identify-im6.q16 to provide /usr/bin/identify-im6 (identify-im6) in auto mode
generate	UNKNOWN STEP	2026-01-12T16:41:09.4948890Z update-alternatives: using /usr/bin/stream-im6.q16 to provide /usr/bin/stream (stream) in auto mode
generate	UNKNOWN STEP	2026-01-12T16:41:09.4994192Z update-alternatives: using /usr/bin/stream-im6.q16 to provide /usr/bin/stream-im6 (stream-im6) in auto mode
generate	UNKNOWN STEP	2026-01-12T16:41:09.5051135Z update-alternatives: using /usr/bin/display-im6.q16 to provide /usr/bin/display (display) in auto mode
generate	UNKNOWN STEP	2026-01-12T16:41:09.5096914Z update-alternatives: using /usr/bin/display-im6.q16 to provide /usr/bin/display-im6 (display-im6) in auto mode
generate	UNKNOWN STEP	2026-01-12T16:41:09.5154658Z update-alternatives: using /usr/bin/montage-im6.q16 to provide /usr/bin/montage (montage) in auto mode
generate	UNKNOWN STEP	2026-01-12T16:41:09.5204362Z update-alternatives: using /usr/bin/montage-im6.q16 to provide /usr/bin/montage-im6 (montage-im6) in auto mode
generate	UNKNOWN STEP	2026-01-12T16:41:09.5263307Z update-alternatives: using /usr/bin/mogrify-im6.q16 to provide /usr/bin/mogrify (mogrify) in auto mode
generate	UNKNOWN STEP	2026-01-12T16:41:09.5310331Z update-alternatives: using /usr/bin/mogrify-im6.q16 to provide /usr/bin/mogrify-im6 (mogrify-im6) in auto mode
generate	UNKNOWN STEP	2026-01-12T16:41:09.5328284Z Setting up libbdplus0:amd64 (0.2.0-3build1) ...
generate	UNKNOWN STEP	2026-01-12T16:41:09.5351881Z Setting up libvidstab1.1:amd64 (1.1.0-2build1) ...
generate	UNKNOWN STEP	2026-01-12T16:41:09.5376168Z Setting up libvpx9:amd64 (1.14.0-1ubuntu2.2) ...
generate	UNKNOWN STEP	2026-01-12T16:41:09.5396844Z Setting up libsrt1.5-gnutls:amd64 (1.5.3-1build2) ...
generate	UNKNOWN STEP	2026-01-12T16:41:09.5420664Z Setting up libflite1:amd64 (2.2-6build3) ...
generate	UNKNOWN STEP	2026-01-12T16:41:09.5440754Z Setting up libdav1d7:amd64 (1.4.1-1build1) ...
generate	UNKNOWN STEP	2026-01-12T16:41:09.5464923Z Setting up libva-drm2:amd64 (2.20.0-2build1) ...
generate	UNKNOWN STEP	2026-01-12T16:41:09.5489284Z Setting up ocl-icd-libopencl1:amd64 (2.3.2-1build1) ...
generate	UNKNOWN STEP	2026-01-12T16:41:09.5509894Z Setting up libasyncns0:amd64 (0.8-6build4) ...
generate	UNKNOWN STEP	2026-01-12T16:41:09.5530880Z Setting up libvdpau1:amd64 (1.5-2build1) ...
generate	UNKNOWN STEP	2026-01-12T16:41:09.5562040Z Setting up libbs2b0:amd64 (3.1.0+dfsg-7build1) ...
generate	UNKNOWN STEP	2026-01-12T16:41:09.5584798Z Setting up libtheora0:amd64 (1.1.1+dfsg.1-16.1build3) ...
generate	UNKNOWN STEP	2026-01-12T16:41:09.5607757Z Setting up libdecor-0-0:amd64 (0.2.2-1build2) ...
generate	UNKNOWN STEP	2026-01-12T16:41:09.5634691Z Setting up libzimg2:amd64 (3.0.5+ds1-1build1) ...
generate	UNKNOWN STEP	2026-01-12T16:41:09.5655777Z Setting up libopenal-data (1:1.23.1-4build1) ...
generate	UNKNOWN STEP	2026-01-12T16:41:09.5685016Z Setting up libflac12t64:amd64 (1.4.3+ds-2.1ubuntu2) ...
generate	UNKNOWN STEP	2026-01-12T16:41:09.5708536Z Setting up fonts-droid-fallback (1:6.0.1r16-1.1build1) ...
generate	UNKNOWN STEP	2026-01-12T16:41:09.5906266Z Setting up libdjvulibre-text (3.5.28-2ubuntu0.24.04.1) ...
generate	UNKNOWN STEP	2026-01-12T16:41:09.5932669Z Setting up mesa-va-drivers:amd64 (25.0.7-0ubuntu0.24.04.2) ...
generate	UNKNOWN STEP	2026-01-12T16:41:09.5954954Z Setting up libbluray2:amd64 (1:1.3.4-1build1) ...
generate	UNKNOWN STEP	2026-01-12T16:41:09.5978149Z Setting up libsamplerate0:amd64 (0.2.2-4build1) ...
generate	UNKNOWN STEP	2026-01-12T16:41:09.6121754Z Setting up libva-x11-2:amd64 (2.20.0-2build1) ...
generate	UNKNOWN STEP	2026-01-12T16:41:09.6141994Z Setting up libdecor-0-plugin-1-gtk:amd64 (0.2.2-1build2) ...
generate	UNKNOWN STEP	2026-01-12T16:41:09.6167309Z Setting up libopenmpt0t64:amd64 (0.7.3-1.1build3) ...
generate	UNKNOWN STEP	2026-01-12T16:41:09.6191768Z Setting up libzvbi-common (0.2.42-2) ...
generate	UNKNOWN STEP	2026-01-12T16:41:09.6212984Z Setting up libmp3lame0:amd64 (3.100-6build1) ...
generate	UNKNOWN STEP	2026-01-12T16:41:09.6234476Z Setting up i965-va-driver:amd64 (2.4.1+dfsg1-1build2) ...
generate	UNKNOWN STEP	2026-01-12T16:41:09.6259100Z Setting up libvorbisenc2:amd64 (1.3.7-1build3) ...
generate	UNKNOWN STEP	2026-01-12T16:41:09.6281532Z Setting up libiec61883-0:amd64 (1.2.0-6build1) ...
generate	UNKNOWN STEP	2026-01-12T16:41:09.6306500Z Setting up libserd-0-0:amd64 (0.32.2-1) ...
generate	UNKNOWN STEP	2026-01-12T16:41:09.6329600Z Setting up libavc1394-0:amd64 (0.5.4-5build3) ...
generate	UNKNOWN STEP	2026-01-12T16:41:09.6351015Z Setting up mesa-vdpau-drivers:amd64 (25.0.7-0ubuntu0.24.04.2) ...
generate	UNKNOWN STEP	2026-01-12T16:41:09.6369888Z Setting up liblapack3:amd64 (3.12.0-3build1.1) ...
generate	UNKNOWN STEP	2026-01-12T16:41:09.6429232Z update-alternatives: using /usr/lib/x86_64-linux-gnu/lapack/liblapack.so.3 to provide /usr/lib/x86_64-linux-gnu/liblapack.so.3 (liblapack.so.3-x86_64-linux-gnu) in auto mode
generate	UNKNOWN STEP	2026-01-12T16:41:09.6446702Z Setting up libjxr-tools (1.2~git20170615.f752187-5.1ubuntu2) ...
generate	UNKNOWN STEP	2026-01-12T16:41:09.6470352Z Setting up libzvbi0t64:amd64 (0.2.42-2) ...
generate	UNKNOWN STEP	2026-01-12T16:41:09.6490881Z Setting up libdjvulibre21:amd64 (3.5.28-2ubuntu0.24.04.1) ...
generate	UNKNOWN STEP	2026-01-12T16:41:09.6513481Z Setting up libavutil58:amd64 (7:6.1.1-3ubuntu5) ...
generate	UNKNOWN STEP	2026-01-12T16:41:09.6533421Z Setting up libopenal1:amd64 (1:1.23.1-4build1) ...
generate	UNKNOWN STEP	2026-01-12T16:41:09.6555533Z Setting up xfonts-utils (1:7.7+6build3) ...
generate	UNKNOWN STEP	2026-01-12T16:41:09.6600335Z Setting up libass9:amd64 (1:0.17.1-2build1) ...
generate	UNKNOWN STEP	2026-01-12T16:41:09.6621269Z Setting up libswresample4:amd64 (7:6.1.1-3ubuntu5) ...
generate	UNKNOWN STEP	2026-01-12T16:41:09.6646003Z Setting up va-driver-all:amd64 (2.20.0-2build1) ...
generate	UNKNOWN STEP	2026-01-12T16:41:09.6670418Z Setting up libopenexr-3-1-30:amd64 (3.1.5-5.1build3) ...
generate	UNKNOWN STEP	2026-01-12T16:41:09.6690817Z Setting up imagemagick (8:6.9.12.98+dfsg1-5.2build2) ...
generate	UNKNOWN STEP	2026-01-12T16:41:09.6717743Z Setting up libavcodec60:amd64 (7:6.1.1-3ubuntu5) ...
generate	UNKNOWN STEP	2026-01-12T16:41:09.6740373Z Setting up librubberband2:amd64 (3.3.0+dfsg-2build1) ...
generate	UNKNOWN STEP	2026-01-12T16:41:09.6760334Z Setting up libjack-jackd2-0:amd64 (1.9.21~dfsg-3ubuntu3) ...
generate	UNKNOWN STEP	2026-01-12T16:41:09.6785788Z Setting up vdpau-driver-all:amd64 (1.5-2build1) ...
generate	UNKNOWN STEP	2026-01-12T16:41:09.6806253Z Setting up libsord-0-0:amd64 (0.16.16-2build1) ...
generate	UNKNOWN STEP	2026-01-12T16:41:09.6834970Z Setting up libpostproc57:amd64 (7:6.1.1-3ubuntu5) ...
generate	UNKNOWN STEP	2026-01-12T16:41:09.6855920Z Setting up libsratom-0-0:amd64 (0.6.16-1build1) ...
generate	UNKNOWN STEP	2026-01-12T16:41:09.6878751Z Setting up libmagickcore-6.q16-7-extra:amd64 (8:6.9.12.98+dfsg1-5.2build2) ...
generate	UNKNOWN STEP	2026-01-12T16:41:09.6901227Z Setting up libsndfile1:amd64 (1.2.2-1ubuntu5.24.04.1) ...
generate	UNKNOWN STEP	2026-01-12T16:41:09.6927614Z Setting up liblilv-0-0:amd64 (0.24.22-1build1) ...
generate	UNKNOWN STEP	2026-01-12T16:41:09.6948575Z Setting up libswscale7:amd64 (7:6.1.1-3ubuntu5) ...
generate	UNKNOWN STEP	2026-01-12T16:41:09.6986507Z Setting up libpulse0:amd64 (1:16.1+dfsg1-2ubuntu10.1) ...
generate	UNKNOWN STEP	2026-01-12T16:41:09.7055929Z Setting up libavformat60:amd64 (7:6.1.1-3ubuntu5) ...
generate	UNKNOWN STEP	2026-01-12T16:41:09.7078972Z Setting up fonts-urw-base35 (20200910-8) ...
generate	UNKNOWN STEP	2026-01-12T16:41:09.9458927Z Setting up libsphinxbase3t64:amd64 (0.8+5prealpha+1-17build2) ...
generate	UNKNOWN STEP	2026-01-12T16:41:09.9482775Z Setting up libsdl2-2.0-0:amd64 (2.30.0+dfsg-1ubuntu3.1) ...
generate	UNKNOWN STEP	2026-01-12T16:41:09.9508642Z Setting up libgs10-common (10.02.1~dfsg1-0ubuntu7.8) ...
generate	UNKNOWN STEP	2026-01-12T16:41:09.9529638Z Setting up libpocketsphinx3:amd64 (0.8.0+real5prealpha+1-15ubuntu5) ...
generate	UNKNOWN STEP	2026-01-12T16:41:09.9557346Z Setting up libgs10:amd64 (10.02.1~dfsg1-0ubuntu7.8) ...
generate	UNKNOWN STEP	2026-01-12T16:41:09.9578574Z Setting up ghostscript (10.02.1~dfsg1-0ubuntu7.8) ...
generate	UNKNOWN STEP	2026-01-12T16:41:09.9640488Z Setting up libavfilter9:amd64 (7:6.1.1-3ubuntu5) ...
generate	UNKNOWN STEP	2026-01-12T16:41:09.9664570Z Setting up libavdevice60:amd64 (7:6.1.1-3ubuntu5) ...
generate	UNKNOWN STEP	2026-01-12T16:41:09.9684736Z Setting up ffmpeg (7:6.1.1-3ubuntu5) ...
generate	UNKNOWN STEP	2026-01-12T16:41:09.9724384Z Processing triggers for hicolor-icon-theme (0.17-2) ...
generate	UNKNOWN STEP	2026-01-12T16:41:10.3457340Z Processing triggers for libc-bin (2.39-0ubuntu8.6) ...
generate	UNKNOWN STEP	2026-01-12T16:41:11.6308368Z Processing triggers for man-db (2.12.0-4build2) ...
generate	UNKNOWN STEP	2026-01-12T16:41:11.6371414Z Not building database; man-db/auto-update is not 'true'.
generate	UNKNOWN STEP	2026-01-12T16:41:11.6385068Z Processing triggers for libgdk-pixbuf-2.0-0:amd64 (2.42.10+dfsg-3ubuntu3.2) ...
generate	UNKNOWN STEP	2026-01-12T16:41:11.7673742Z Processing triggers for fontconfig (2.15.0-1.1ubuntu2) ...
generate	UNKNOWN STEP	2026-01-12T16:41:13.1870615Z 
generate	UNKNOWN STEP	2026-01-12T16:41:13.1871164Z Running kernel seems to be up-to-date.
generate	UNKNOWN STEP	2026-01-12T16:41:13.1871811Z 
generate	UNKNOWN STEP	2026-01-12T16:41:13.1871938Z Restarting services...
generate	UNKNOWN STEP	2026-01-12T16:41:13.2041017Z  systemctl restart packagekit.service php8.3-fpm.service
generate	UNKNOWN STEP	2026-01-12T16:41:13.3087413Z 
generate	UNKNOWN STEP	2026-01-12T16:41:13.3089164Z No containers need to be restarted.
generate	UNKNOWN STEP	2026-01-12T16:41:13.3089547Z 
generate	UNKNOWN STEP	2026-01-12T16:41:13.3089768Z No user sessions are running outdated binaries.
generate	UNKNOWN STEP	2026-01-12T16:41:13.3090148Z 
generate	UNKNOWN STEP	2026-01-12T16:41:13.3090506Z No VM guests are running outdated hypervisor (qemu) binaries on this host.
generate	UNKNOWN STEP	2026-01-12T16:41:14.1360675Z ##[group]Run python -m pip install --upgrade pip
generate	UNKNOWN STEP	2026-01-12T16:41:14.1361094Z [36;1mpython -m pip install --upgrade pip[0m
generate	UNKNOWN STEP	2026-01-12T16:41:14.1361425Z [36;1mpip install -r requirements.txt[0m
generate	UNKNOWN STEP	2026-01-12T16:41:14.1395869Z shell: /usr/bin/bash -e {0}
generate	UNKNOWN STEP	2026-01-12T16:41:14.1396124Z env:
generate	UNKNOWN STEP	2026-01-12T16:41:14.1396327Z   GEMINI_AVAILABLE: true
generate	UNKNOWN STEP	2026-01-12T16:41:14.1396636Z   pythonLocation: /opt/hostedtoolcache/Python/3.11.14/x64
generate	UNKNOWN STEP	2026-01-12T16:41:14.1397086Z   PKG_CONFIG_PATH: /opt/hostedtoolcache/Python/3.11.14/x64/lib/pkgconfig
generate	UNKNOWN STEP	2026-01-12T16:41:14.1397543Z   Python_ROOT_DIR: /opt/hostedtoolcache/Python/3.11.14/x64
generate	UNKNOWN STEP	2026-01-12T16:41:14.1397942Z   Python2_ROOT_DIR: /opt/hostedtoolcache/Python/3.11.14/x64
generate	UNKNOWN STEP	2026-01-12T16:41:14.1398342Z   Python3_ROOT_DIR: /opt/hostedtoolcache/Python/3.11.14/x64
generate	UNKNOWN STEP	2026-01-12T16:41:14.1398735Z   LD_LIBRARY_PATH: /opt/hostedtoolcache/Python/3.11.14/x64/lib
generate	UNKNOWN STEP	2026-01-12T16:41:14.1399057Z ##[endgroup]
generate	UNKNOWN STEP	2026-01-12T16:41:14.8289069Z Requirement already satisfied: pip in /opt/hostedtoolcache/Python/3.11.14/x64/lib/python3.11/site-packages (25.3)
generate	UNKNOWN STEP	2026-01-12T16:41:15.4790748Z Collecting moviepy==1.0.3 (from -r requirements.txt (line 5))
generate	UNKNOWN STEP	2026-01-12T16:41:15.5480650Z   Downloading moviepy-1.0.3.tar.gz (388 kB)
generate	UNKNOWN STEP	2026-01-12T16:41:15.6503708Z   Installing build dependencies: started
generate	UNKNOWN STEP	2026-01-12T16:41:16.5464092Z   Installing build dependencies: finished with status 'done'
generate	UNKNOWN STEP	2026-01-12T16:41:16.5469237Z   Getting requirements to build wheel: started
generate	UNKNOWN STEP	2026-01-12T16:41:17.0789614Z   Getting requirements to build wheel: finished with status 'done'
generate	UNKNOWN STEP	2026-01-12T16:41:17.0797582Z   Preparing metadata (pyproject.toml): started
generate	UNKNOWN STEP	2026-01-12T16:41:17.2856776Z   Preparing metadata (pyproject.toml): finished with status 'done'
generate	UNKNOWN STEP	2026-01-12T16:41:17.3214560Z Collecting edge-tts>=7.0.0 (from -r requirements.txt (line 8))
generate	UNKNOWN STEP	2026-01-12T16:41:17.3295448Z   Downloading edge_tts-7.2.7-py3-none-any.whl.metadata (5.5 kB)
generate	UNKNOWN STEP	2026-01-12T16:41:17.3511619Z Collecting gTTS>=2.4.0 (from -r requirements.txt (line 11))
generate	UNKNOWN STEP	2026-01-12T16:41:17.3604309Z   Downloading gTTS-2.5.4-py3-none-any.whl.metadata (4.1 kB)
generate	UNKNOWN STEP	2026-01-12T16:41:17.5473369Z Collecting Pillow>=9.0.0 (from -r requirements.txt (line 15))
generate	UNKNOWN STEP	2026-01-12T16:41:17.5562497Z   Downloading pillow-12.1.0-cp311-cp311-manylinux_2_27_x86_64.manylinux_2_28_x86_64.whl.metadata (8.8 kB)
generate	UNKNOWN STEP	2026-01-12T16:41:17.7425553Z Collecting numpy>=1.24.0 (from -r requirements.txt (line 18))
generate	UNKNOWN STEP	2026-01-12T16:41:17.7509247Z   Downloading numpy-2.4.1-cp311-cp311-manylinux_2_27_x86_64.manylinux_2_28_x86_64.whl.metadata (6.6 kB)
generate	UNKNOWN STEP	2026-01-12T16:41:17.7815103Z Collecting pydub>=0.25.1 (from -r requirements.txt (line 21))
generate	UNKNOWN STEP	2026-01-12T16:41:17.7893604Z   Downloading pydub-0.25.1-py2.py3-none-any.whl.metadata (1.4 kB)
generate	UNKNOWN STEP	2026-01-12T16:41:17.8048522Z Collecting aiofiles>=23.0.0 (from -r requirements.txt (line 24))
generate	UNKNOWN STEP	2026-01-12T16:41:17.8126401Z   Downloading aiofiles-25.1.0-py3-none-any.whl.metadata (6.3 kB)
generate	UNKNOWN STEP	2026-01-12T16:41:17.8406774Z Collecting requests>=2.28.0 (from -r requirements.txt (line 27))
generate	UNKNOWN STEP	2026-01-12T16:41:17.8485834Z   Downloading requests-2.32.5-py3-none-any.whl.metadata (4.9 kB)
generate	UNKNOWN STEP	2026-01-12T16:41:17.8710391Z Collecting groq>=0.4.0 (from -r requirements.txt (line 34))
generate	UNKNOWN STEP	2026-01-12T16:41:17.8789720Z   Downloading groq-1.0.0-py3-none-any.whl.metadata (16 kB)
generate	UNKNOWN STEP	2026-01-12T16:41:17.8962319Z Collecting google-generativeai>=0.3.0 (from -r requirements.txt (line 35))
generate	UNKNOWN STEP	2026-01-12T16:41:17.9039961Z   Downloading google_generativeai-0.8.6-py3-none-any.whl.metadata (3.9 kB)
generate	UNKNOWN STEP	2026-01-12T16:41:17.9301338Z Collecting google-genai>=1.0.0 (from -r requirements.txt (line 36))
generate	UNKNOWN STEP	2026-01-12T16:41:17.9381407Z   Downloading google_genai-1.57.0-py3-none-any.whl.metadata (53 kB)
generate	UNKNOWN STEP	2026-01-12T16:41:17.9895166Z Collecting huggingface_hub>=0.20.0 (from -r requirements.txt (line 37))
generate	UNKNOWN STEP	2026-01-12T16:41:18.0008089Z   Downloading huggingface_hub-1.3.1-py3-none-any.whl.metadata (13 kB)
generate	UNKNOWN STEP	2026-01-12T16:41:18.0820565Z Collecting google-api-python-client>=2.100.0 (from -r requirements.txt (line 40))
generate	UNKNOWN STEP	2026-01-12T16:41:18.0910747Z   Downloading google_api_python_client-2.187.0-py3-none-any.whl.metadata (7.0 kB)
generate	UNKNOWN STEP	2026-01-12T16:41:18.1315497Z Collecting google-auth>=2.23.0 (from -r requirements.txt (line 41))
generate	UNKNOWN STEP	2026-01-12T16:41:18.1394676Z   Downloading google_auth-2.47.0-py3-none-any.whl.metadata (6.4 kB)
generate	UNKNOWN STEP	2026-01-12T16:41:18.1621459Z Collecting google-auth-oauthlib>=1.1.0 (from -r requirements.txt (line 42))
generate	UNKNOWN STEP	2026-01-12T16:41:18.1699015Z   Downloading google_auth_oauthlib-1.2.3-py3-none-any.whl.metadata (3.1 kB)
generate	UNKNOWN STEP	2026-01-12T16:41:18.1843743Z Collecting google-auth-httplib2>=0.1.1 (from -r requirements.txt (line 43))
generate	UNKNOWN STEP	2026-01-12T16:41:18.1931895Z   Downloading google_auth_httplib2-0.3.0-py3-none-any.whl.metadata (3.1 kB)
generate	UNKNOWN STEP	2026-01-12T16:41:18.2185862Z Collecting decorator<5.0,>=4.0.2 (from moviepy==1.0.3->-r requirements.txt (line 5))
generate	UNKNOWN STEP	2026-01-12T16:41:18.2258432Z   Downloading decorator-4.4.2-py2.py3-none-any.whl.metadata (4.2 kB)
generate	UNKNOWN STEP	2026-01-12T16:41:18.2563003Z Collecting imageio<3.0,>=2.5 (from moviepy==1.0.3->-r requirements.txt (line 5))
generate	UNKNOWN STEP	2026-01-12T16:41:18.2640199Z   Downloading imageio-2.37.2-py3-none-any.whl.metadata (9.7 kB)
generate	UNKNOWN STEP	2026-01-12T16:41:18.2950128Z Collecting imageio_ffmpeg>=0.2.0 (from moviepy==1.0.3->-r requirements.txt (line 5))
generate	UNKNOWN STEP	2026-01-12T16:41:18.3042419Z   Downloading imageio_ffmpeg-0.6.0-py3-none-manylinux2014_x86_64.whl.metadata (1.5 kB)
generate	UNKNOWN STEP	2026-01-12T16:41:18.3465150Z Collecting tqdm<5.0,>=4.11.2 (from moviepy==1.0.3->-r requirements.txt (line 5))
generate	UNKNOWN STEP	2026-01-12T16:41:18.3538574Z   Downloading tqdm-4.67.1-py3-none-any.whl.metadata (57 kB)
generate	UNKNOWN STEP	2026-01-12T16:41:18.3934715Z Collecting proglog<=1.0.0 (from moviepy==1.0.3->-r requirements.txt (line 5))
generate	UNKNOWN STEP	2026-01-12T16:41:18.4006458Z   Downloading proglog-0.1.12-py3-none-any.whl.metadata (794 bytes)
generate	UNKNOWN STEP	2026-01-12T16:41:18.4936147Z Collecting charset_normalizer<4,>=2 (from requests>=2.28.0->-r requirements.txt (line 27))
generate	UNKNOWN STEP	2026-01-12T16:41:18.5024668Z   Downloading charset_normalizer-3.4.4-cp311-cp311-manylinux2014_x86_64.manylinux_2_17_x86_64.manylinux_2_28_x86_64.whl.metadata (37 kB)
generate	UNKNOWN STEP	2026-01-12T16:41:18.5240347Z Collecting idna<4,>=2.5 (from requests>=2.28.0->-r requirements.txt (line 27))
generate	UNKNOWN STEP	2026-01-12T16:41:18.5314040Z   Downloading idna-3.11-py3-none-any.whl.metadata (8.4 kB)
generate	UNKNOWN STEP	2026-01-12T16:41:18.5621578Z Collecting urllib3<3,>=1.21.1 (from requests>=2.28.0->-r requirements.txt (line 27))
generate	UNKNOWN STEP	2026-01-12T16:41:18.5693460Z   Downloading urllib3-2.6.3-py3-none-any.whl.metadata (6.9 kB)
generate	UNKNOWN STEP	2026-01-12T16:41:18.5974906Z Collecting certifi>=2017.4.17 (from requests>=2.28.0->-r requirements.txt (line 27))
generate	UNKNOWN STEP	2026-01-12T16:41:18.6049891Z   Downloading certifi-2026.1.4-py3-none-any.whl.metadata (2.5 kB)
generate	UNKNOWN STEP	2026-01-12T16:41:19.1211298Z Collecting aiohttp<4.0.0,>=3.8.0 (from edge-tts>=7.0.0->-r requirements.txt (line 8))
generate	UNKNOWN STEP	2026-01-12T16:41:19.1299710Z   Downloading aiohttp-3.13.3-cp311-cp311-manylinux2014_x86_64.manylinux_2_17_x86_64.manylinux_2_28_x86_64.whl.metadata (8.1 kB)
generate	UNKNOWN STEP	2026-01-12T16:41:19.1516015Z Collecting tabulate<1.0.0,>=0.4.4 (from edge-tts>=7.0.0->-r requirements.txt (line 8))
generate	UNKNOWN STEP	2026-01-12T16:41:19.1603831Z   Downloading tabulate-0.9.0-py3-none-any.whl.metadata (34 kB)
generate	UNKNOWN STEP	2026-01-12T16:41:19.1854072Z Collecting typing-extensions<5.0.0,>=4.1.0 (from edge-tts>=7.0.0->-r requirements.txt (line 8))
generate	UNKNOWN STEP	2026-01-12T16:41:19.1930176Z   Downloading typing_extensions-4.15.0-py3-none-any.whl.metadata (3.3 kB)
generate	UNKNOWN STEP	2026-01-12T16:41:19.2124159Z Collecting aiohappyeyeballs>=2.5.0 (from aiohttp<4.0.0,>=3.8.0->edge-tts>=7.0.0->-r requirements.txt (line 8))
generate	UNKNOWN STEP	2026-01-12T16:41:19.2201414Z   Downloading aiohappyeyeballs-2.6.1-py3-none-any.whl.metadata (5.9 kB)
generate	UNKNOWN STEP	2026-01-12T16:41:19.2336228Z Collecting aiosignal>=1.4.0 (from aiohttp<4.0.0,>=3.8.0->edge-tts>=7.0.0->-r requirements.txt (line 8))
generate	UNKNOWN STEP	2026-01-12T16:41:19.2414244Z   Downloading aiosignal-1.4.0-py3-none-any.whl.metadata (3.7 kB)
generate	UNKNOWN STEP	2026-01-12T16:41:19.2624269Z Collecting attrs>=17.3.0 (from aiohttp<4.0.0,>=3.8.0->edge-tts>=7.0.0->-r requirements.txt (line 8))
generate	UNKNOWN STEP	2026-01-12T16:41:19.2698296Z   Downloading attrs-25.4.0-py3-none-any.whl.metadata (10 kB)
generate	UNKNOWN STEP	2026-01-12T16:41:19.3371891Z Collecting frozenlist>=1.1.1 (from aiohttp<4.0.0,>=3.8.0->edge-tts>=7.0.0->-r requirements.txt (line 8))
generate	UNKNOWN STEP	2026-01-12T16:41:19.3479226Z   Downloading frozenlist-1.8.0-cp311-cp311-manylinux1_x86_64.manylinux_2_28_x86_64.manylinux_2_5_x86_64.whl.metadata (20 kB)
generate	UNKNOWN STEP	2026-01-12T16:41:19.5987993Z Collecting multidict<7.0,>=4.5 (from aiohttp<4.0.0,>=3.8.0->edge-tts>=7.0.0->-r requirements.txt (line 8))
generate	UNKNOWN STEP	2026-01-12T16:41:19.6088782Z   Downloading multidict-6.7.0-cp311-cp311-manylinux2014_x86_64.manylinux_2_17_x86_64.manylinux_2_28_x86_64.whl.metadata (5.3 kB)
generate	UNKNOWN STEP	2026-01-12T16:41:19.6657065Z Collecting propcache>=0.2.0 (from aiohttp<4.0.0,>=3.8.0->edge-tts>=7.0.0->-r requirements.txt (line 8))
generate	UNKNOWN STEP	2026-01-12T16:41:19.6751054Z   Downloading propcache-0.4.1-cp311-cp311-manylinux2014_x86_64.manylinux_2_17_x86_64.manylinux_2_28_x86_64.whl.metadata (13 kB)
generate	UNKNOWN STEP	2026-01-12T16:41:19.9589569Z Collecting yarl<2.0,>=1.17.0 (from aiohttp<4.0.0,>=3.8.0->edge-tts>=7.0.0->-r requirements.txt (line 8))
generate	UNKNOWN STEP	2026-01-12T16:41:19.9666337Z   Downloading yarl-1.22.0-cp311-cp311-manylinux2014_x86_64.manylinux_2_17_x86_64.manylinux_2_28_x86_64.whl.metadata (75 kB)
generate	UNKNOWN STEP	2026-01-12T16:41:20.0236590Z Collecting click<8.2,>=7.1 (from gTTS>=2.4.0->-r requirements.txt (line 11))
generate	UNKNOWN STEP	2026-01-12T16:41:20.0310925Z   Downloading click-8.1.8-py3-none-any.whl.metadata (2.3 kB)
generate	UNKNOWN STEP	2026-01-12T16:41:20.0591328Z Collecting anyio<5,>=3.5.0 (from groq>=0.4.0->-r requirements.txt (line 34))
generate	UNKNOWN STEP	2026-01-12T16:41:20.0672602Z   Downloading anyio-4.12.1-py3-none-any.whl.metadata (4.3 kB)
generate	UNKNOWN STEP	2026-01-12T16:41:20.0826529Z Collecting distro<2,>=1.7.0 (from groq>=0.4.0->-r requirements.txt (line 34))
generate	UNKNOWN STEP	2026-01-12T16:41:20.0899593Z   Downloading distro-1.9.0-py3-none-any.whl.metadata (6.8 kB)
generate	UNKNOWN STEP	2026-01-12T16:41:20.1127760Z Collecting httpx<1,>=0.23.0 (from groq>=0.4.0->-r requirements.txt (line 34))
generate	UNKNOWN STEP	2026-01-12T16:41:20.1203343Z   Downloading httpx-0.28.1-py3-none-any.whl.metadata (7.1 kB)
generate	UNKNOWN STEP	2026-01-12T16:41:20.2411090Z Collecting pydantic<3,>=1.9.0 (from groq>=0.4.0->-r requirements.txt (line 34))
generate	UNKNOWN STEP	2026-01-12T16:41:20.2506271Z   Downloading pydantic-2.12.5-py3-none-any.whl.metadata (90 kB)
generate	UNKNOWN STEP	2026-01-12T16:41:20.2742439Z Collecting sniffio (from groq>=0.4.0->-r requirements.txt (line 34))
generate	UNKNOWN STEP	2026-01-12T16:41:20.2839611Z   Downloading sniffio-1.3.1-py3-none-any.whl.metadata (3.9 kB)
generate	UNKNOWN STEP	2026-01-12T16:41:20.3229548Z Collecting httpcore==1.* (from httpx<1,>=0.23.0->groq>=0.4.0->-r requirements.txt (line 34))
generate	UNKNOWN STEP	2026-01-12T16:41:20.3312199Z   Downloading httpcore-1.0.9-py3-none-any.whl.metadata (21 kB)
generate	UNKNOWN STEP	2026-01-12T16:41:20.3488809Z Collecting h11>=0.16 (from httpcore==1.*->httpx<1,>=0.23.0->groq>=0.4.0->-r requirements.txt (line 34))
generate	UNKNOWN STEP	2026-01-12T16:41:20.3569775Z   Downloading h11-0.16.0-py3-none-any.whl.metadata (8.3 kB)
generate	UNKNOWN STEP	2026-01-12T16:41:20.3725322Z Collecting annotated-types>=0.6.0 (from pydantic<3,>=1.9.0->groq>=0.4.0->-r requirements.txt (line 34))
generate	UNKNOWN STEP	2026-01-12T16:41:20.3923900Z   Downloading annotated_types-0.7.0-py3-none-any.whl.metadata (15 kB)
generate	UNKNOWN STEP	2026-01-12T16:41:21.0565244Z Collecting pydantic-core==2.41.5 (from pydantic<3,>=1.9.0->groq>=0.4.0->-r requirements.txt (line 34))
generate	UNKNOWN STEP	2026-01-12T16:41:21.0644168Z   Downloading pydantic_core-2.41.5-cp311-cp311-manylinux_2_17_x86_64.manylinux2014_x86_64.whl.metadata (7.3 kB)
generate	UNKNOWN STEP	2026-01-12T16:41:21.0823731Z Collecting typing-inspection>=0.4.2 (from pydantic<3,>=1.9.0->groq>=0.4.0->-r requirements.txt (line 34))
generate	UNKNOWN STEP	2026-01-12T16:41:21.0899794Z   Downloading typing_inspection-0.4.2-py3-none-any.whl.metadata (2.6 kB)
generate	UNKNOWN STEP	2026-01-12T16:41:21.1100203Z Collecting google-ai-generativelanguage==0.6.15 (from google-generativeai>=0.3.0->-r requirements.txt (line 35))
generate	UNKNOWN STEP	2026-01-12T16:41:21.1177669Z   Downloading google_ai_generativelanguage-0.6.15-py3-none-any.whl.metadata (5.7 kB)
generate	UNKNOWN STEP	2026-01-12T16:41:21.1557144Z Collecting google-api-core (from google-generativeai>=0.3.0->-r requirements.txt (line 35))
generate	UNKNOWN STEP	2026-01-12T16:41:21.1637359Z   Downloading google_api_core-2.29.0-py3-none-any.whl.metadata (3.3 kB)
generate	UNKNOWN STEP	2026-01-12T16:41:21.3276479Z Collecting protobuf (from google-generativeai>=0.3.0->-r requirements.txt (line 35))
generate	UNKNOWN STEP	2026-01-12T16:41:21.3356137Z   Downloading protobuf-6.33.3-cp39-abi3-manylinux2014_x86_64.whl.metadata (593 bytes)
generate	UNKNOWN STEP	2026-01-12T16:41:21.4465191Z Collecting proto-plus<2.0.0dev,>=1.22.3 (from google-ai-generativelanguage==0.6.15->google-generativeai>=0.3.0->-r requirements.txt (line 35))
generate	UNKNOWN STEP	2026-01-12T16:41:21.4538476Z   Downloading proto_plus-1.27.0-py3-none-any.whl.metadata (2.2 kB)
generate	UNKNOWN STEP	2026-01-12T16:41:21.5302828Z Collecting protobuf (from google-generativeai>=0.3.0->-r requirements.txt (line 35))
generate	UNKNOWN STEP	2026-01-12T16:41:21.5377664Z   Downloading protobuf-5.29.5-cp38-abi3-manylinux2014_x86_64.whl.metadata (592 bytes)
generate	UNKNOWN STEP	2026-01-12T16:41:21.5602905Z Collecting pyasn1-modules>=0.2.1 (from google-auth>=2.23.0->-r requirements.txt (line 41))
generate	UNKNOWN STEP	2026-01-12T16:41:21.5684212Z   Downloading pyasn1_modules-0.4.2-py3-none-any.whl.metadata (3.5 kB)
generate	UNKNOWN STEP	2026-01-12T16:41:21.6577937Z Collecting rsa<5,>=3.1.4 (from google-auth>=2.23.0->-r requirements.txt (line 41))
generate	UNKNOWN STEP	2026-01-12T16:41:21.6704639Z   Downloading rsa-4.9.1-py3-none-any.whl.metadata (5.6 kB)
generate	UNKNOWN STEP	2026-01-12T16:41:21.6949679Z Collecting googleapis-common-protos<2.0.0,>=1.56.2 (from google-api-core->google-generativeai>=0.3.0->-r requirements.txt (line 35))
generate	UNKNOWN STEP	2026-01-12T16:41:21.7026457Z   Downloading googleapis_common_protos-1.72.0-py3-none-any.whl.metadata (9.4 kB)
generate	UNKNOWN STEP	2026-01-12T16:41:22.2974069Z Collecting grpcio<2.0.0,>=1.33.2 (from google-api-core[grpc]!=2.0.*,!=2.1.*,!=2.10.*,!=2.2.*,!=2.3.*,!=2.4.*,!=2.5.*,!=2.6.*,!=2.7.*,!=2.8.*,!=2.9.*,<3.0.0dev,>=1.34.1->google-ai-generativelanguage==0.6.15->google-generativeai>=0.3.0->-r requirements.txt (line 35))
generate	UNKNOWN STEP	2026-01-12T16:41:22.3052450Z   Downloading grpcio-1.76.0-cp311-cp311-manylinux2014_x86_64.manylinux_2_17_x86_64.whl.metadata (3.7 kB)
generate	UNKNOWN STEP	2026-01-12T16:41:22.3576024Z Collecting grpcio-status<2.0.0,>=1.33.2 (from google-api-core[grpc]!=2.0.*,!=2.1.*,!=2.10.*,!=2.2.*,!=2.3.*,!=2.4.*,!=2.5.*,!=2.6.*,!=2.7.*,!=2.8.*,!=2.9.*,<3.0.0dev,>=1.34.1->google-ai-generativelanguage==0.6.15->google-generativeai>=0.3.0->-r requirements.txt (line 35))
generate	UNKNOWN STEP	2026-01-12T16:41:22.3650265Z   Downloading grpcio_status-1.76.0-py3-none-any.whl.metadata (1.1 kB)
generate	UNKNOWN STEP	2026-01-12T16:41:22.4714141Z INFO: pip is looking at multiple versions of grpcio-status to determine which version is compatible with other requirements. This could take a while.
generate	UNKNOWN STEP	2026-01-12T16:41:22.4795003Z   Downloading grpcio_status-1.75.1-py3-none-any.whl.metadata (1.1 kB)
generate	UNKNOWN STEP	2026-01-12T16:41:22.4916400Z   Downloading grpcio_status-1.75.0-py3-none-any.whl.metadata (1.1 kB)
generate	UNKNOWN STEP	2026-01-12T16:41:22.5040784Z   Downloading grpcio_status-1.74.0-py3-none-any.whl.metadata (1.1 kB)
generate	UNKNOWN STEP	2026-01-12T16:41:22.5159338Z   Downloading grpcio_status-1.73.1-py3-none-any.whl.metadata (1.1 kB)
generate	UNKNOWN STEP	2026-01-12T16:41:22.6113345Z   Downloading grpcio_status-1.73.0-py3-none-any.whl.metadata (1.1 kB)
generate	UNKNOWN STEP	2026-01-12T16:41:22.6232701Z   Downloading grpcio_status-1.72.2-py3-none-any.whl.metadata (1.1 kB)
generate	UNKNOWN STEP	2026-01-12T16:41:22.6351040Z   Downloading grpcio_status-1.72.1-py3-none-any.whl.metadata (1.1 kB)
generate	UNKNOWN STEP	2026-01-12T16:41:22.6394520Z INFO: pip is still looking at multiple versions of grpcio-status to determine which version is compatible with other requirements. This could take a while.
generate	UNKNOWN STEP	2026-01-12T16:41:22.6474708Z   Downloading grpcio_status-1.71.2-py3-none-any.whl.metadata (1.1 kB)
generate	UNKNOWN STEP	2026-01-12T16:41:22.8629193Z Collecting pyasn1>=0.1.3 (from rsa<5,>=3.1.4->google-auth>=2.23.0->-r requirements.txt (line 41))
generate	UNKNOWN STEP	2026-01-12T16:41:22.8704084Z   Downloading pyasn1-0.6.1-py3-none-any.whl.metadata (8.4 kB)
generate	UNKNOWN STEP	2026-01-12T16:41:22.9459789Z Collecting tenacity<9.2.0,>=8.2.3 (from google-genai>=1.0.0->-r requirements.txt (line 36))
generate	UNKNOWN STEP	2026-01-12T16:41:22.9531370Z   Downloading tenacity-9.1.2-py3-none-any.whl.metadata (1.2 kB)
generate	UNKNOWN STEP	2026-01-12T16:41:23.0405126Z Collecting websockets<15.1.0,>=13.0.0 (from google-genai>=1.0.0->-r requirements.txt (line 36))
generate	UNKNOWN STEP	2026-01-12T16:41:23.0480877Z   Downloading websockets-15.0.1-cp311-cp311-manylinux_2_5_x86_64.manylinux1_x86_64.manylinux_2_17_x86_64.manylinux2014_x86_64.whl.metadata (6.8 kB)
generate	UNKNOWN STEP	2026-01-12T16:41:23.0891191Z Collecting filelock (from huggingface_hub>=0.20.0->-r requirements.txt (line 37))
generate	UNKNOWN STEP	2026-01-12T16:41:23.0967808Z   Downloading filelock-3.20.3-py3-none-any.whl.metadata (2.1 kB)
generate	UNKNOWN STEP	2026-01-12T16:41:23.1211704Z Collecting fsspec>=2023.5.0 (from huggingface_hub>=0.20.0->-r requirements.txt (line 37))
generate	UNKNOWN STEP	2026-01-12T16:41:23.1283971Z   Downloading fsspec-2026.1.0-py3-none-any.whl.metadata (10 kB)
generate	UNKNOWN STEP	2026-01-12T16:41:23.1892264Z Collecting hf-xet<2.0.0,>=1.2.0 (from huggingface_hub>=0.20.0->-r requirements.txt (line 37))
generate	UNKNOWN STEP	2026-01-12T16:41:23.1965919Z   Downloading hf_xet-1.2.0-cp37-abi3-manylinux_2_17_x86_64.manylinux2014_x86_64.whl.metadata (4.9 kB)
generate	UNKNOWN STEP	2026-01-12T16:41:23.2166460Z Collecting packaging>=20.9 (from huggingface_hub>=0.20.0->-r requirements.txt (line 37))
generate	UNKNOWN STEP	2026-01-12T16:41:23.2239697Z   Downloading packaging-25.0-py3-none-any.whl.metadata (3.3 kB)
generate	UNKNOWN STEP	2026-01-12T16:41:23.3476678Z Collecting pyyaml>=5.1 (from huggingface_hub>=0.20.0->-r requirements.txt (line 37))
generate	UNKNOWN STEP	2026-01-12T16:41:23.3562343Z   Downloading pyyaml-6.0.3-cp311-cp311-manylinux2014_x86_64.manylinux_2_17_x86_64.manylinux_2_28_x86_64.whl.metadata (2.4 kB)
generate	UNKNOWN STEP	2026-01-12T16:41:23.3736611Z Collecting shellingham (from huggingface_hub>=0.20.0->-r requirements.txt (line 37))
generate	UNKNOWN STEP	2026-01-12T16:41:23.3809578Z   Downloading shellingham-1.5.4-py2.py3-none-any.whl.metadata (3.5 kB)
generate	UNKNOWN STEP	2026-01-12T16:41:23.4140741Z Collecting typer-slim (from huggingface_hub>=0.20.0->-r requirements.txt (line 37))
generate	UNKNOWN STEP	2026-01-12T16:41:23.4213183Z   Downloading typer_slim-0.21.1-py3-none-any.whl.metadata (16 kB)
generate	UNKNOWN STEP	2026-01-12T16:41:23.4443216Z Collecting httplib2<1.0.0,>=0.19.0 (from google-api-python-client>=2.100.0->-r requirements.txt (line 40))
generate	UNKNOWN STEP	2026-01-12T16:41:23.4518580Z   Downloading httplib2-0.31.0-py3-none-any.whl.metadata (2.2 kB)
generate	UNKNOWN STEP	2026-01-12T16:41:23.4683317Z Collecting uritemplate<5,>=3.0.1 (from google-api-python-client>=2.100.0->-r requirements.txt (line 40))
generate	UNKNOWN STEP	2026-01-12T16:41:23.4759726Z   Downloading uritemplate-4.2.0-py3-none-any.whl.metadata (2.6 kB)
generate	UNKNOWN STEP	2026-01-12T16:41:23.5094025Z Collecting pyparsing<4,>=3.0.4 (from httplib2<1.0.0,>=0.19.0->google-api-python-client>=2.100.0->-r requirements.txt (line 40))
generate	UNKNOWN STEP	2026-01-12T16:41:23.5168313Z   Downloading pyparsing-3.3.1-py3-none-any.whl.metadata (5.6 kB)
generate	UNKNOWN STEP	2026-01-12T16:41:23.5246539Z INFO: pip is looking at multiple versions of google-auth-oauthlib to determine which version is compatible with other requirements. This could take a while.
generate	UNKNOWN STEP	2026-01-12T16:41:23.5250488Z Collecting google-auth-oauthlib>=1.1.0 (from -r requirements.txt (line 42))
generate	UNKNOWN STEP	2026-01-12T16:41:23.5323713Z   Downloading google_auth_oauthlib-1.2.2-py3-none-any.whl.metadata (2.7 kB)
generate	UNKNOWN STEP	2026-01-12T16:41:23.5498386Z Collecting requests-oauthlib>=0.7.0 (from google-auth-oauthlib>=1.1.0->-r requirements.txt (line 42))
generate	UNKNOWN STEP	2026-01-12T16:41:23.5575494Z   Downloading requests_oauthlib-2.0.0-py2.py3-none-any.whl.metadata (11 kB)
generate	UNKNOWN STEP	2026-01-12T16:41:23.6058515Z Collecting oauthlib>=3.0.0 (from requests-oauthlib>=0.7.0->google-auth-oauthlib>=1.1.0->-r requirements.txt (line 42))
generate	UNKNOWN STEP	2026-01-12T16:41:23.6131696Z   Downloading oauthlib-3.3.1-py3-none-any.whl.metadata (7.9 kB)
generate	UNKNOWN STEP	2026-01-12T16:41:23.6562297Z Downloading requests-2.32.5-py3-none-any.whl (64 kB)
generate	UNKNOWN STEP	2026-01-12T16:41:23.6727637Z Downloading charset_normalizer-3.4.4-cp311-cp311-manylinux2014_x86_64.manylinux_2_17_x86_64.manylinux_2_28_x86_64.whl (151 kB)
generate	UNKNOWN STEP	2026-01-12T16:41:23.7002614Z Downloading decorator-4.4.2-py2.py3-none-any.whl (9.2 kB)
generate	UNKNOWN STEP	2026-01-12T16:41:23.7095915Z Downloading idna-3.11-py3-none-any.whl (71 kB)
generate	UNKNOWN STEP	2026-01-12T16:41:23.7218769Z Downloading imageio-2.37.2-py3-none-any.whl (317 kB)
generate	UNKNOWN STEP	2026-01-12T16:41:23.7500172Z Downloading proglog-0.1.12-py3-none-any.whl (6.3 kB)
generate	UNKNOWN STEP	2026-01-12T16:41:23.7589551Z Downloading tqdm-4.67.1-py3-none-any.whl (78 kB)
generate	UNKNOWN STEP	2026-01-12T16:41:23.7702558Z Downloading urllib3-2.6.3-py3-none-any.whl (131 kB)
generate	UNKNOWN STEP	2026-01-12T16:41:23.7862723Z Downloading edge_tts-7.2.7-py3-none-any.whl (30 kB)
generate	UNKNOWN STEP	2026-01-12T16:41:23.7958677Z Downloading aiohttp-3.13.3-cp311-cp311-manylinux2014_x86_64.manylinux_2_17_x86_64.manylinux_2_28_x86_64.whl (1.7 MB)
generate	UNKNOWN STEP	2026-01-12T16:41:23.8859970Z    ΓöüΓöüΓöüΓöüΓöüΓöüΓöüΓöüΓöüΓöüΓöüΓöüΓöüΓöüΓöüΓöüΓöüΓöüΓöüΓöüΓöüΓöüΓöüΓöüΓöüΓöüΓöüΓöüΓöüΓöüΓöüΓöüΓöüΓöüΓöüΓöüΓöüΓöüΓöüΓöü 1.7/1.7 MB 20.0 MB/s  0:00:00
generate	UNKNOWN STEP	2026-01-12T16:41:23.8933541Z Downloading multidict-6.7.0-cp311-cp311-manylinux2014_x86_64.manylinux_2_17_x86_64.manylinux_2_28_x86_64.whl (246 kB)
generate	UNKNOWN STEP	2026-01-12T16:41:23.9093950Z Downloading tabulate-0.9.0-py3-none-any.whl (35 kB)
generate	UNKNOWN STEP	2026-01-12T16:41:23.9184023Z Downloading typing_extensions-4.15.0-py3-none-any.whl (44 kB)
generate	UNKNOWN STEP	2026-01-12T16:41:23.9280252Z Downloading yarl-1.22.0-cp311-cp311-manylinux2014_x86_64.manylinux_2_17_x86_64.manylinux_2_28_x86_64.whl (365 kB)
generate	UNKNOWN STEP	2026-01-12T16:41:23.9485279Z Downloading gTTS-2.5.4-py3-none-any.whl (29 kB)
generate	UNKNOWN STEP	2026-01-12T16:41:23.9582525Z Downloading click-8.1.8-py3-none-any.whl (98 kB)
generate	UNKNOWN STEP	2026-01-12T16:41:23.9690516Z Downloading pillow-12.1.0-cp311-cp311-manylinux_2_27_x86_64.manylinux_2_28_x86_64.whl (7.0 MB)
generate	UNKNOWN STEP	2026-01-12T16:41:24.0963007Z    ΓöüΓöüΓöüΓöüΓöüΓöüΓöüΓöüΓöüΓöüΓöüΓöüΓöüΓöüΓöüΓöüΓöüΓöüΓöüΓöüΓöüΓöüΓöüΓöüΓöüΓöüΓöüΓöüΓöüΓöüΓöüΓöüΓöüΓöüΓöüΓöüΓöüΓöüΓöüΓöü 7.0/7.0 MB 56.7 MB/s  0:00:00
generate	UNKNOWN STEP	2026-01-12T16:41:24.1038869Z Downloading numpy-2.4.1-cp311-cp311-manylinux_2_27_x86_64.manylinux_2_28_x86_64.whl (16.7 MB)
generate	UNKNOWN STEP	2026-01-12T16:41:24.2295836Z    ΓöüΓöüΓöüΓöüΓöüΓöüΓöüΓöüΓöüΓöüΓöüΓöüΓöüΓöüΓöüΓöüΓöüΓöüΓöüΓöüΓöüΓöüΓöüΓöüΓöüΓöüΓöüΓöüΓöüΓöüΓöüΓöüΓöüΓöüΓöüΓöüΓöüΓöüΓöüΓöü 16.7/16.7 MB 133.6 MB/s  0:00:00
generate	UNKNOWN STEP	2026-01-12T16:41:24.2377552Z Downloading pydub-0.25.1-py2.py3-none-any.whl (32 kB)
generate	UNKNOWN STEP	2026-01-12T16:41:24.2474597Z Downloading aiofiles-25.1.0-py3-none-any.whl (14 kB)
generate	UNKNOWN STEP	2026-01-12T16:41:24.2573526Z Downloading groq-1.0.0-py3-none-any.whl (138 kB)
generate	UNKNOWN STEP	2026-01-12T16:41:24.2677389Z Downloading anyio-4.12.1-py3-none-any.whl (113 kB)
generate	UNKNOWN STEP	2026-01-12T16:41:24.2774622Z Downloading distro-1.9.0-py3-none-any.whl (20 kB)
generate	UNKNOWN STEP	2026-01-12T16:41:24.2864565Z Downloading httpx-0.28.1-py3-none-any.whl (73 kB)
generate	UNKNOWN STEP	2026-01-12T16:41:24.2962208Z Downloading httpcore-1.0.9-py3-none-any.whl (78 kB)
generate	UNKNOWN STEP	2026-01-12T16:41:24.3056294Z Downloading pydantic-2.12.5-py3-none-any.whl (463 kB)
generate	UNKNOWN STEP	2026-01-12T16:41:24.3163094Z Downloading pydantic_core-2.41.5-cp311-cp311-manylinux_2_17_x86_64.manylinux2014_x86_64.whl (2.1 MB)
generate	UNKNOWN STEP	2026-01-12T16:41:24.3306574Z    ΓöüΓöüΓöüΓöüΓöüΓöüΓöüΓöüΓöüΓöüΓöüΓöüΓöüΓöüΓöüΓöüΓöüΓöüΓöüΓöüΓöüΓöüΓöüΓöüΓöüΓöüΓöüΓöüΓöüΓöüΓöüΓöüΓöüΓöüΓöüΓöüΓöüΓöüΓöüΓöü 2.1/2.1 MB 151.5 MB/s  0:00:00
generate	UNKNOWN STEP	2026-01-12T16:41:24.3379863Z Downloading google_generativeai-0.8.6-py3-none-any.whl (155 kB)
generate	UNKNOWN STEP	2026-01-12T16:41:24.3515164Z Downloading google_ai_generativelanguage-0.6.15-py3-none-any.whl (1.3 MB)
generate	UNKNOWN STEP	2026-01-12T16:41:24.3599837Z    ΓöüΓöüΓöüΓöüΓöüΓöüΓöüΓöüΓöüΓöüΓöüΓöüΓöüΓöüΓöüΓöüΓöüΓöüΓöüΓöüΓöüΓöüΓöüΓöüΓöüΓöüΓöüΓöüΓöüΓöüΓöüΓöüΓöüΓöüΓöüΓöüΓöüΓöüΓöüΓöü 1.3/1.3 MB 170.2 MB/s  0:00:00
generate	UNKNOWN STEP	2026-01-12T16:41:24.3673021Z Downloading google_auth-2.47.0-py3-none-any.whl (234 kB)
generate	UNKNOWN STEP	2026-01-12T16:41:24.3772979Z Downloading google_api_core-2.29.0-py3-none-any.whl (173 kB)
generate	UNKNOWN STEP	2026-01-12T16:41:24.3874848Z Downloading googleapis_common_protos-1.72.0-py3-none-any.whl (297 kB)
generate	UNKNOWN STEP	2026-01-12T16:41:24.3980209Z Downloading grpcio-1.76.0-cp311-cp311-manylinux2014_x86_64.manylinux_2_17_x86_64.whl (6.6 MB)
generate	UNKNOWN STEP	2026-01-12T16:41:24.4332064Z    ΓöüΓöüΓöüΓöüΓöüΓöüΓöüΓöüΓöüΓöüΓöüΓöüΓöüΓöüΓöüΓöüΓöüΓöüΓöüΓöüΓöüΓöüΓöüΓöüΓöüΓöüΓöüΓöüΓöüΓöüΓöüΓöüΓöüΓöüΓöüΓöüΓöüΓöüΓöüΓöü 6.6/6.6 MB 192.3 MB/s  0:00:00
generate	UNKNOWN STEP	2026-01-12T16:41:24.4405247Z Downloading grpcio_status-1.71.2-py3-none-any.whl (14 kB)
generate	UNKNOWN STEP	2026-01-12T16:41:24.4497237Z Downloading proto_plus-1.27.0-py3-none-any.whl (50 kB)
generate	UNKNOWN STEP	2026-01-12T16:41:24.4593094Z Downloading protobuf-5.29.5-cp38-abi3-manylinux2014_x86_64.whl (319 kB)
generate	UNKNOWN STEP	2026-01-12T16:41:24.4695837Z Downloading rsa-4.9.1-py3-none-any.whl (34 kB)
generate	UNKNOWN STEP	2026-01-12T16:41:24.4797309Z Downloading google_genai-1.57.0-py3-none-any.whl (713 kB)
generate	UNKNOWN STEP	2026-01-12T16:41:24.4855084Z    ΓöüΓöüΓöüΓöüΓöüΓöüΓöüΓöüΓöüΓöüΓöüΓöüΓöüΓöüΓöüΓöüΓöüΓöüΓöüΓöüΓöüΓöüΓöüΓöüΓöüΓöüΓöüΓöüΓöüΓöüΓöüΓöüΓöüΓöüΓöüΓöüΓöüΓöüΓöüΓöü 713.3/713.3 kB 123.5 MB/s  0:00:00
generate	UNKNOWN STEP	2026-01-12T16:41:24.4927987Z Downloading tenacity-9.1.2-py3-none-any.whl (28 kB)
generate	UNKNOWN STEP	2026-01-12T16:41:24.5023155Z Downloading websockets-15.0.1-cp311-cp311-manylinux_2_5_x86_64.manylinux1_x86_64.manylinux_2_17_x86_64.manylinux2014_x86_64.whl (182 kB)
generate	UNKNOWN STEP	2026-01-12T16:41:24.5122402Z Downloading huggingface_hub-1.3.1-py3-none-any.whl (533 kB)
generate	UNKNOWN STEP	2026-01-12T16:41:24.5175426Z    ΓöüΓöüΓöüΓöüΓöüΓöüΓöüΓöüΓöüΓöüΓöüΓöüΓöüΓöüΓöüΓöüΓöüΓöüΓöüΓöüΓöüΓöüΓöüΓöüΓöüΓöüΓöüΓöüΓöüΓöüΓöüΓöüΓöüΓöüΓöüΓöüΓöüΓöüΓöüΓöü 533.4/533.4 kB 85.6 MB/s  0:00:00
generate	UNKNOWN STEP	2026-01-12T16:41:24.5252068Z Downloading hf_xet-1.2.0-cp37-abi3-manylinux_2_17_x86_64.manylinux2014_x86_64.whl (3.3 MB)
generate	UNKNOWN STEP	2026-01-12T16:41:24.5422615Z    ΓöüΓöüΓöüΓöüΓöüΓöüΓöüΓöüΓöüΓöüΓöüΓöüΓöüΓöüΓöüΓöüΓöüΓöüΓöüΓöüΓöüΓöüΓöüΓöüΓöüΓöüΓöüΓöüΓöüΓöüΓöüΓöüΓöüΓöüΓöüΓöüΓöüΓöüΓöüΓöü 3.3/3.3 MB 203.7 MB/s  0:00:00
generate	UNKNOWN STEP	2026-01-12T16:41:24.5498710Z Downloading google_api_python_client-2.187.0-py3-none-any.whl (14.6 MB)
generate	UNKNOWN STEP	2026-01-12T16:41:24.6076054Z    ΓöüΓöüΓöüΓöüΓöüΓöüΓöüΓöüΓöüΓöüΓöüΓöüΓöüΓöüΓöüΓöüΓöüΓöüΓöüΓöüΓöüΓöüΓöüΓöüΓöüΓöüΓöüΓöüΓöüΓöüΓöüΓöüΓöüΓöüΓöüΓöüΓöüΓöüΓöüΓöü 14.6/14.6 MB 259.4 MB/s  0:00:00
generate	UNKNOWN STEP	2026-01-12T16:41:24.6150032Z Downloading google_auth_httplib2-0.3.0-py3-none-any.whl (9.5 kB)
generate	UNKNOWN STEP	2026-01-12T16:41:24.6239338Z Downloading httplib2-0.31.0-py3-none-any.whl (91 kB)
generate	UNKNOWN STEP	2026-01-12T16:41:24.6332776Z Downloading pyparsing-3.3.1-py3-none-any.whl (121 kB)
generate	UNKNOWN STEP	2026-01-12T16:41:24.6425433Z Downloading uritemplate-4.2.0-py3-none-any.whl (11 kB)
generate	UNKNOWN STEP	2026-01-12T16:41:24.6518180Z Downloading google_auth_oauthlib-1.2.2-py3-none-any.whl (19 kB)
generate	UNKNOWN STEP	2026-01-12T16:41:24.6610649Z Downloading aiohappyeyeballs-2.6.1-py3-none-any.whl (15 kB)
generate	UNKNOWN STEP	2026-01-12T16:41:24.6700757Z Downloading aiosignal-1.4.0-py3-none-any.whl (7.5 kB)
generate	UNKNOWN STEP	2026-01-12T16:41:24.6795515Z Downloading annotated_types-0.7.0-py3-none-any.whl (13 kB)
generate	UNKNOWN STEP	2026-01-12T16:41:24.6884768Z Downloading attrs-25.4.0-py3-none-any.whl (67 kB)
generate	UNKNOWN STEP	2026-01-12T16:41:24.6976746Z Downloading certifi-2026.1.4-py3-none-any.whl (152 kB)
generate	UNKNOWN STEP	2026-01-12T16:41:24.7075483Z Downloading frozenlist-1.8.0-cp311-cp311-manylinux1_x86_64.manylinux_2_28_x86_64.manylinux_2_5_x86_64.whl (231 kB)
generate	UNKNOWN STEP	2026-01-12T16:41:24.7173696Z Downloading fsspec-2026.1.0-py3-none-any.whl (201 kB)
generate	UNKNOWN STEP	2026-01-12T16:41:24.7273994Z Downloading h11-0.16.0-py3-none-any.whl (37 kB)
generate	UNKNOWN STEP	2026-01-12T16:41:24.7364326Z Downloading imageio_ffmpeg-0.6.0-py3-none-manylinux2014_x86_64.whl (29.5 MB)
generate	UNKNOWN STEP	2026-01-12T16:41:24.9283391Z    ΓöüΓöüΓöüΓöüΓöüΓöüΓöüΓöüΓöüΓöüΓöüΓöüΓöüΓöüΓöüΓöüΓöüΓöüΓöüΓöüΓöüΓöüΓöüΓöüΓöüΓöüΓöüΓöüΓöüΓöüΓöüΓöüΓöüΓöüΓöüΓöüΓöüΓöüΓöüΓöü 29.5/29.5 MB 155.4 MB/s  0:00:00
generate	UNKNOWN STEP	2026-01-12T16:41:24.9358161Z Downloading packaging-25.0-py3-none-any.whl (66 kB)
generate	UNKNOWN STEP	2026-01-12T16:41:24.9452286Z Downloading propcache-0.4.1-cp311-cp311-manylinux2014_x86_64.manylinux_2_17_x86_64.manylinux_2_28_x86_64.whl (210 kB)
generate	UNKNOWN STEP	2026-01-12T16:41:24.9553263Z Downloading pyasn1-0.6.1-py3-none-any.whl (83 kB)
generate	UNKNOWN STEP	2026-01-12T16:41:24.9644658Z Downloading pyasn1_modules-0.4.2-py3-none-any.whl (181 kB)
generate	UNKNOWN STEP	2026-01-12T16:41:24.9742000Z Downloading pyyaml-6.0.3-cp311-cp311-manylinux2014_x86_64.manylinux_2_17_x86_64.manylinux_2_28_x86_64.whl (806 kB)
generate	UNKNOWN STEP	2026-01-12T16:41:24.9825940Z    ΓöüΓöüΓöüΓöüΓöüΓöüΓöüΓöüΓöüΓöüΓöüΓöüΓöüΓöüΓöüΓöüΓöüΓöüΓöüΓöüΓöüΓöüΓöüΓöüΓöüΓöüΓöüΓöüΓöüΓöüΓöüΓöüΓöüΓöüΓöüΓöüΓöüΓöüΓöüΓöü 806.6/806.6 kB 86.9 MB/s  0:00:00
generate	UNKNOWN STEP	2026-01-12T16:41:24.9899232Z Downloading requests_oauthlib-2.0.0-py2.py3-none-any.whl (24 kB)
generate	UNKNOWN STEP	2026-01-12T16:41:24.9988819Z Downloading oauthlib-3.3.1-py3-none-any.whl (160 kB)
generate	UNKNOWN STEP	2026-01-12T16:41:25.0083255Z Downloading typing_inspection-0.4.2-py3-none-any.whl (14 kB)
generate	UNKNOWN STEP	2026-01-12T16:41:25.0177501Z Downloading filelock-3.20.3-py3-none-any.whl (16 kB)
generate	UNKNOWN STEP	2026-01-12T16:41:25.0272568Z Downloading shellingham-1.5.4-py2.py3-none-any.whl (9.8 kB)
generate	UNKNOWN STEP	2026-01-12T16:41:25.0363640Z Downloading sniffio-1.3.1-py3-none-any.whl (10 kB)
generate	UNKNOWN STEP	2026-01-12T16:41:25.0453967Z Downloading typer_slim-0.21.1-py3-none-any.whl (47 kB)
generate	UNKNOWN STEP	2026-01-12T16:41:25.1666780Z Building wheels for collected packages: moviepy
generate	UNKNOWN STEP	2026-01-12T16:41:25.1675048Z   Building wheel for moviepy (pyproject.toml): started
generate	UNKNOWN STEP	2026-01-12T16:41:25.4320566Z   Building wheel for moviepy (pyproject.toml): finished with status 'done'
generate	UNKNOWN STEP	2026-01-12T16:41:25.4327728Z   Created wheel for moviepy: filename=moviepy-1.0.3-py3-none-any.whl size=110797 sha256=919bf4c18ec665ee778ab86c68c1f28376ae28c948e1842a449fac70d9945ce6
generate	UNKNOWN STEP	2026-01-12T16:41:25.4329877Z   Stored in directory: /home/runner/.cache/pip/wheels/83/b1/d9/119ef7c144b44d591ec0a9a140465133c23ea95d2a161184ba
generate	UNKNOWN STEP	2026-01-12T16:41:25.4355069Z Successfully built moviepy
generate	UNKNOWN STEP	2026-01-12T16:41:25.5498871Z Installing collected packages: pydub, websockets, urllib3, uritemplate, typing-extensions, tqdm, tenacity, tabulate, sniffio, shellingham, pyyaml, pyparsing, pyasn1, protobuf, propcache, Pillow, packaging, oauthlib, numpy, multidict, imageio_ffmpeg, idna, hf-xet, h11, fsspec, frozenlist, filelock, distro, decorator, click, charset_normalizer, certifi, attrs, annotated-types, aiohappyeyeballs, aiofiles, yarl, typing-inspection, typer-slim, rsa, requests, pydantic-core, pyasn1-modules, proto-plus, proglog, imageio, httplib2, httpcore, grpcio, googleapis-common-protos, anyio, aiosignal, requests-oauthlib, pydantic, moviepy, httpx, gTTS, grpcio-status, google-auth, aiohttp, huggingface_hub, groq, google-auth-oauthlib, google-auth-httplib2, google-api-core, edge-tts, google-genai, google-api-python-client, google-ai-generativelanguage, google-generativeai
generate	UNKNOWN STEP	2026-01-12T16:41:32.7708496Z 
generate	UNKNOWN STEP	2026-01-12T16:41:32.7748248Z Successfully installed Pillow-12.1.0 aiofiles-25.1.0 aiohappyeyeballs-2.6.1 aiohttp-3.13.3 aiosignal-1.4.0 annotated-types-0.7.0 anyio-4.12.1 attrs-25.4.0 certifi-2026.1.4 charset_normalizer-3.4.4 click-8.1.8 decorator-4.4.2 distro-1.9.0 edge-tts-7.2.7 filelock-3.20.3 frozenlist-1.8.0 fsspec-2026.1.0 gTTS-2.5.4 google-ai-generativelanguage-0.6.15 google-api-core-2.29.0 google-api-python-client-2.187.0 google-auth-2.47.0 google-auth-httplib2-0.3.0 google-auth-oauthlib-1.2.2 google-genai-1.57.0 google-generativeai-0.8.6 googleapis-common-protos-1.72.0 groq-1.0.0 grpcio-1.76.0 grpcio-status-1.71.2 h11-0.16.0 hf-xet-1.2.0 httpcore-1.0.9 httplib2-0.31.0 httpx-0.28.1 huggingface_hub-1.3.1 idna-3.11 imageio-2.37.2 imageio_ffmpeg-0.6.0 moviepy-1.0.3 multidict-6.7.0 numpy-2.4.1 oauthlib-3.3.1 packaging-25.0 proglog-0.1.12 propcache-0.4.1 proto-plus-1.27.0 protobuf-5.29.5 pyasn1-0.6.1 pyasn1-modules-0.4.2 pydantic-2.12.5 pydantic-core-2.41.5 pydub-0.25.1 pyparsing-3.3.1 pyyaml-6.0.3 requests-2.32.5 requests-oauthlib-2.0.0 rsa-4.9.1 shellingham-1.5.4 sniffio-1.3.1 tabulate-0.9.0 tenacity-9.1.2 tqdm-4.67.1 typer-slim-0.21.1 typing-extensions-4.15.0 typing-inspection-0.4.2 uritemplate-4.2.0 urllib3-2.6.3 websockets-15.0.1 yarl-1.22.0
generate	UNKNOWN STEP	2026-01-12T16:41:33.3864051Z ##[group]Run echo "Checking API health..."
generate	UNKNOWN STEP	2026-01-12T16:41:33.3864425Z [36;1mecho "Checking API health..."[0m
generate	UNKNOWN STEP	2026-01-12T16:41:33.3864757Z [36;1mpython api_health_check.py || true[0m
generate	UNKNOWN STEP	2026-01-12T16:41:33.3898757Z shell: /usr/bin/bash -e {0}
generate	UNKNOWN STEP	2026-01-12T16:41:33.3899026Z env:
generate	UNKNOWN STEP	2026-01-12T16:41:33.3899228Z   GEMINI_AVAILABLE: true
generate	UNKNOWN STEP	2026-01-12T16:41:33.3899549Z   pythonLocation: /opt/hostedtoolcache/Python/3.11.14/x64
generate	UNKNOWN STEP	2026-01-12T16:41:33.3900008Z   PKG_CONFIG_PATH: /opt/hostedtoolcache/Python/3.11.14/x64/lib/pkgconfig
generate	UNKNOWN STEP	2026-01-12T16:41:33.3900447Z   Python_ROOT_DIR: /opt/hostedtoolcache/Python/3.11.14/x64
generate	UNKNOWN STEP	2026-01-12T16:41:33.3900840Z   Python2_ROOT_DIR: /opt/hostedtoolcache/Python/3.11.14/x64
generate	UNKNOWN STEP	2026-01-12T16:41:33.3901223Z   Python3_ROOT_DIR: /opt/hostedtoolcache/Python/3.11.14/x64
generate	UNKNOWN STEP	2026-01-12T16:41:33.3901607Z   LD_LIBRARY_PATH: /opt/hostedtoolcache/Python/3.11.14/x64/lib
generate	UNKNOWN STEP	2026-01-12T16:41:33.3902302Z   GROQ_API_KEY: ***
generate	UNKNOWN STEP	2026-01-12T16:41:33.3902618Z   GEMINI_API_KEY: ***
generate	UNKNOWN STEP	2026-01-12T16:41:33.3903011Z   PEXELS_API_KEY: ***
generate	UNKNOWN STEP	2026-01-12T16:41:33.3903460Z   OPENROUTER_API_KEY: ***
generate	UNKNOWN STEP	2026-01-12T16:41:33.3903799Z   HUGGINGFACE_API_KEY: ***
generate	UNKNOWN STEP	2026-01-12T16:41:33.3904260Z   YOUTUBE_CLIENT_ID: ***
generate	UNKNOWN STEP	2026-01-12T16:41:33.3904580Z   YOUTUBE_CLIENT_SECRET: ***
generate	UNKNOWN STEP	2026-01-12T16:41:33.3905215Z   YOUTUBE_REFRESH_TOKEN: ***
generate	UNKNOWN STEP	2026-01-12T16:41:33.3905481Z   DAILYMOTION_API_KEY: ***
generate	UNKNOWN STEP	2026-01-12T16:41:33.3906088Z   DAILYMOTION_API_SECRET: ***
generate	UNKNOWN STEP	2026-01-12T16:41:33.3906374Z   DAILYMOTION_USERNAME: ***
generate	UNKNOWN STEP	2026-01-12T16:41:33.3906638Z   DAILYMOTION_PASSWORD: ***
generate	UNKNOWN STEP	2026-01-12T16:41:33.3906871Z ##[endgroup]
generate	UNKNOWN STEP	2026-01-12T16:41:33.3962536Z Checking API health...
generate	UNKNOWN STEP	2026-01-12T16:41:35.6447568Z 
generate	UNKNOWN STEP	2026-01-12T16:41:35.6448400Z ≡ƒöì Running API Health Checks...
generate	UNKNOWN STEP	2026-01-12T16:41:35.6448836Z 
generate	UNKNOWN STEP	2026-01-12T16:41:35.6449119Z   GROQ: Γ£à GROQ API key format valid (quota preserved)
generate	UNKNOWN STEP	2026-01-12T16:41:35.6449752Z   Gemini: Γ£à Gemini API key format valid (quota preserved)
generate	UNKNOWN STEP	2026-01-12T16:41:35.6450268Z   Pexels: Γ£à Pexels API working
generate	UNKNOWN STEP	2026-01-12T16:41:35.6450685Z   YouTube: Γ£à YouTube OAuth working
generate	UNKNOWN STEP	2026-01-12T16:41:35.6451108Z   Dailymotion: Γ£à Dailymotion OAuth working
generate	UNKNOWN STEP	2026-01-12T16:41:35.6451627Z   Printful: ΓÜá∩╕Å PRINTFUL_API_KEY not set (optional)
generate	UNKNOWN STEP	2026-01-12T16:41:35.6452516Z   HuggingFace: ΓÜá∩╕Å HF_TOKEN not set (needed for TrendMerch)
generate	UNKNOWN STEP	2026-01-12T16:41:35.6452857Z 
generate	UNKNOWN STEP	2026-01-12T16:41:35.6453067Z ≡ƒôè Results saved to api_health_status.json
generate	UNKNOWN STEP	2026-01-12T16:41:35.7564599Z ##[group]Run mkdir -p assets/backgrounds assets/broll assets/music assets/sfx assets/fonts
generate	UNKNOWN STEP	2026-01-12T16:41:35.7565282Z [36;1mmkdir -p assets/backgrounds assets/broll assets/music assets/sfx assets/fonts[0m
generate	UNKNOWN STEP	2026-01-12T16:41:35.7566030Z [36;1mmkdir -p output cache data/persistent[0m
generate	UNKNOWN STEP	2026-01-12T16:41:35.7599579Z shell: /usr/bin/bash -e {0}
generate	UNKNOWN STEP	2026-01-12T16:41:35.7599840Z env:
generate	UNKNOWN STEP	2026-01-12T16:41:35.7600044Z   GEMINI_AVAILABLE: true
generate	UNKNOWN STEP	2026-01-12T16:41:35.7600366Z   pythonLocation: /opt/hostedtoolcache/Python/3.11.14/x64
generate	UNKNOWN STEP	2026-01-12T16:41:35.7600810Z   PKG_CONFIG_PATH: /opt/hostedtoolcache/Python/3.11.14/x64/lib/pkgconfig
generate	UNKNOWN STEP	2026-01-12T16:41:35.7601245Z   Python_ROOT_DIR: /opt/hostedtoolcache/Python/3.11.14/x64
generate	UNKNOWN STEP	2026-01-12T16:41:35.7601630Z   Python2_ROOT_DIR: /opt/hostedtoolcache/Python/3.11.14/x64
generate	UNKNOWN STEP	2026-01-12T16:41:35.7602039Z   Python3_ROOT_DIR: /opt/hostedtoolcache/Python/3.11.14/x64
generate	UNKNOWN STEP	2026-01-12T16:41:35.7602456Z   LD_LIBRARY_PATH: /opt/hostedtoolcache/Python/3.11.14/x64/lib
generate	UNKNOWN STEP	2026-01-12T16:41:35.7602817Z ##[endgroup]
generate	UNKNOWN STEP	2026-01-12T16:41:35.7709819Z ##[group]Run ARTIFACT_ID=$(curl -s -H "Authorization: token ***" \
generate	UNKNOWN STEP	2026-01-12T16:41:35.7710510Z [36;1mARTIFACT_ID=$(curl -s -H "Authorization: token ***" \[0m
generate	UNKNOWN STEP	2026-01-12T16:41:35.7711211Z [36;1m  "https://api.github.com/repos/asaadbalum2/ViralShorts-Factory/actions/artifacts?name=persistent-state&per_page=1" \[0m
generate	UNKNOWN STEP	2026-01-12T16:41:35.7711808Z [36;1m  | jq -r '.artifacts[0].id')[0m
generate	UNKNOWN STEP	2026-01-12T16:41:35.7712074Z [36;1m[0m
generate	UNKNOWN STEP	2026-01-12T16:41:35.7712355Z [36;1mif [ "$ARTIFACT_ID" != "null" ] && [ -n "$ARTIFACT_ID" ]; then[0m
generate	UNKNOWN STEP	2026-01-12T16:41:35.7712897Z [36;1m  curl -L -H "Authorization: token ***" \[0m
generate	UNKNOWN STEP	2026-01-12T16:41:35.7713468Z [36;1m    "https://api.github.com/repos/asaadbalum2/ViralShorts-Factory/actions/artifacts/$ARTIFACT_ID/zip" \[0m
generate	UNKNOWN STEP	2026-01-12T16:41:35.7714022Z [36;1m    -o /tmp/state.zip[0m
generate	UNKNOWN STEP	2026-01-12T16:41:35.7714386Z [36;1m  unzip -o /tmp/state.zip -d data/persistent/ 2>/dev/null || true[0m
generate	UNKNOWN STEP	2026-01-12T16:41:35.7714877Z [36;1m  echo "[OK] Restored patterns from artifact $ARTIFACT_ID"[0m
generate	UNKNOWN STEP	2026-01-12T16:41:35.7715219Z [36;1melse[0m
generate	UNKNOWN STEP	2026-01-12T16:41:35.7715497Z [36;1m  echo "[INFO] No previous state found - starting fresh"[0m
generate	UNKNOWN STEP	2026-01-12T16:41:35.7716096Z [36;1mfi[0m
generate	UNKNOWN STEP	2026-01-12T16:41:35.7747310Z shell: /usr/bin/bash -e {0}
generate	UNKNOWN STEP	2026-01-12T16:41:35.7747570Z env:
generate	UNKNOWN STEP	2026-01-12T16:41:35.7747766Z   GEMINI_AVAILABLE: true
generate	UNKNOWN STEP	2026-01-12T16:41:35.7748080Z   pythonLocation: /opt/hostedtoolcache/Python/3.11.14/x64
generate	UNKNOWN STEP	2026-01-12T16:41:35.7748540Z   PKG_CONFIG_PATH: /opt/hostedtoolcache/Python/3.11.14/x64/lib/pkgconfig
generate	UNKNOWN STEP	2026-01-12T16:41:35.7748993Z   Python_ROOT_DIR: /opt/hostedtoolcache/Python/3.11.14/x64
generate	UNKNOWN STEP	2026-01-12T16:41:35.7749401Z   Python2_ROOT_DIR: /opt/hostedtoolcache/Python/3.11.14/x64
generate	UNKNOWN STEP	2026-01-12T16:41:35.7749802Z   Python3_ROOT_DIR: /opt/hostedtoolcache/Python/3.11.14/x64
generate	UNKNOWN STEP	2026-01-12T16:41:35.7750216Z   LD_LIBRARY_PATH: /opt/hostedtoolcache/Python/3.11.14/x64/lib
generate	UNKNOWN STEP	2026-01-12T16:41:35.7750549Z ##[endgroup]
generate	UNKNOWN STEP	2026-01-12T16:41:35.9085946Z   % Total    % Received % Xferd  Average Speed   Time    Time     Time  Current
generate	UNKNOWN STEP	2026-01-12T16:41:35.9086799Z                                  Dload  Upload   Total   Spent    Left  Speed
generate	UNKNOWN STEP	2026-01-12T16:41:35.9087210Z 
generate	UNKNOWN STEP	2026-01-12T16:41:36.2156960Z   0     0    0     0    0     0      0      0 --:--:-- --:--:-- --:--:--     0
generate	UNKNOWN STEP	2026-01-12T16:41:36.2157868Z   0     0    0     0    0     0      0      0 --:--:-- --:--:-- --:--:--     0
generate	UNKNOWN STEP	2026-01-12T16:41:36.2158643Z   0     0    0     0    0     0      0      0 --:--:-- --:--:-- --:--:--     0
generate	UNKNOWN STEP	2026-01-12T16:41:36.2531119Z 
generate	UNKNOWN STEP	2026-01-12T16:41:36.2531572Z 100 66702  100 66702    0     0   188k      0 --:--:-- --:--:-- --:--:--  188k
generate	UNKNOWN STEP	2026-01-12T16:41:36.2574895Z Archive:  /tmp/state.zip
generate	UNKNOWN STEP	2026-01-12T16:41:36.2577834Z   inflating: data/persistent/ab_test_results.json  
generate	UNKNOWN STEP	2026-01-12T16:41:36.2578833Z   inflating: data/persistent/aggressive_mode.json  
generate	UNKNOWN STEP	2026-01-12T16:41:36.2580428Z   inflating: data/persistent/aggressive_progress.json  
generate	UNKNOWN STEP	2026-01-12T16:41:36.2582021Z   inflating: data/persistent/analytics_state.json  
generate	UNKNOWN STEP	2026-01-12T16:41:36.2583525Z   inflating: data/persistent/category_decay.json  
generate	UNKNOWN STEP	2026-01-12T16:41:36.2584509Z   inflating: data/persistent/comment_responses.json  
generate	UNKNOWN STEP	2026-01-12T16:41:36.2585737Z   inflating: data/persistent/competitor_analysis.json  
generate	UNKNOWN STEP	2026-01-12T16:41:36.2586748Z   inflating: data/persistent/competitor_insights.json  
generate	UNKNOWN STEP	2026-01-12T16:41:36.2587776Z   inflating: data/persistent/competitor_tracking.json  
generate	UNKNOWN STEP	2026-01-12T16:41:36.2588803Z   inflating: data/persistent/dashboard.html  
generate	UNKNOWN STEP	2026-01-12T16:41:36.2590253Z   inflating: data/persistent/dashboard_data.json  
generate	UNKNOWN STEP	2026-01-12T16:41:36.2591358Z   inflating: data/persistent/engagement_predictions.json  
generate	UNKNOWN STEP	2026-01-12T16:41:36.2592381Z   inflating: data/persistent/error_patterns.json  
generate	UNKNOWN STEP	2026-01-12T16:41:36.2594599Z   inflating: data/persistent/god_tier_history.json  
generate	UNKNOWN STEP	2026-01-12T16:41:36.2595343Z   inflating: data/persistent/hashtag_performance.json  
generate	UNKNOWN STEP	2026-01-12T16:41:36.2598502Z   inflating: data/persistent/hook_word_performance.json  
generate	UNKNOWN STEP	2026-01-12T16:41:36.2599521Z   inflating: data/persistent/intro_pattern_performance.json  
generate	UNKNOWN STEP	2026-01-12T16:41:36.2600259Z   inflating: data/persistent/last_test_run.json  
generate	UNKNOWN STEP	2026-01-12T16:41:36.2600949Z   inflating: data/persistent/last_verification.json  
generate	UNKNOWN STEP	2026-01-12T16:41:36.2601644Z   inflating: data/persistent/master_history.json  
generate	UNKNOWN STEP	2026-01-12T16:41:36.2602717Z   inflating: data/persistent/model_cache/actual_quotas.json  
generate	UNKNOWN STEP	2026-01-12T16:41:36.2603407Z   inflating: data/persistent/model_cache/gemini_models.json  
generate	UNKNOWN STEP	2026-01-12T16:41:36.2604136Z   inflating: data/persistent/model_cache/groq_models.json  
generate	UNKNOWN STEP	2026-01-12T16:41:36.2605363Z   inflating: data/persistent/model_cache/openrouter_backup_models.json  
generate	UNKNOWN STEP	2026-01-12T16:41:36.2606823Z   inflating: data/persistent/model_cache/openrouter_models.json  
generate	UNKNOWN STEP	2026-01-12T16:41:36.2607801Z   inflating: data/persistent/model_cache/test_provider_models.json  
generate	UNKNOWN STEP	2026-01-12T16:41:36.2608789Z   inflating: data/persistent/model_discovery_report.json  
generate	UNKNOWN STEP	2026-01-12T16:41:36.2609891Z   inflating: data/persistent/model_intelligence.json  
generate	UNKNOWN STEP	2026-01-12T16:41:36.2611233Z   inflating: data/persistent/quality_gate_history.json  
generate	UNKNOWN STEP	2026-01-12T16:41:36.2612958Z   inflating: data/persistent/prompts_registry.json  
generate	UNKNOWN STEP	2026-01-12T16:41:36.2614399Z   inflating: data/persistent/quality_history.json  
generate	UNKNOWN STEP	2026-01-12T16:41:36.2615378Z   inflating: data/persistent/quota_cache.json  
generate	UNKNOWN STEP	2026-01-12T16:41:36.2616700Z   inflating: data/persistent/quota_monitor.json  
generate	UNKNOWN STEP	2026-01-12T16:41:36.2617777Z   inflating: data/persistent/recycle_candidates.json  
generate	UNKNOWN STEP	2026-01-12T16:41:36.2618635Z   inflating: data/persistent/seasonal_calendar.json  
generate	UNKNOWN STEP	2026-01-12T16:41:36.2621067Z   inflating: data/persistent/research_concepts.json  
generate	UNKNOWN STEP	2026-01-12T16:41:36.2622986Z   inflating: data/persistent/self_learning.json  
generate	UNKNOWN STEP	2026-01-12T16:41:36.2623738Z   inflating: data/persistent/series_state.json  
generate	UNKNOWN STEP	2026-01-12T16:41:36.2627453Z   inflating: data/persistent/smart_router_cache.json  
generate	UNKNOWN STEP	2026-01-12T16:41:36.2628363Z   inflating: data/persistent/smart_router_stats.json  
generate	UNKNOWN STEP	2026-01-12T16:41:36.2629071Z   inflating: data/persistent/test_persistent.json  
generate	UNKNOWN STEP	2026-01-12T16:41:36.2629997Z   inflating: data/persistent/text_animations.json  
generate	UNKNOWN STEP	2026-01-12T16:41:36.2630759Z   inflating: data/persistent/title_length_performance.json  
generate	UNKNOWN STEP	2026-01-12T16:41:36.2631753Z   inflating: data/persistent/token_budget.json  
generate	UNKNOWN STEP	2026-01-12T16:41:36.2635886Z   inflating: data/persistent/variety_state.json  
generate	UNKNOWN STEP	2026-01-12T16:41:36.2636569Z   inflating: data/persistent/upload_state.json  
generate	UNKNOWN STEP	2026-01-12T16:41:36.2638277Z   inflating: data/persistent/viral_patterns.json  
generate	UNKNOWN STEP	2026-01-12T16:41:36.2639805Z   inflating: data/persistent/virality_scores.json  
generate	UNKNOWN STEP	2026-01-12T16:41:36.2642956Z [OK] Restored patterns from artifact 5100664931
generate	UNKNOWN STEP	2026-01-12T16:41:36.2686778Z ##[group]Run echo "[INFO] Checking for pre-generated concepts from Pre-Work workflow..."
generate	UNKNOWN STEP	2026-01-12T16:41:36.2687616Z [36;1mecho "[INFO] Checking for pre-generated concepts from Pre-Work workflow..."[0m
generate	UNKNOWN STEP	2026-01-12T16:41:36.2688370Z [36;1mARTIFACT_ID=$(curl -s -H "Authorization: token ***" \[0m
generate	UNKNOWN STEP	2026-01-12T16:41:36.2689075Z [36;1m  "https://api.github.com/repos/asaadbalum2/ViralShorts-Factory/actions/artifacts?name=pre-generated-concepts&per_page=1" \[0m
generate	UNKNOWN STEP	2026-01-12T16:41:36.2689733Z [36;1m  | jq -r '.artifacts[0].id')[0m
generate	UNKNOWN STEP	2026-01-12T16:41:36.2689991Z [36;1m[0m
generate	UNKNOWN STEP	2026-01-12T16:41:36.2690274Z [36;1mif [ "$ARTIFACT_ID" != "null" ] && [ -n "$ARTIFACT_ID" ]; then[0m
generate	UNKNOWN STEP	2026-01-12T16:41:36.2690687Z [36;1m  # Check if artifact is from today (within 24 hours)[0m
generate	UNKNOWN STEP	2026-01-12T16:41:36.2691238Z [36;1m  CREATED_AT=$(curl -s -H "Authorization: token ***" \[0m
generate	UNKNOWN STEP	2026-01-12T16:41:36.2691856Z [36;1m    "https://api.github.com/repos/asaadbalum2/ViralShorts-Factory/actions/artifacts/$ARTIFACT_ID" \[0m
generate	UNKNOWN STEP	2026-01-12T16:41:36.2692373Z [36;1m    | jq -r '.created_at')[0m
generate	UNKNOWN STEP	2026-01-12T16:41:36.2692631Z [36;1m  [0m
generate	UNKNOWN STEP	2026-01-12T16:41:36.2692894Z [36;1m  echo "Pre-work artifact created at: $CREATED_AT"[0m
generate	UNKNOWN STEP	2026-01-12T16:41:36.2693200Z [36;1m  [0m
generate	UNKNOWN STEP	2026-01-12T16:41:36.2693569Z [36;1m  curl -L -H "Authorization: token ***" \[0m
generate	UNKNOWN STEP	2026-01-12T16:41:36.2694130Z [36;1m    "https://api.github.com/repos/asaadbalum2/ViralShorts-Factory/actions/artifacts/$ARTIFACT_ID/zip" \[0m
generate	UNKNOWN STEP	2026-01-12T16:41:36.2694671Z [36;1m    -o /tmp/prework.zip[0m
generate	UNKNOWN STEP	2026-01-12T16:41:36.2694944Z [36;1m  mkdir -p data[0m
generate	UNKNOWN STEP	2026-01-12T16:41:36.2695271Z [36;1m  unzip -o /tmp/prework.zip -d data/ 2>/dev/null || true[0m
generate	UNKNOWN STEP	2026-01-12T16:41:36.2695815Z [36;1m  [0m
generate	UNKNOWN STEP	2026-01-12T16:41:36.2696164Z [36;1m  if [ -f data/pre_generated_concepts.json ]; then[0m
generate	UNKNOWN STEP	2026-01-12T16:41:36.2696819Z [36;1m    CONCEPT_COUNT=$(python3 -c "import json; d=json.load(open('data/pre_generated_concepts.json')); print(len(d.get('concepts', [])))")[0m
generate	UNKNOWN STEP	2026-01-12T16:41:36.2697563Z [36;1m    echo "[OK] Loaded $CONCEPT_COUNT pre-generated concepts (saves AI quota!)"[0m
generate	UNKNOWN STEP	2026-01-12T16:41:36.2697970Z [36;1m  else[0m
generate	UNKNOWN STEP	2026-01-12T16:41:36.2698282Z [36;1m    echo "[INFO] Pre-work data downloaded but no concepts file found"[0m
generate	UNKNOWN STEP	2026-01-12T16:41:36.2698644Z [36;1m  fi[0m
generate	UNKNOWN STEP	2026-01-12T16:41:36.2698836Z [36;1melse[0m
generate	UNKNOWN STEP	2026-01-12T16:41:36.2699221Z [36;1m  echo "[INFO] No pre-generated concepts available - will generate fresh (uses more quota)"[0m
generate	UNKNOWN STEP	2026-01-12T16:41:36.2699669Z [36;1mfi[0m
generate	UNKNOWN STEP	2026-01-12T16:41:36.2732611Z shell: /usr/bin/bash -e {0}
generate	UNKNOWN STEP	2026-01-12T16:41:36.2732865Z env:
generate	UNKNOWN STEP	2026-01-12T16:41:36.2733061Z   GEMINI_AVAILABLE: true
generate	UNKNOWN STEP	2026-01-12T16:41:36.2733386Z   pythonLocation: /opt/hostedtoolcache/Python/3.11.14/x64
generate	UNKNOWN STEP	2026-01-12T16:41:36.2733841Z   PKG_CONFIG_PATH: /opt/hostedtoolcache/Python/3.11.14/x64/lib/pkgconfig
generate	UNKNOWN STEP	2026-01-12T16:41:36.2734279Z   Python_ROOT_DIR: /opt/hostedtoolcache/Python/3.11.14/x64
generate	UNKNOWN STEP	2026-01-12T16:41:36.2734679Z   Python2_ROOT_DIR: /opt/hostedtoolcache/Python/3.11.14/x64
generate	UNKNOWN STEP	2026-01-12T16:41:36.2735059Z   Python3_ROOT_DIR: /opt/hostedtoolcache/Python/3.11.14/x64
generate	UNKNOWN STEP	2026-01-12T16:41:36.2735450Z   LD_LIBRARY_PATH: /opt/hostedtoolcache/Python/3.11.14/x64/lib
generate	UNKNOWN STEP	2026-01-12T16:41:36.2736093Z ##[endgroup]
generate	UNKNOWN STEP	2026-01-12T16:41:36.2788926Z [INFO] Checking for pre-generated concepts from Pre-Work workflow...
generate	UNKNOWN STEP	2026-01-12T16:41:36.5501265Z Pre-work artifact created at: 2026-01-12T05:53:02Z
generate	UNKNOWN STEP	2026-01-12T16:41:36.5556004Z   % Total    % Received % Xferd  Average Speed   Time    Time     Time  Current
generate	UNKNOWN STEP	2026-01-12T16:41:36.5557271Z                                  Dload  Upload   Total   Spent    Left  Speed
generate	UNKNOWN STEP	2026-01-12T16:41:36.5558083Z 
generate	UNKNOWN STEP	2026-01-12T16:41:36.7849157Z   0     0    0     0    0     0      0      0 --:--:-- --:--:-- --:--:--     0
generate	UNKNOWN STEP	2026-01-12T16:41:36.7850014Z   0     0    0     0    0     0      0      0 --:--:-- --:--:-- --:--:--     0
generate	UNKNOWN STEP	2026-01-12T16:41:36.8311602Z 
generate	UNKNOWN STEP	2026-01-12T16:41:36.8312248Z 100  2382  100  2382    0     0   8638      0 --:--:-- --:--:-- --:--:--  8638
generate	UNKNOWN STEP	2026-01-12T16:41:36.8371219Z Archive:  /tmp/prework.zip
generate	UNKNOWN STEP	2026-01-12T16:41:36.8372913Z   inflating: data/pre_generated_concepts.json  
generate	UNKNOWN STEP	2026-01-12T16:41:36.8597942Z [OK] Loaded 22 pre-generated concepts (saves AI quota!)
generate	UNKNOWN STEP	2026-01-12T16:41:36.8628399Z ##[group]Run python fetch_broll.py || true
generate	UNKNOWN STEP	2026-01-12T16:41:36.8628765Z [36;1mpython fetch_broll.py || true[0m
generate	UNKNOWN STEP	2026-01-12T16:41:36.8662121Z shell: /usr/bin/bash -e {0}
generate	UNKNOWN STEP	2026-01-12T16:41:36.8662375Z env:
generate	UNKNOWN STEP	2026-01-12T16:41:36.8662574Z   GEMINI_AVAILABLE: true
generate	UNKNOWN STEP	2026-01-12T16:41:36.8662882Z   pythonLocation: /opt/hostedtoolcache/Python/3.11.14/x64
generate	UNKNOWN STEP	2026-01-12T16:41:36.8663331Z   PKG_CONFIG_PATH: /opt/hostedtoolcache/Python/3.11.14/x64/lib/pkgconfig
generate	UNKNOWN STEP	2026-01-12T16:41:36.8663761Z   Python_ROOT_DIR: /opt/hostedtoolcache/Python/3.11.14/x64
generate	UNKNOWN STEP	2026-01-12T16:41:36.8664175Z   Python2_ROOT_DIR: /opt/hostedtoolcache/Python/3.11.14/x64
generate	UNKNOWN STEP	2026-01-12T16:41:36.8664563Z   Python3_ROOT_DIR: /opt/hostedtoolcache/Python/3.11.14/x64
generate	UNKNOWN STEP	2026-01-12T16:41:36.8664951Z   LD_LIBRARY_PATH: /opt/hostedtoolcache/Python/3.11.14/x64/lib
generate	UNKNOWN STEP	2026-01-12T16:41:36.8665480Z   PEXELS_API_KEY: ***
generate	UNKNOWN STEP	2026-01-12T16:41:36.8665836Z ##[endgroup]
generate	UNKNOWN STEP	2026-01-12T16:44:04.1404655Z ≡ƒôÑ Downloading: abstract motion...
generate	UNKNOWN STEP	2026-01-12T16:44:04.1406865Z Γ£à Downloaded: abstract_motion.mp4 (12.1 MB)
generate	UNKNOWN STEP	2026-01-12T16:44:04.1407570Z ≡ƒôÑ Downloading: stock market trading...
generate	UNKNOWN STEP	2026-01-12T16:44:04.1408267Z Γ£à Downloaded: stock_market_trading.mp4 (3.0 MB)
generate	UNKNOWN STEP	2026-01-12T16:44:04.1408947Z ≡ƒôÑ Downloading: money bills counting...
generate	UNKNOWN STEP	2026-01-12T16:44:04.1409598Z Γ£à Downloaded: money_bills_counting.mp4 (1.7 MB)
generate	UNKNOWN STEP	2026-01-12T16:44:04.1410260Z ≡ƒôÑ Downloading: person typing laptop...
generate	UNKNOWN STEP	2026-01-12T16:44:04.1410905Z Γ£à Downloaded: person_typing_laptop.mp4 (1.6 MB)
generate	UNKNOWN STEP	2026-01-12T16:44:04.1411350Z ≡ƒôÑ Downloading: colorful particles...
generate	UNKNOWN STEP	2026-01-12T16:44:04.1411764Z Γ£à Downloaded: colorful_particles.mp4 (0.5 MB)
generate	UNKNOWN STEP	2026-01-12T16:44:04.1412178Z ≡ƒôÑ Downloading: person thinking deeply...
generate	UNKNOWN STEP	2026-01-12T16:44:04.1412613Z Γ£à Downloaded: person_thinking_deeply.mp4 (1.6 MB)
generate	UNKNOWN STEP	2026-01-12T16:44:04.1413046Z ≡ƒôÑ Downloading: brain visualization...
generate	UNKNOWN STEP	2026-01-12T16:44:04.1413455Z Γ£à Downloaded: brain_visualization.mp4 (0.9 MB)
generate	UNKNOWN STEP	2026-01-12T16:44:04.1413909Z ≡ƒôÑ Downloading: organized desk workspace...
generate	UNKNOWN STEP	2026-01-12T16:44:04.1414364Z Γ£à Downloaded: organized_desk_workspace.mp4 (1.5 MB)
generate	UNKNOWN STEP	2026-01-12T16:44:04.1414642Z 
generate	UNKNOWN STEP	2026-01-12T16:44:04.1414766Z ≡ƒôü B-roll files:
generate	UNKNOWN STEP	2026-01-12T16:44:04.1415050Z   - person_typing_laptop.mp4 (1.6 MB)
generate	UNKNOWN STEP	2026-01-12T16:44:04.1415396Z   - stock_market_trading.mp4 (3.0 MB)
generate	UNKNOWN STEP	2026-01-12T16:44:04.1416049Z   - brain_visualization.mp4 (0.9 MB)
generate	UNKNOWN STEP	2026-01-12T16:44:04.1416390Z   - abstract_motion.mp4 (12.1 MB)
generate	UNKNOWN STEP	2026-01-12T16:44:04.1416712Z   - colorful_particles.mp4 (0.5 MB)
generate	UNKNOWN STEP	2026-01-12T16:44:04.1417050Z   - person_thinking_deeply.mp4 (1.6 MB)
generate	UNKNOWN STEP	2026-01-12T16:44:04.1417394Z   - money_bills_counting.mp4 (1.7 MB)
generate	UNKNOWN STEP	2026-01-12T16:44:04.1417729Z   - organized_desk_workspace.mp4 (1.5 MB)
generate	UNKNOWN STEP	2026-01-12T16:44:04.1417975Z 
generate	UNKNOWN STEP	2026-01-12T16:44:04.1418133Z Γ£à Downloaded 8 B-roll videos
generate	UNKNOWN STEP	2026-01-12T16:44:04.1589207Z ##[group]Run # v17.9.7: YouTube-only focus (Dailymotion disabled)
generate	UNKNOWN STEP	2026-01-12T16:44:04.1589738Z [36;1m# v17.9.7: YouTube-only focus (Dailymotion disabled)[0m
generate	UNKNOWN STEP	2026-01-12T16:44:04.1590404Z [36;1m# 6 scheduled runs/day ├ù 1 video = 6 videos/day = YouTube daily limit[0m
generate	UNKNOWN STEP	2026-01-12T16:44:04.1590812Z [36;1mBATCH=""[0m
generate	UNKNOWN STEP	2026-01-12T16:44:04.1591123Z [36;1mBATCH="${BATCH:-1}"  # Default to 1 for YouTube-only strategy[0m
generate	UNKNOWN STEP	2026-01-12T16:44:04.1591474Z [36;1mTEST_ONLY=""[0m
generate	UNKNOWN STEP	2026-01-12T16:44:04.1591718Z [36;1mTEST_ONLY="${TEST_ONLY:-false}"[0m
generate	UNKNOWN STEP	2026-01-12T16:44:04.1591980Z [36;1m[0m
generate	UNKNOWN STEP	2026-01-12T16:44:04.1592222Z [36;1mecho "=============================================="[0m
generate	UNKNOWN STEP	2026-01-12T16:44:04.1592568Z [36;1mecho "   VIRALSHORTS FACTORY v17.9.7"[0m
generate	UNKNOWN STEP	2026-01-12T16:44:04.1592877Z [36;1mecho "   YOUTUBE-ONLY FOCUS"[0m
generate	UNKNOWN STEP	2026-01-12T16:44:04.1593208Z [36;1mecho "   Videos: $BATCH per run (6 runs/day)"[0m
generate	UNKNOWN STEP	2026-01-12T16:44:04.1593628Z [36;1mecho "   Quality: 10 phrases, 50s duration"[0m
generate	UNKNOWN STEP	2026-01-12T16:44:04.1593959Z [36;1mecho "   Dailymotion: DISABLED"[0m
generate	UNKNOWN STEP	2026-01-12T16:44:04.1594280Z [36;1mecho "=============================================="[0m
generate	UNKNOWN STEP	2026-01-12T16:44:04.1594596Z [36;1m[0m
generate	UNKNOWN STEP	2026-01-12T16:44:04.1594807Z [36;1mif [ "$TEST_ONLY" = "true" ]; then[0m
generate	UNKNOWN STEP	2026-01-12T16:44:04.1595137Z [36;1m  echo "TEST MODE: Generating without uploads"[0m
generate	UNKNOWN STEP	2026-01-12T16:44:04.1595539Z [36;1m  python pro_video_generator.py --count $BATCH --no-upload[0m
generate	UNKNOWN STEP	2026-01-12T16:44:04.1596079Z [36;1melse[0m
generate	UNKNOWN STEP	2026-01-12T16:44:04.1596337Z [36;1m  echo "PRODUCTION MODE: YouTube upload only"[0m
generate	UNKNOWN STEP	2026-01-12T16:44:04.1596673Z [36;1m  # v17.9.7: YouTube only, no Dailymotion[0m
generate	UNKNOWN STEP	2026-01-12T16:44:04.1597089Z [36;1m  python pro_video_generator.py --count $BATCH --upload --youtube-only[0m
generate	UNKNOWN STEP	2026-01-12T16:44:04.1597480Z [36;1mfi[0m
generate	UNKNOWN STEP	2026-01-12T16:44:04.1630284Z shell: /usr/bin/bash -e {0}
generate	UNKNOWN STEP	2026-01-12T16:44:04.1630546Z env:
generate	UNKNOWN STEP	2026-01-12T16:44:04.1630743Z   GEMINI_AVAILABLE: true
generate	UNKNOWN STEP	2026-01-12T16:44:04.1631063Z   pythonLocation: /opt/hostedtoolcache/Python/3.11.14/x64
generate	UNKNOWN STEP	2026-01-12T16:44:04.1631524Z   PKG_CONFIG_PATH: /opt/hostedtoolcache/Python/3.11.14/x64/lib/pkgconfig
generate	UNKNOWN STEP	2026-01-12T16:44:04.1631988Z   Python_ROOT_DIR: /opt/hostedtoolcache/Python/3.11.14/x64
generate	UNKNOWN STEP	2026-01-12T16:44:04.1632386Z   Python2_ROOT_DIR: /opt/hostedtoolcache/Python/3.11.14/x64
generate	UNKNOWN STEP	2026-01-12T16:44:04.1632770Z   Python3_ROOT_DIR: /opt/hostedtoolcache/Python/3.11.14/x64
generate	UNKNOWN STEP	2026-01-12T16:44:04.1633170Z   LD_LIBRARY_PATH: /opt/hostedtoolcache/Python/3.11.14/x64/lib
generate	UNKNOWN STEP	2026-01-12T16:44:04.1633762Z   YOUTUBE_CLIENT_ID: ***
generate	UNKNOWN STEP	2026-01-12T16:44:04.1634105Z   YOUTUBE_CLIENT_SECRET: ***
generate	UNKNOWN STEP	2026-01-12T16:44:04.1634739Z   YOUTUBE_REFRESH_TOKEN: ***
generate	UNKNOWN STEP	2026-01-12T16:44:04.1635119Z   PEXELS_API_KEY: ***
generate	UNKNOWN STEP	2026-01-12T16:44:04.1635481Z   GROQ_API_KEY: ***
generate	UNKNOWN STEP	2026-01-12T16:44:04.1635931Z   GEMINI_API_KEY: ***
generate	UNKNOWN STEP	2026-01-12T16:44:04.1636370Z   OPENROUTER_API_KEY: ***
generate	UNKNOWN STEP	2026-01-12T16:44:04.1636694Z   HUGGINGFACE_API_KEY: ***
generate	UNKNOWN STEP	2026-01-12T16:44:04.1636955Z   DAILYMOTION_PASSWORD: ***
generate	UNKNOWN STEP	2026-01-12T16:44:04.1637211Z   PYTHONUNBUFFERED: 1
generate	UNKNOWN STEP	2026-01-12T16:44:04.1637432Z ##[endgroup]
generate	UNKNOWN STEP	2026-01-12T16:44:04.1689074Z ==============================================
generate	UNKNOWN STEP	2026-01-12T16:44:04.1689645Z    VIRALSHORTS FACTORY v17.9.7
generate	UNKNOWN STEP	2026-01-12T16:44:04.1690083Z    YOUTUBE-ONLY FOCUS
generate	UNKNOWN STEP	2026-01-12T16:44:04.1690479Z    Videos: 1 per run (6 runs/day)
generate	UNKNOWN STEP	2026-01-12T16:44:04.1690929Z    Quality: 10 phrases, 50s duration
generate	UNKNOWN STEP	2026-01-12T16:44:04.1691378Z    Dailymotion: DISABLED
generate	UNKNOWN STEP	2026-01-12T16:44:04.1691787Z ==============================================
generate	UNKNOWN STEP	2026-01-12T16:44:04.1692284Z PRODUCTION MODE: YouTube upload only
generate	UNKNOWN STEP	2026-01-12T16:44:04.9308496Z [OK] v12.0 Ultimate Enhancements loaded: 330 enhancements ACTIVE!
generate	UNKNOWN STEP	2026-01-12T16:44:04.9333489Z [OK] Critical Fixes loaded: Font/SFX/Quality/Promise/Hook-scoring ACTIVE!
generate	UNKNOWN STEP	2026-01-12T16:44:04.9358906Z [OK] Viral Video Science loaded: Value delivery checking ACTIVE!
generate	UNKNOWN STEP	2026-01-12T16:44:04.9388016Z [OK] Thumbnail Generator loaded: AI-driven thumbnails ACTIVE!
generate	UNKNOWN STEP	2026-01-12T16:44:04.9419583Z [OK] Competitor Analyzer loaded: Differentiation ACTIVE!
generate	UNKNOWN STEP	2026-01-12T16:44:04.9422216Z [OK] AI Pattern Generator loaded: AI-first patterns ACTIVE!
generate	UNKNOWN STEP	2026-01-12T16:44:04.9439403Z [OK] Model Intelligence loaded: Smart provider selection ACTIVE!
generate	UNKNOWN STEP	2026-01-12T16:44:04.9536040Z [OK] Smart Model Router loaded: Optimal model selection per prompt ACTIVE!
generate	UNKNOWN STEP	2026-01-12T16:44:04.9925487Z [OK] AI Modules loaded: 16/16 available
generate	UNKNOWN STEP	2026-01-12T16:44:04.9933187Z [AI PATTERNS] Generating patterns with AI...
generate	UNKNOWN STEP	2026-01-12T16:44:05.6984073Z [CACHE] Using cached Gemini models
generate	UNKNOWN STEP	2026-01-12T16:44:21.6937730Z [AI PATTERNS] Generated 10 title patterns
generate	UNKNOWN STEP	2026-01-12T16:44:21.6951460Z 
generate	UNKNOWN STEP	2026-01-12T16:44:21.6951901Z ======================================================================
generate	UNKNOWN STEP	2026-01-12T16:44:21.6952589Z    VIRALSHORTS FACTORY v17.9.7 - YOUTUBE FOCUS
generate	UNKNOWN STEP	2026-01-12T16:44:21.6953152Z    Generating 1 video(s)
generate	UNKNOWN STEP	2026-01-12T16:44:21.6953535Z    AI decides: category, topic, length, voice, music
generate	UNKNOWN STEP	2026-01-12T16:44:21.6953981Z    QUALITY GATES: Pre-gen, post-content, post-render
generate	UNKNOWN STEP	2026-01-12T16:44:21.6954506Z    v11.0 FEATURES: Click bait, Scroll-stop, Algorithm, Visual, Quality
generate	UNKNOWN STEP	2026-01-12T16:44:21.6954980Z ======================================================================
generate	UNKNOWN STEP	2026-01-12T16:44:21.6955427Z 
generate	UNKNOWN STEP	2026-01-12T16:44:21.6955826Z ======================================================================
generate	UNKNOWN STEP	2026-01-12T16:44:21.6956392Z    VIDEO 1/1
generate	UNKNOWN STEP	2026-01-12T16:44:21.6956803Z ======================================================================
generate	UNKNOWN STEP	2026-01-12T16:44:21.6957400Z ======================================================================
generate	UNKNOWN STEP	2026-01-12T16:44:21.6958015Z    VIRALSHORTS FACTORY v17.9.7 - YOUTUBE FOCUS
generate	UNKNOWN STEP	2026-01-12T16:44:21.6958509Z    Run: #83414
generate	UNKNOWN STEP	2026-01-12T16:44:21.6958790Z    Video Length: 40-50 seconds (optimal)
generate	UNKNOWN STEP	2026-01-12T16:44:21.6959131Z    Variety: Persistent across runs
generate	UNKNOWN STEP	2026-01-12T16:44:21.6959446Z    Quality Gates: 3 active
generate	UNKNOWN STEP	2026-01-12T16:44:21.6959765Z ======================================================================
generate	UNKNOWN STEP	2026-01-12T16:44:21.6960166Z    [v9.0] Enhancement orchestrator initialized
generate	UNKNOWN STEP	2026-01-12T16:44:21.7008965Z 
generate	UNKNOWN STEP	2026-01-12T16:44:21.7009271Z ============================================================
generate	UNKNOWN STEP	2026-01-12T16:44:21.7009799Z TOKEN BUDGET STATUS
generate	UNKNOWN STEP	2026-01-12T16:44:21.7010213Z ============================================================
generate	UNKNOWN STEP	2026-01-12T16:44:21.7010727Z   GROQ         | 0/90,000 (0.0%) | 0 calls
generate	UNKNOWN STEP	2026-01-12T16:44:21.7011201Z   GEMINI       | 0/900,000 (0.0%) | 0 calls
generate	UNKNOWN STEP	2026-01-12T16:44:21.7011685Z   OPENROUTER   | 0/200,000 (0.0%) | 0 calls
generate	UNKNOWN STEP	2026-01-12T16:44:21.7012194Z ============================================================
generate	UNKNOWN STEP	2026-01-12T16:44:21.7012411Z 
generate	UNKNOWN STEP	2026-01-12T16:44:21.7012594Z [OK] Token Budget Manager initialized - 85 videos remaining today
generate	UNKNOWN STEP	2026-01-12T16:44:21.7058334Z [OK] Self-Learning Engine initialized - 73 videos analyzed
generate	UNKNOWN STEP	2026-01-12T16:44:21.7089259Z [OK] Quota Monitor initialized
generate	UNKNOWN STEP	2026-01-12T16:44:22.0339436Z [CACHE] Found 20 Groq models via API
generate	UNKNOWN STEP	2026-01-12T16:44:22.0340202Z [OK] Groq AI initialized (10 models available)
generate	UNKNOWN STEP	2026-01-12T16:44:22.0341287Z [CACHE] Using cached Gemini models
generate	UNKNOWN STEP	2026-01-12T16:44:22.0342062Z [OK] Gemini AI initialized (gemini-2.5-flash - dynamic selection)
generate	UNKNOWN STEP	2026-01-12T16:44:22.0342862Z [OK] OpenRouter AI initialized (fallback)
generate	UNKNOWN STEP	2026-01-12T16:44:22.0343229Z 
generate	UNKNOWN STEP	2026-01-12T16:44:22.0343418Z [STAGE 1] AI deciding video concept...
generate	UNKNOWN STEP	2026-01-12T16:44:22.0343935Z [CACHE] Using cached Groq models
generate	UNKNOWN STEP	2026-01-12T16:44:22.2567874Z    [VARIETY] Excluding 8 recent categories
generate	UNKNOWN STEP	2026-01-12T16:44:22.2568647Z [OK] Viral patterns loaded from AI generator
generate	UNKNOWN STEP	2026-01-12T16:44:22.2569316Z [AI] Generating viral patterns...
generate	UNKNOWN STEP	2026-01-12T16:44:23.5700149Z [AI] Generated 10 title patterns
generate	UNKNOWN STEP	2026-01-12T16:44:23.5719024Z [ROUTER] Loaded cached rankings from 2026-01-12T12:49:12.353974
generate	UNKNOWN STEP	2026-01-12T16:44:23.5721099Z    [ROUTER] Type: creative, Chain: 88 models
generate	UNKNOWN STEP	2026-01-12T16:44:23.5721800Z    [AI] Using groq:llama-3.3-70b-versatile
generate	UNKNOWN STEP	2026-01-12T16:44:24.2400989Z    [PERSIST] Recorded to variety state
generate	UNKNOWN STEP	2026-01-12T16:44:24.2401643Z    Category: Money
generate	UNKNOWN STEP	2026-01-12T16:44:24.2402446Z    Topic: Hidden Bank Fees Killing Your Savings
generate	UNKNOWN STEP	2026-01-12T16:44:24.2403132Z    Phrases: 8
generate	UNKNOWN STEP	2026-01-12T16:44:24.2403570Z    Voice: energetic
generate	UNKNOWN STEP	2026-01-12T16:44:24.2404178Z    Music: dramatic
generate	UNKNOWN STEP	2026-01-12T16:44:24.2404407Z    Duration: ~45s
generate	UNKNOWN STEP	2026-01-12T16:44:24.2620557Z [CACHE] Using cached Gemini models
generate	UNKNOWN STEP	2026-01-12T16:44:24.2621691Z [OK] Gemini model: gemini-2.5-flash
generate	UNKNOWN STEP	2026-01-12T16:44:30.7185889Z    [DUPLICATE] Similar to: Hidden Bank Fees Killing Your Savings
generate	UNKNOWN STEP	2026-01-12T16:44:30.7186679Z    [v9.0] Semantic duplicate detected - regenerating...
generate	UNKNOWN STEP	2026-01-12T16:44:30.7187326Z          DUPLICATE: Similar to 'Hidden Bank Fees Killing Your Savings'
generate	UNKNOWN STEP	2026-01-12T16:44:30.7187746Z 
generate	UNKNOWN STEP	2026-01-12T16:44:30.7187907Z [STAGE 1] AI deciding video concept...
generate	UNKNOWN STEP	2026-01-12T16:44:30.7190351Z [CACHE] Using cached Groq models
generate	UNKNOWN STEP	2026-01-12T16:44:30.8286748Z    [VARIETY] Excluding 8 recent categories
generate	UNKNOWN STEP	2026-01-12T16:44:30.8291297Z    [ROUTER] Type: creative, Chain: 88 models
generate	UNKNOWN STEP	2026-01-12T16:44:30.8291811Z    [AI] Using groq:llama-3.3-70b-versatile
generate	UNKNOWN STEP	2026-01-12T16:44:31.5431640Z    [PERSIST] Recorded to variety state
generate	UNKNOWN STEP	2026-01-12T16:44:31.5432100Z    Category: Health
generate	UNKNOWN STEP	2026-01-12T16:44:31.5432729Z    Topic: The Hidden Dangers of Overdraft Fees on Mental Health
generate	UNKNOWN STEP	2026-01-12T16:44:31.5433194Z    Phrases: 9
generate	UNKNOWN STEP	2026-01-12T16:44:31.5433456Z    Voice: energetic
generate	UNKNOWN STEP	2026-01-12T16:44:31.5433734Z    Music: dramatic
generate	UNKNOWN STEP	2026-01-12T16:44:31.5433997Z    Duration: ~45s
generate	UNKNOWN STEP	2026-01-12T16:44:32.1427581Z [!] gemini failed: 429 You exceeded your current quota, please check your plan and billing details. For more information on this error, head to: https://ai.google.dev/gemini-api/docs/rate-limits. To monitor your current usage, head to: https://ai.dev/rate-limit. 
generate	UNKNOWN STEP	2026-01-12T16:44:32.1429779Z * Quota exceeded for metric: generativelanguage.googleapis.com/generate_content_free_tier_requests, limit: 20, model: gemini-2.5-flash
generate	UNKNOWN STEP	2026-01-12T16:44:32.1430757Z Please retry in 27.910659091s. [links {
generate	UNKNOWN STEP	2026-01-12T16:44:32.1431231Z   description: "Learn more about Gemini API quotas"
generate	UNKNOWN STEP	2026-01-12T16:44:32.1431830Z   url: "https://ai.google.dev/gemini-api/docs/rate-limits"
generate	UNKNOWN STEP	2026-01-12T16:44:32.1432226Z }
generate	UNKNOWN STEP	2026-01-12T16:44:32.1432442Z , violations {
generate	UNKNOWN STEP	2026-01-12T16:44:32.1432901Z   quota_metric: "generativelanguage.googleapis.com/generate_content_free_tier_requests"
generate	UNKNOWN STEP	2026-01-12T16:44:32.1433564Z   quota_id: "GenerateRequestsPerDayPerProjectPerModel-FreeTier"
generate	UNKNOWN STEP	2026-01-12T16:44:32.1434010Z   quota_dimensions {
generate	UNKNOWN STEP	2026-01-12T16:44:32.1434265Z     key: "model"
generate	UNKNOWN STEP	2026-01-12T16:44:32.1434517Z     value: "gemini-2.5-flash"
generate	UNKNOWN STEP	2026-01-12T16:44:32.1434798Z   }
generate	UNKNOWN STEP	2026-01-12T16:44:32.1435016Z   quota_dimensions {
generate	UNKNOWN STEP	2026-01-12T16:44:32.1435265Z     key: "location"
generate	UNKNOWN STEP	2026-01-12T16:44:32.1435508Z     value: "global"
generate	UNKNOWN STEP	2026-01-12T16:44:32.1435913Z   }
generate	UNKNOWN STEP	2026-01-12T16:44:32.1436120Z   quota_value: 20
generate	UNKNOWN STEP	2026-01-12T16:44:32.1436357Z }
generate	UNKNOWN STEP	2026-01-12T16:44:32.1436561Z , retry_delay {
generate	UNKNOWN STEP	2026-01-12T16:44:32.1436793Z   seconds: 27
generate	UNKNOWN STEP	2026-01-12T16:44:32.1437017Z }
generate	UNKNOWN STEP	2026-01-12T16:44:32.1437212Z ]
generate	UNKNOWN STEP	2026-01-12T16:44:32.1437438Z [CACHE] Using cached Groq models
generate	UNKNOWN STEP	2026-01-12T16:44:32.2399263Z [!] groq failed: Error code: 400 - {'error': {'message': 'The model `canopylabs/orpheus-arabic-saudi` requires terms acceptance. Please have the org admin accept the terms at https://console.groq.com/playground?model=canopylabs%2Forpheus-arabic-saudi', 'type': 'invalid_request_error', 'code': 'model_terms_required'}}
generate	UNKNOWN STEP	2026-01-12T16:44:32.2401316Z    [v16.0] Injecting 4 enhancement instructions!
generate	UNKNOWN STEP	2026-01-12T16:44:32.2401671Z 
generate	UNKNOWN STEP	2026-01-12T16:44:32.2401827Z [QUALITY GATE] Running checks...
generate	UNKNOWN STEP	2026-01-12T16:44:32.2408672Z    [1/5] Virality: 41.8 (D)
generate	UNKNOWN STEP	2026-01-12T16:44:32.2409125Z    [2/5] Retention: 55.0%
generate	UNKNOWN STEP	2026-01-12T16:44:32.2409939Z    [3/5] Engagement: 28.8
generate	UNKNOWN STEP	2026-01-12T16:44:32.2412194Z    [4/5] Script: 18.7 (F)
generate	UNKNOWN STEP	2026-01-12T16:44:32.2414059Z [CACHE] Using cached Groq models
generate	UNKNOWN STEP	2026-01-12T16:44:32.3400624Z    [!] Groq error: Error code: 400 - {'error': {'message': 'The model `canopylabs/orpheus-arabic-saudi` requires terms acceptance. Please have the org admin accept the terms at https://console.groq.com/playground?model=canopylabs%2Forpheus-arabic-saudi', 'type': 'invalid_request_error', 'code': 'model_terms_required'}}
generate	UNKNOWN STEP	2026-01-12T16:44:32.3402274Z [CACHE] Using cached Gemini models
generate	UNKNOWN STEP	2026-01-12T16:44:32.4647090Z    [!] Gemini error: 429 You exceeded your current quota, please check your plan and billing details. For more information on this error, head to: https://ai.google.dev/gemini-api/docs/rate-limits. To monitor your current usage, head to: https://ai.dev/rate-limit. 
generate	UNKNOWN STEP	2026-01-12T16:44:32.4648836Z * Quota exceeded for metric: generativelanguage.googleapis.com/generate_content_free_tier_requests, limit: 20, model: gemini-2.5-flash
generate	UNKNOWN STEP	2026-01-12T16:44:32.4649567Z Please retry in 27.589512702s. [links {
generate	UNKNOWN STEP	2026-01-12T16:44:32.4649937Z   description: "Learn more about Gemini API quotas"
generate	UNKNOWN STEP	2026-01-12T16:44:32.4650364Z   url: "https://ai.google.dev/gemini-api/docs/rate-limits"
generate	UNKNOWN STEP	2026-01-12T16:44:32.4650717Z }
generate	UNKNOWN STEP	2026-01-12T16:44:32.4650919Z , violations {
generate	UNKNOWN STEP	2026-01-12T16:44:32.4651353Z   quota_metric: "generativelanguage.googleapis.com/generate_content_free_tier_requests"
generate	UNKNOWN STEP	2026-01-12T16:44:32.4651976Z   quota_id: "GenerateRequestsPerDayPerProjectPerModel-FreeTier"
generate	UNKNOWN STEP	2026-01-12T16:44:32.4652400Z   quota_dimensions {
generate	UNKNOWN STEP	2026-01-12T16:44:32.4652636Z     key: "model"
generate	UNKNOWN STEP	2026-01-12T16:44:32.4652871Z     value: "gemini-2.5-flash"
generate	UNKNOWN STEP	2026-01-12T16:44:32.4653132Z   }
generate	UNKNOWN STEP	2026-01-12T16:44:32.4653442Z   quota_dimensions {
generate	UNKNOWN STEP	2026-01-12T16:44:32.4653769Z     key: "location"
generate	UNKNOWN STEP	2026-01-12T16:44:32.4654136Z     value: "global"
generate	UNKNOWN STEP	2026-01-12T16:44:32.4654473Z   }
generate	UNKNOWN STEP	2026-01-12T16:44:32.4654775Z   quota_value: 20
generate	UNKNOWN STEP	2026-01-12T16:44:32.4655114Z }
generate	UNKNOWN STEP	2026-01-12T16:44:32.4655411Z , retry_delay {
generate	UNKNOWN STEP	2026-01-12T16:44:32.4655934Z   seconds: 27
generate	UNKNOWN STEP	2026-01-12T16:44:32.4656264Z }
generate	UNKNOWN STEP	2026-01-12T16:44:32.4656553Z ]
generate	UNKNOWN STEP	2026-01-12T16:44:32.4656879Z    [5/5] AI Quality: 40.0 (NEEDS_WORK)
generate	UNKNOWN STEP	2026-01-12T16:44:32.4657207Z 
generate	UNKNOWN STEP	2026-01-12T16:44:32.4657386Z [QUALITY GATE] FAILED (36.9/100)
generate	UNKNOWN STEP	2026-01-12T16:44:32.4657684Z 
generate	UNKNOWN STEP	2026-01-12T16:44:32.4657844Z [QUALITY GATE] Top Issues:
generate	UNKNOWN STEP	2026-01-12T16:44:32.4658353Z    - Add emotional triggers or relatable content
generate	UNKNOWN STEP	2026-01-12T16:44:32.4658918Z    - Add question or clear CTA to boost engagement
generate	UNKNOWN STEP	2026-01-12T16:44:32.4659486Z    - Use numbered points and curiosity gaps
generate	UNKNOWN STEP	2026-01-12T16:44:32.4660046Z    [QUALITY GATE] Pre-check: 36.9/100 - FAIL
generate	UNKNOWN STEP	2026-01-12T16:44:32.4660393Z 
generate	UNKNOWN STEP	2026-01-12T16:44:32.4660573Z [STAGE 2] AI creating content...
generate	UNKNOWN STEP	2026-01-12T16:44:32.4661087Z    [v17.9.4] Using learned optimal: 10 phrases, 50s
generate	UNKNOWN STEP	2026-01-12T16:44:32.4662849Z    [ROUTER] Type: creative, Chain: 88 models
generate	UNKNOWN STEP	2026-01-12T16:44:32.4663267Z    [RATE] Waiting 0.6s for llama-3.3-70b-versatile rate limit
generate	UNKNOWN STEP	2026-01-12T16:44:33.0292880Z    [AI] Using groq:llama-3.3-70b-versatile
generate	UNKNOWN STEP	2026-01-12T16:44:33.1363030Z    [!] Groq (llama-3.3-70b-versatile): Error code: 429 - {'error': {'message': 'Rate limit reached for model `llama-3.3-70b-versatile` in organization `org_01k8rx5j5hfdvsm47zcsk93c7t` service tier `on_demand` on tokens per day (TPD): Limit 100000, Used 97200, Requested 3313. Please try again in 7m23.232s. Need more tokens? Upgrade to Dev Tier today at https://console.groq.com/settings/billing', 'type': 'tokens', 'code': 'rate_limit_exceeded'}}
generate	UNKNOWN STEP	2026-01-12T16:44:33.1365088Z    [FALLBACK] Trying gemini:gemini-2.5-pro...
generate	UNKNOWN STEP	2026-01-12T16:44:33.2500577Z    [!] Gemini (gemini-2.5-pro): 429 You exceeded your current quota, please check your plan and billing details. For more information on this error, head to: https://ai.google.dev/gemini-api/docs/rate-limits. To monitor your current usage, head to: https://ai.dev/rate-limit. 
generate	UNKNOWN STEP	2026-01-12T16:44:33.2502852Z * Quota exceeded for metric: generativelanguage.googleapis.com/generate_content_free_tier_input_token_count, limit: 0, model: gemini-2.5-pro
generate	UNKNOWN STEP	2026-01-12T16:44:33.2504211Z * Quota exceeded for metric: generativelanguage.googleapis.com/generate_content_free_tier_requests, limit: 0, model: gemini-2.5-pro
generate	UNKNOWN STEP	2026-01-12T16:44:33.2505374Z * Quota exceeded for metric: generativelanguage.googleapis.com/generate_content_free_tier_requests, limit: 0, model: gemini-2.5-pro
generate	UNKNOWN STEP	2026-01-12T16:44:33.2507035Z * Quota exceeded for metric: generativelanguage.googleapis.com/generate_content_free_tier_input_token_count, limit: 0, model: gemini-2.5-pro
generate	UNKNOWN STEP	2026-01-12T16:44:33.2508139Z Please retry in 26.76974553s. [links {
generate	UNKNOWN STEP	2026-01-12T16:44:33.2508607Z   description: "Learn more about Gemini API quotas"
generate	UNKNOWN STEP	2026-01-12T16:44:33.2509332Z   url: "https://ai.google.dev/gemini-api/docs/rate-limits"
generate	UNKNOWN STEP	2026-01-12T16:44:33.2510022Z }
generate	UNKNOWN STEP	2026-01-12T16:44:33.2510369Z , violations {
generate	UNKNOWN STEP	2026-01-12T16:44:33.2511219Z   quota_metric: "generativelanguage.googleapis.com/generate_content_free_tier_input_token_count"
generate	UNKNOWN STEP	2026-01-12T16:44:33.2512535Z   quota_id: "GenerateContentInputTokensPerModelPerMinute-FreeTier"
generate	UNKNOWN STEP	2026-01-12T16:44:33.2513300Z   quota_dimensions {
generate	UNKNOWN STEP	2026-01-12T16:44:33.2513683Z     key: "model"
generate	UNKNOWN STEP	2026-01-12T16:44:33.2514052Z     value: "gemini-2.5-pro"
generate	UNKNOWN STEP	2026-01-12T16:44:33.2514467Z   }
generate	UNKNOWN STEP	2026-01-12T16:44:33.2514738Z   quota_dimensions {
generate	UNKNOWN STEP	2026-01-12T16:44:33.2514980Z     key: "location"
generate	UNKNOWN STEP	2026-01-12T16:44:33.2515194Z     value: "global"
generate	UNKNOWN STEP	2026-01-12T16:44:33.2515404Z   }
generate	UNKNOWN STEP	2026-01-12T16:44:33.2515750Z }
generate	UNKNOWN STEP	2026-01-12T16:44:33.2515941Z violations {
generate	UNKNOWN STEP	2026-01-12T16:44:33.2516326Z   quota_metric: "generativelanguage.googleapis.com/generate_content_free_tier_requests"
generate	UNKNOWN STEP	2026-01-12T16:44:33.2516930Z   quota_id: "GenerateRequestsPerMinutePerProjectPerModel-FreeTier"
generate	UNKNOWN STEP	2026-01-12T16:44:33.2517313Z   quota_dimensions {
generate	UNKNOWN STEP	2026-01-12T16:44:33.2517533Z     key: "model"
generate	UNKNOWN STEP	2026-01-12T16:44:33.2517746Z     value: "gemini-2.5-pro"
generate	UNKNOWN STEP	2026-01-12T16:44:33.2517970Z   }
generate	UNKNOWN STEP	2026-01-12T16:44:33.2518154Z   quota_dimensions {
generate	UNKNOWN STEP	2026-01-12T16:44:33.2518361Z     key: "location"
generate	UNKNOWN STEP	2026-01-12T16:44:33.2518555Z     value: "global"
generate	UNKNOWN STEP	2026-01-12T16:44:33.2518750Z   }
generate	UNKNOWN STEP	2026-01-12T16:44:33.2518914Z }
generate	UNKNOWN STEP	2026-01-12T16:44:33.2519086Z violations {
generate	UNKNOWN STEP	2026-01-12T16:44:33.2519467Z   quota_metric: "generativelanguage.googleapis.com/generate_content_free_tier_requests"
generate	UNKNOWN STEP	2026-01-12T16:44:33.2520009Z   quota_id: "GenerateRequestsPerDayPerProjectPerModel-FreeTier"
generate	UNKNOWN STEP	2026-01-12T16:44:33.2520379Z   quota_dimensions {
generate	UNKNOWN STEP	2026-01-12T16:44:33.2520586Z     key: "model"
generate	UNKNOWN STEP	2026-01-12T16:44:33.2520793Z     value: "gemini-2.5-pro"
generate	UNKNOWN STEP	2026-01-12T16:44:33.2521018Z   }
generate	UNKNOWN STEP	2026-01-12T16:44:33.2521314Z   quota_dimensions {
generate	UNKNOWN STEP	2026-01-12T16:44:33.2534725Z     key: "location"
generate	UNKNOWN STEP	2026-01-12T16:44:33.2534970Z     value: "global"
generate	UNKNOWN STEP	2026-01-12T16:44:33.2535171Z   }
generate	UNKNOWN STEP	2026-01-12T16:44:33.2535346Z }
generate	UNKNOWN STEP	2026-01-12T16:44:33.2535534Z violations {
generate	UNKNOWN STEP	2026-01-12T16:44:33.2536099Z   quota_metric: "generativelanguage.googleapis.com/generate_content_free_tier_input_token_count"
generate	UNKNOWN STEP	2026-01-12T16:44:33.2536696Z   quota_id: "GenerateContentInputTokensPerModelPerDay-FreeTier"
generate	UNKNOWN STEP	2026-01-12T16:44:33.2537071Z   quota_dimensions {
generate	UNKNOWN STEP	2026-01-12T16:44:33.2537291Z     key: "model"
generate	UNKNOWN STEP	2026-01-12T16:44:33.2537508Z     value: "gemini-2.5-pro"
generate	UNKNOWN STEP	2026-01-12T16:44:33.2537745Z   }
generate	UNKNOWN STEP	2026-01-12T16:44:33.2537927Z   quota_dimensions {
generate	UNKNOWN STEP	2026-01-12T16:44:33.2538137Z     key: "location"
generate	UNKNOWN STEP	2026-01-12T16:44:33.2538342Z     value: "global"
generate	UNKNOWN STEP	2026-01-12T16:44:33.2538528Z   }
generate	UNKNOWN STEP	2026-01-12T16:44:33.2538696Z }
generate	UNKNOWN STEP	2026-01-12T16:44:33.2538890Z , retry_delay {
generate	UNKNOWN STEP	2026-01-12T16:44:33.2539089Z   seconds: 26
generate	UNKNOWN STEP	2026-01-12T16:44:33.2539276Z }
generate	UNKNOWN STEP	2026-01-12T16:44:33.2539443Z ]
generate	UNKNOWN STEP	2026-01-12T16:44:33.2539657Z    [FALLBACK] Trying gemini:gemini-exp-1206...
generate	UNKNOWN STEP	2026-01-12T16:44:33.3585267Z    [!] Gemini (gemini-exp-1206): 429 You exceeded your current quota, please check your plan and billing details. For more information on this error, head to: https://ai.google.dev/gemini-api/docs/rate-limits. To monitor your current usage, head to: https://ai.dev/rate-limit. 
generate	UNKNOWN STEP	2026-01-12T16:44:33.3587312Z * Quota exceeded for metric: generativelanguage.googleapis.com/generate_content_free_tier_input_token_count, limit: 0, model: gemini-2.0-pro-exp
generate	UNKNOWN STEP	2026-01-12T16:44:33.3588548Z * Quota exceeded for metric: generativelanguage.googleapis.com/generate_content_free_tier_requests, limit: 0, model: gemini-2.0-pro-exp
generate	UNKNOWN STEP	2026-01-12T16:44:33.3589726Z * Quota exceeded for metric: generativelanguage.googleapis.com/generate_content_free_tier_requests, limit: 0, model: gemini-2.0-pro-exp
generate	UNKNOWN STEP	2026-01-12T16:44:33.3591160Z * Quota exceeded for metric: generativelanguage.googleapis.com/generate_content_free_tier_input_token_count, limit: 0, model: gemini-2.0-pro-exp
generate	UNKNOWN STEP	2026-01-12T16:44:33.3592091Z Please retry in 26.662669568s. [links {
generate	UNKNOWN STEP	2026-01-12T16:44:33.3592472Z   description: "Learn more about Gemini API quotas"
generate	UNKNOWN STEP	2026-01-12T16:44:33.3593024Z   url: "https://ai.google.dev/gemini-api/docs/rate-limits"
generate	UNKNOWN STEP	2026-01-12T16:44:33.3593599Z }
generate	UNKNOWN STEP	2026-01-12T16:44:33.3593947Z , violations {
generate	UNKNOWN STEP	2026-01-12T16:44:33.3594609Z   quota_metric: "generativelanguage.googleapis.com/generate_content_free_tier_input_token_count"
generate	UNKNOWN STEP	2026-01-12T16:44:33.3595435Z   quota_id: "GenerateContentInputTokensPerModelPerMinute-FreeTier"
generate	UNKNOWN STEP	2026-01-12T16:44:33.3596131Z   quota_dimensions {
generate	UNKNOWN STEP	2026-01-12T16:44:33.3596575Z     key: "model"
generate	UNKNOWN STEP	2026-01-12T16:44:33.3597007Z     value: "gemini-2.0-pro-exp"
generate	UNKNOWN STEP	2026-01-12T16:44:33.3597502Z   }
generate	UNKNOWN STEP	2026-01-12T16:44:33.3597869Z   quota_dimensions {
generate	UNKNOWN STEP	2026-01-12T16:44:33.3598295Z     key: "location"
generate	UNKNOWN STEP	2026-01-12T16:44:33.3598723Z     value: "global"
generate	UNKNOWN STEP	2026-01-12T16:44:33.3599148Z   }
generate	UNKNOWN STEP	2026-01-12T16:44:33.3599479Z }
generate	UNKNOWN STEP	2026-01-12T16:44:33.3599824Z violations {
generate	UNKNOWN STEP	2026-01-12T16:44:33.3600322Z   quota_metric: "generativelanguage.googleapis.com/generate_content_free_tier_requests"
generate	UNKNOWN STEP	2026-01-12T16:44:33.3601025Z   quota_id: "GenerateRequestsPerMinutePerProjectPerModel-FreeTier"
generate	UNKNOWN STEP	2026-01-12T16:44:33.3601492Z   quota_dimensions {
generate	UNKNOWN STEP	2026-01-12T16:44:33.3601755Z     key: "model"
generate	UNKNOWN STEP	2026-01-12T16:44:33.3602016Z     value: "gemini-2.0-pro-exp"
generate	UNKNOWN STEP	2026-01-12T16:44:33.3602298Z   }
generate	UNKNOWN STEP	2026-01-12T16:44:33.3602520Z   quota_dimensions {
generate	UNKNOWN STEP	2026-01-12T16:44:33.3602769Z     key: "location"
generate	UNKNOWN STEP	2026-01-12T16:44:33.3603010Z     value: "global"
generate	UNKNOWN STEP	2026-01-12T16:44:33.3603245Z   }
generate	UNKNOWN STEP	2026-01-12T16:44:33.3603443Z }
generate	UNKNOWN STEP	2026-01-12T16:44:33.3603651Z violations {
generate	UNKNOWN STEP	2026-01-12T16:44:33.3604105Z   quota_metric: "generativelanguage.googleapis.com/generate_content_free_tier_requests"
generate	UNKNOWN STEP	2026-01-12T16:44:33.3604779Z   quota_id: "GenerateRequestsPerDayPerProjectPerModel-FreeTier"
generate	UNKNOWN STEP	2026-01-12T16:44:33.3605216Z   quota_dimensions {
generate	UNKNOWN STEP	2026-01-12T16:44:33.3605429Z     key: "model"
generate	UNKNOWN STEP	2026-01-12T16:44:33.3605835Z     value: "gemini-2.0-pro-exp"
generate	UNKNOWN STEP	2026-01-12T16:44:33.3606211Z   }
generate	UNKNOWN STEP	2026-01-12T16:44:33.3606407Z   quota_dimensions {
generate	UNKNOWN STEP	2026-01-12T16:44:33.3606613Z     key: "location"
generate	UNKNOWN STEP	2026-01-12T16:44:33.3606812Z     value: "global"
generate	UNKNOWN STEP	2026-01-12T16:44:33.3607007Z   }
generate	UNKNOWN STEP	2026-01-12T16:44:33.3607172Z }
generate	UNKNOWN STEP	2026-01-12T16:44:33.3607342Z violations {
generate	UNKNOWN STEP	2026-01-12T16:44:33.3607749Z   quota_metric: "generativelanguage.googleapis.com/generate_content_free_tier_input_token_count"
generate	UNKNOWN STEP	2026-01-12T16:44:33.3608322Z   quota_id: "GenerateContentInputTokensPerModelPerDay-FreeTier"
generate	UNKNOWN STEP	2026-01-12T16:44:33.3608683Z   quota_dimensions {
generate	UNKNOWN STEP	2026-01-12T16:44:33.3608885Z     key: "model"
generate	UNKNOWN STEP	2026-01-12T16:44:33.3609094Z     value: "gemini-2.0-pro-exp"
generate	UNKNOWN STEP	2026-01-12T16:44:33.3609323Z   }
generate	UNKNOWN STEP	2026-01-12T16:44:33.3609498Z   quota_dimensions {
generate	UNKNOWN STEP	2026-01-12T16:44:33.3609699Z     key: "location"
generate	UNKNOWN STEP	2026-01-12T16:44:33.3609899Z     value: "global"
generate	UNKNOWN STEP	2026-01-12T16:44:33.3610086Z   }
generate	UNKNOWN STEP	2026-01-12T16:44:33.3610249Z }
generate	UNKNOWN STEP	2026-01-12T16:44:33.3610426Z , retry_delay {
generate	UNKNOWN STEP	2026-01-12T16:44:33.3610616Z   seconds: 26
generate	UNKNOWN STEP	2026-01-12T16:44:33.3610796Z }
generate	UNKNOWN STEP	2026-01-12T16:44:33.3610964Z ]
generate	UNKNOWN STEP	2026-01-12T16:44:33.3611216Z    [FALLBACK] Trying gemini:gemini-2.5-pro-preview-tts...
generate	UNKNOWN STEP	2026-01-12T16:44:33.4784645Z    [!] Gemini (gemini-2.5-pro-preview-tts): 429 You exceeded your current quota, please check your plan and billing details. For more information on this error, head to: https://ai.google.dev/gemini-api/docs/rate-limits. To monitor your current usage, head to: https://ai.dev/rate-limit. 
generate	UNKNOWN STEP	2026-01-12T16:44:33.4786708Z * Quota exceeded for metric: generativelanguage.googleapis.com/generate_content_free_tier_input_token_count, limit: 0, model: gemini-2.5-pro-tts
generate	UNKNOWN STEP	2026-01-12T16:44:33.4787862Z * Quota exceeded for metric: generativelanguage.googleapis.com/generate_content_free_tier_requests, limit: 0, model: gemini-2.5-pro-tts
generate	UNKNOWN STEP	2026-01-12T16:44:33.4789170Z * Quota exceeded for metric: generativelanguage.googleapis.com/generate_content_free_tier_requests, limit: 0, model: gemini-2.5-pro-tts
generate	UNKNOWN STEP	2026-01-12T16:44:33.4789897Z Please retry in 26.547089704s. [links {
generate	UNKNOWN STEP	2026-01-12T16:44:33.4790259Z   description: "Learn more about Gemini API quotas"
generate	UNKNOWN STEP	2026-01-12T16:44:33.4790961Z   url: "https://ai.google.dev/gemini-api/docs/rate-limits"
generate	UNKNOWN STEP	2026-01-12T16:44:33.4791334Z }
generate	UNKNOWN STEP	2026-01-12T16:44:33.4791533Z , violations {
generate	UNKNOWN STEP	2026-01-12T16:44:33.4792064Z   quota_metric: "generativelanguage.googleapis.com/generate_content_free_tier_input_token_count"
generate	UNKNOWN STEP	2026-01-12T16:44:33.4793226Z   quota_id: "GenerateContentInputTokensPerModelPerMinute-FreeTier"
generate	UNKNOWN STEP	2026-01-12T16:44:33.4793973Z   quota_dimensions {
generate	UNKNOWN STEP	2026-01-12T16:44:33.4794387Z     key: "model"
generate	UNKNOWN STEP	2026-01-12T16:44:33.4794800Z     value: "gemini-2.5-pro-tts"
generate	UNKNOWN STEP	2026-01-12T16:44:33.4795266Z   }
generate	UNKNOWN STEP	2026-01-12T16:44:33.4795864Z   quota_dimensions {
generate	UNKNOWN STEP	2026-01-12T16:44:33.4796299Z     key: "location"
generate	UNKNOWN STEP	2026-01-12T16:44:33.4796686Z     value: "global"
generate	UNKNOWN STEP	2026-01-12T16:44:33.4797062Z   }
generate	UNKNOWN STEP	2026-01-12T16:44:33.4797380Z }
generate	UNKNOWN STEP	2026-01-12T16:44:33.4797694Z violations {
generate	UNKNOWN STEP	2026-01-12T16:44:33.4798287Z   quota_metric: "generativelanguage.googleapis.com/generate_content_free_tier_requests"
generate	UNKNOWN STEP	2026-01-12T16:44:33.4799028Z   quota_id: "GenerateRequestsPerMinutePerProjectPerModel-FreeTier"
generate	UNKNOWN STEP	2026-01-12T16:44:33.4799475Z   quota_dimensions {
generate	UNKNOWN STEP	2026-01-12T16:44:33.4799706Z     key: "model"
generate	UNKNOWN STEP	2026-01-12T16:44:33.4799944Z     value: "gemini-2.5-pro-tts"
generate	UNKNOWN STEP	2026-01-12T16:44:33.4800207Z   }
generate	UNKNOWN STEP	2026-01-12T16:44:33.4800405Z   quota_dimensions {
generate	UNKNOWN STEP	2026-01-12T16:44:33.4800636Z     key: "location"
generate	UNKNOWN STEP	2026-01-12T16:44:33.4800860Z     value: "global"
generate	UNKNOWN STEP	2026-01-12T16:44:33.4801072Z   }
generate	UNKNOWN STEP	2026-01-12T16:44:33.4801257Z }
generate	UNKNOWN STEP	2026-01-12T16:44:33.4801452Z violations {
generate	UNKNOWN STEP	2026-01-12T16:44:33.4801860Z   quota_metric: "generativelanguage.googleapis.com/generate_content_free_tier_requests"
generate	UNKNOWN STEP	2026-01-12T16:44:33.4802463Z   quota_id: "GenerateRequestsPerDayPerProjectPerModel-FreeTier"
generate	UNKNOWN STEP	2026-01-12T16:44:33.4802873Z   quota_dimensions {
generate	UNKNOWN STEP	2026-01-12T16:44:33.4803107Z     key: "model"
generate	UNKNOWN STEP	2026-01-12T16:44:33.4803338Z     value: "gemini-2.5-pro-tts"
generate	UNKNOWN STEP	2026-01-12T16:44:33.4803594Z   }
generate	UNKNOWN STEP	2026-01-12T16:44:33.4803772Z   quota_dimensions {
generate	UNKNOWN STEP	2026-01-12T16:44:33.4803981Z     key: "location"
generate	UNKNOWN STEP	2026-01-12T16:44:33.4804181Z     value: "global"
generate	UNKNOWN STEP	2026-01-12T16:44:33.4804376Z   }
generate	UNKNOWN STEP	2026-01-12T16:44:33.4804539Z }
generate	UNKNOWN STEP	2026-01-12T16:44:33.4804716Z , retry_delay {
generate	UNKNOWN STEP	2026-01-12T16:44:33.4804906Z   seconds: 26
generate	UNKNOWN STEP	2026-01-12T16:44:33.4805090Z }
generate	UNKNOWN STEP	2026-01-12T16:44:33.4805256Z ]
generate	UNKNOWN STEP	2026-01-12T16:44:33.4805464Z    [FALLBACK] Trying gemini:gemma-3-1b-it...
generate	UNKNOWN STEP	2026-01-12T16:44:37.7691670Z    [OK] Fallback succeeded with gemini:gemma-3-1b-it
generate	UNKNOWN STEP	2026-01-12T16:44:37.7692301Z [!] Content creation failed
generate	UNKNOWN STEP	2026-01-12T16:44:37.7692495Z 
generate	UNKNOWN STEP	2026-01-12T16:44:37.7692637Z ======================================================================
generate	UNKNOWN STEP	2026-01-12T16:44:37.7692993Z    COMPLETE: 0 videos
generate	UNKNOWN STEP	2026-01-12T16:44:37.7693277Z ======================================================================
generate	UNKNOWN STEP	2026-01-12T16:44:37.7693529Z 
generate	UNKNOWN STEP	2026-01-12T16:44:37.7693635Z === VIDEO DETAILS TABLE ===
generate	UNKNOWN STEP	2026-01-12T16:44:37.7694072Z ----------------------------------------------------------------------------------------------------
generate	UNKNOWN STEP	2026-01-12T16:44:37.7694673Z  # | Category        | Topic                     | Voice                | Music                | Score
generate	UNKNOWN STEP	2026-01-12T16:44:37.7695281Z ----------------------------------------------------------------------------------------------------
generate	UNKNOWN STEP	2026-01-12T16:44:37.7696191Z ----------------------------------------------------------------------------------------------------
generate	UNKNOWN STEP	2026-01-12T16:44:39.9042136Z ##[group]Run actions/upload-artifact@v4
generate	UNKNOWN STEP	2026-01-12T16:44:39.9042438Z with:
generate	UNKNOWN STEP	2026-01-12T16:44:39.9042637Z   name: generated-videos
generate	UNKNOWN STEP	2026-01-12T16:44:39.9042881Z   path: output/*.mp4
generate	UNKNOWN STEP	2026-01-12T16:44:39.9043103Z   retention-days: 3
generate	UNKNOWN STEP	2026-01-12T16:44:39.9043324Z   if-no-files-found: ignore
generate	UNKNOWN STEP	2026-01-12T16:44:39.9043566Z   compression-level: 6
generate	UNKNOWN STEP	2026-01-12T16:44:39.9043785Z   overwrite: false
generate	UNKNOWN STEP	2026-01-12T16:44:39.9043999Z   include-hidden-files: false
generate	UNKNOWN STEP	2026-01-12T16:44:39.9044239Z env:
generate	UNKNOWN STEP	2026-01-12T16:44:39.9044430Z   GEMINI_AVAILABLE: true
generate	UNKNOWN STEP	2026-01-12T16:44:39.9044736Z   pythonLocation: /opt/hostedtoolcache/Python/3.11.14/x64
generate	UNKNOWN STEP	2026-01-12T16:44:39.9045194Z   PKG_CONFIG_PATH: /opt/hostedtoolcache/Python/3.11.14/x64/lib/pkgconfig
generate	UNKNOWN STEP	2026-01-12T16:44:39.9046255Z   Python_ROOT_DIR: /opt/hostedtoolcache/Python/3.11.14/x64
generate	UNKNOWN STEP	2026-01-12T16:44:39.9046658Z   Python2_ROOT_DIR: /opt/hostedtoolcache/Python/3.11.14/x64
generate	UNKNOWN STEP	2026-01-12T16:44:39.9047045Z   Python3_ROOT_DIR: /opt/hostedtoolcache/Python/3.11.14/x64
generate	UNKNOWN STEP	2026-01-12T16:44:39.9047482Z   LD_LIBRARY_PATH: /opt/hostedtoolcache/Python/3.11.14/x64/lib
generate	UNKNOWN STEP	2026-01-12T16:44:39.9047808Z ##[endgroup]
generate	UNKNOWN STEP	2026-01-12T16:44:40.1147457Z No files were found with the provided path: output/*.mp4. No artifacts will be uploaded.
generate	UNKNOWN STEP	2026-01-12T16:44:40.1234620Z ##[group]Run echo "Checking for generated videos..."
generate	UNKNOWN STEP	2026-01-12T16:44:40.1235117Z [36;1mecho "Checking for generated videos..."[0m
generate	UNKNOWN STEP	2026-01-12T16:44:40.1235495Z [36;1mVIDEO_COUNT=$(ls output/*.mp4 2>/dev/null | wc -l)[0m
generate	UNKNOWN STEP	2026-01-12T16:44:40.1236236Z [36;1mecho "video_count=$VIDEO_COUNT" >> $GITHUB_OUTPUT[0m
generate	UNKNOWN STEP	2026-01-12T16:44:40.1236554Z [36;1m[0m
generate	UNKNOWN STEP	2026-01-12T16:44:40.1236766Z [36;1mif [ "$VIDEO_COUNT" -eq 0 ]; then[0m
generate	UNKNOWN STEP	2026-01-12T16:44:40.1237101Z [36;1m  echo "CRITICAL: No videos were generated!"[0m
generate	UNKNOWN STEP	2026-01-12T16:44:40.1237540Z [36;1m  echo "::error::VIDEO GENERATION FAILED - Check logs above for errors"[0m
generate	UNKNOWN STEP	2026-01-12T16:44:40.1237925Z [36;1m  exit 1[0m
generate	UNKNOWN STEP	2026-01-12T16:44:40.1238126Z [36;1melse[0m
generate	UNKNOWN STEP	2026-01-12T16:44:40.1238328Z [36;1m  echo ""[0m
generate	UNKNOWN STEP	2026-01-12T16:44:40.1238567Z [36;1m  echo "Generated $VIDEO_COUNT video(s)"[0m
generate	UNKNOWN STEP	2026-01-12T16:44:40.1238877Z [36;1m  for f in output/*.mp4; do[0m
generate	UNKNOWN STEP	2026-01-12T16:44:40.1239143Z [36;1m    if [ -f "$f" ]; then[0m
generate	UNKNOWN STEP	2026-01-12T16:44:40.1239569Z [36;1m      SIZE=$(stat --printf="%s" "$f" 2>/dev/null || stat -f%z "$f" 2>/dev/null)[0m
generate	UNKNOWN STEP	2026-01-12T16:44:40.1239988Z [36;1m      SIZE_MB=$((SIZE / 1024 / 1024))[0m
generate	UNKNOWN STEP	2026-01-12T16:44:40.1240293Z [36;1m      echo "   - $f (${SIZE_MB}MB)"[0m
generate	UNKNOWN STEP	2026-01-12T16:44:40.1240831Z [36;1m      ffprobe -v quiet -show_format -show_streams "$f" 2>/dev/null | grep -E "(duration|width|height|bit_rate)" || true[0m
generate	UNKNOWN STEP	2026-01-12T16:44:40.1241371Z [36;1m    fi[0m
generate	UNKNOWN STEP	2026-01-12T16:44:40.1241580Z [36;1m  done[0m
generate	UNKNOWN STEP	2026-01-12T16:44:40.1241772Z [36;1mfi[0m
generate	UNKNOWN STEP	2026-01-12T16:44:40.1275047Z shell: /usr/bin/bash -e {0}
generate	UNKNOWN STEP	2026-01-12T16:44:40.1275308Z env:
generate	UNKNOWN STEP	2026-01-12T16:44:40.1275506Z   GEMINI_AVAILABLE: true
generate	UNKNOWN STEP	2026-01-12T16:44:40.1276069Z   pythonLocation: /opt/hostedtoolcache/Python/3.11.14/x64
generate	UNKNOWN STEP	2026-01-12T16:44:40.1276534Z   PKG_CONFIG_PATH: /opt/hostedtoolcache/Python/3.11.14/x64/lib/pkgconfig
generate	UNKNOWN STEP	2026-01-12T16:44:40.1276981Z   Python_ROOT_DIR: /opt/hostedtoolcache/Python/3.11.14/x64
generate	UNKNOWN STEP	2026-01-12T16:44:40.1277378Z   Python2_ROOT_DIR: /opt/hostedtoolcache/Python/3.11.14/x64
generate	UNKNOWN STEP	2026-01-12T16:44:40.1277765Z   Python3_ROOT_DIR: /opt/hostedtoolcache/Python/3.11.14/x64
generate	UNKNOWN STEP	2026-01-12T16:44:40.1278149Z   LD_LIBRARY_PATH: /opt/hostedtoolcache/Python/3.11.14/x64/lib
generate	UNKNOWN STEP	2026-01-12T16:44:40.1278478Z ##[endgroup]
generate	UNKNOWN STEP	2026-01-12T16:44:40.1330209Z Checking for generated videos...
generate	UNKNOWN STEP	2026-01-12T16:44:40.1349607Z CRITICAL: No videos were generated!
generate	UNKNOWN STEP	2026-01-12T16:44:40.1365992Z ##[error]VIDEO GENERATION FAILED - Check logs above for errors
generate	UNKNOWN STEP	2026-01-12T16:44:40.1374335Z ##[error]Process completed with exit code 1.
generate	UNKNOWN STEP	2026-01-12T16:44:40.1443452Z ##[group]Run actions/upload-artifact@v4
generate	UNKNOWN STEP	2026-01-12T16:44:40.1443759Z with:
generate	UNKNOWN STEP	2026-01-12T16:44:40.1443960Z   name: persistent-state
generate	UNKNOWN STEP	2026-01-12T16:44:40.1444201Z   path: data/persistent/
generate	UNKNOWN STEP	2026-01-12T16:44:40.1444431Z   retention-days: 30
generate	UNKNOWN STEP	2026-01-12T16:44:40.1444654Z   if-no-files-found: ignore
generate	UNKNOWN STEP	2026-01-12T16:44:40.1444884Z   overwrite: true
generate	UNKNOWN STEP	2026-01-12T16:44:40.1445097Z   compression-level: 6
generate	UNKNOWN STEP	2026-01-12T16:44:40.1445328Z   include-hidden-files: false
generate	UNKNOWN STEP	2026-01-12T16:44:40.1445558Z env:
generate	UNKNOWN STEP	2026-01-12T16:44:40.1446019Z   GEMINI_AVAILABLE: true
generate	UNKNOWN STEP	2026-01-12T16:44:40.1446332Z   pythonLocation: /opt/hostedtoolcache/Python/3.11.14/x64
generate	UNKNOWN STEP	2026-01-12T16:44:40.1446787Z   PKG_CONFIG_PATH: /opt/hostedtoolcache/Python/3.11.14/x64/lib/pkgconfig
generate	UNKNOWN STEP	2026-01-12T16:44:40.1447228Z   Python_ROOT_DIR: /opt/hostedtoolcache/Python/3.11.14/x64
generate	UNKNOWN STEP	2026-01-12T16:44:40.1447617Z   Python2_ROOT_DIR: /opt/hostedtoolcache/Python/3.11.14/x64
generate	UNKNOWN STEP	2026-01-12T16:44:40.1448244Z   Python3_ROOT_DIR: /opt/hostedtoolcache/Python/3.11.14/x64
generate	UNKNOWN STEP	2026-01-12T16:44:40.1448670Z   LD_LIBRARY_PATH: /opt/hostedtoolcache/Python/3.11.14/x64/lib
generate	UNKNOWN STEP	2026-01-12T16:44:40.1448998Z ##[endgroup]
generate	UNKNOWN STEP	2026-01-12T16:44:40.3658985Z With the provided path, there will be 48 files uploaded
generate	UNKNOWN STEP	2026-01-12T16:44:40.4756370Z Artifact name is valid!
generate	UNKNOWN STEP	2026-01-12T16:44:40.4757800Z Root directory input is valid!
generate	UNKNOWN STEP	2026-01-12T16:44:40.7478822Z Beginning upload of artifact content to blob storage
generate	UNKNOWN STEP	2026-01-12T16:44:40.8604958Z Uploaded bytes 65055
generate	UNKNOWN STEP	2026-01-12T16:44:40.8762929Z Finished uploading artifact content to blob storage!
generate	UNKNOWN STEP	2026-01-12T16:44:40.8766469Z SHA256 digest of uploaded artifact zip is ffdcdd3d00c086954da5c77f9f017af0294da4606beb46d4203904828b6f96e5
generate	UNKNOWN STEP	2026-01-12T16:44:40.8767226Z Finalizing artifact upload
generate	UNKNOWN STEP	2026-01-12T16:44:41.0059460Z Artifact persistent-state.zip successfully finalized. Artifact ID 5100808158
generate	UNKNOWN STEP	2026-01-12T16:44:41.0060738Z Artifact persistent-state has been successfully uploaded! Final size is 65055 bytes. Artifact ID is 5100808158
generate	UNKNOWN STEP	2026-01-12T16:44:41.0068518Z Artifact download URL: https://github.com/asaadbalum2/ViralShorts-Factory/actions/runs/20926853664/artifacts/5100808158
generate	UNKNOWN STEP	2026-01-12T16:44:41.0230325Z Post job cleanup.
generate	UNKNOWN STEP	2026-01-12T16:44:41.1164288Z [command]/usr/bin/git version
generate	UNKNOWN STEP	2026-01-12T16:44:41.1205805Z git version 2.52.0
generate	UNKNOWN STEP	2026-01-12T16:44:41.1250208Z Temporarily overriding HOME='/home/runner/work/_temp/2e6cbe55-7749-4613-8f59-2d8037001bf9' before making global git config changes
generate	UNKNOWN STEP	2026-01-12T16:44:41.1251672Z Adding repository directory to the temporary git global config as a safe directory
generate	UNKNOWN STEP	2026-01-12T16:44:41.1257121Z [command]/usr/bin/git config --global --add safe.directory /home/runner/work/ViralShorts-Factory/ViralShorts-Factory
generate	UNKNOWN STEP	2026-01-12T16:44:41.1296515Z [command]/usr/bin/git config --local --name-only --get-regexp core\.sshCommand
generate	UNKNOWN STEP	2026-01-12T16:44:41.1331255Z [command]/usr/bin/git submodule foreach --recursive sh -c "git config --local --name-only --get-regexp 'core\.sshCommand' && git config --local --unset-all 'core.sshCommand' || :"
generate	UNKNOWN STEP	2026-01-12T16:44:41.1578513Z [command]/usr/bin/git config --local --name-only --get-regexp http\.https\:\/\/github\.com\/\.extraheader
generate	UNKNOWN STEP	2026-01-12T16:44:41.1601827Z http.https://github.com/.extraheader
generate	UNKNOWN STEP	2026-01-12T16:44:41.1614918Z [command]/usr/bin/git config --local --unset-all http.https://github.com/.extraheader
generate	UNKNOWN STEP	2026-01-12T16:44:41.1648251Z [command]/usr/bin/git submodule foreach --recursive sh -c "git config --local --name-only --get-regexp 'http\.https\:\/\/github\.com\/\.extraheader' && git config --local --unset-all 'http.https://github.com/.extraheader' || :"
generate	UNKNOWN STEP	2026-01-12T16:44:41.1869964Z [command]/usr/bin/git config --local --name-only --get-regexp ^includeIf\.gitdir:
generate	UNKNOWN STEP	2026-01-12T16:44:41.1900097Z [command]/usr/bin/git submodule foreach --recursive git config --local --show-origin --name-only --get-regexp remote.origin.url
generate	UNKNOWN STEP	2026-01-12T16:44:41.2225398Z Cleaning up orphan processes
